 2020-05-24 00:21:05.1553 INFO connection successful
2020-05-24 00:21:08.0181 INFO connection successful
2020-05-24 00:21:08.6251 INFO connection successful
2020-05-24 00:21:09.2328 INFO connection successful
2020-05-24 00:21:09.8450 INFO connection successful
2020-05-24 00:21:10.4548 INFO connection successful
2020-05-24 00:21:11.0645 INFO connection successful
2020-05-24 00:21:11.6709 INFO connection successful
2020-05-24 00:21:12.2784 INFO connection successful
2020-05-24 00:21:28.3149 INFO connection successful
2020-05-24 00:21:28.9283 INFO connection successful
2020-05-24 00:21:29.5374 INFO connection successful
2020-05-24 00:21:30.1332 INFO connection successful
2020-05-24 00:21:30.7397 INFO connection successful
2020-05-24 00:21:31.3591 INFO connection successful
2020-05-24 00:21:31.9682 INFO connection successful
2020-05-24 00:21:32.5785 INFO connection successful
2020-05-24 00:22:13.0552 INFO connection successful
2020-05-24 00:22:13.6552 INFO connection successful
2020-05-24 00:26:37.4892 INFO connection successful
2020-05-24 00:26:38.0968 INFO connection successful
2020-05-24 00:26:38.7044 INFO connection successful
2020-05-24 00:26:39.3185 INFO connection successful
2020-05-24 00:26:39.9653 INFO connection successful
2020-05-24 00:26:40.5318 INFO connection successful
2020-05-24 00:26:41.1420 INFO connection successful
2020-05-24 00:26:41.7475 INFO connection successful
2020-05-24 00:26:42.3516 INFO connection successful
2020-05-24 00:26:42.9575 INFO connection successful
2020-05-24 00:26:43.5654 INFO connection successful
2020-05-24 00:26:44.2502 INFO connection successful
2020-05-24 00:26:44.7839 INFO connection successful
2020-05-24 00:26:45.3961 INFO connection successful
2020-05-24 00:26:46.0043 INFO connection successful
2020-05-24 00:26:46.6124 INFO connection successful
2020-05-24 00:26:47.2369 INFO connection successful
2020-05-24 00:26:47.8450 INFO connection successful
2020-05-24 00:26:48.4509 INFO connection successful
2020-05-24 00:26:49.0633 INFO connection successful
2020-05-24 00:26:49.6675 INFO connection successful
2020-05-24 00:26:49.9815 INFO connection successful
2020-05-24 00:26:50.2791 INFO connection successful
2020-05-24 00:26:50.5840 INFO connection successful
2020-05-24 00:26:50.8822 INFO connection successful
2020-05-24 00:26:51.1934 INFO connection successful
2020-05-24 00:26:51.4888 INFO connection successful
2020-05-24 00:26:51.7997 INFO connection successful
2020-05-24 00:26:52.1000 INFO connection successful
2020-05-24 00:26:52.4512 INFO connection successful
2020-05-24 00:26:52.7070 INFO connection successful
2020-05-24 00:26:53.0242 INFO connection successful
2020-05-24 00:26:53.4152 INFO connection successful
2020-05-24 00:26:53.6305 INFO connection successful
2020-05-24 00:26:54.0322 INFO connection successful
2020-05-24 00:26:54.2383 INFO connection successful
2020-05-24 00:26:54.5358 INFO connection successful
2020-05-24 00:26:54.9323 INFO connection successful
2020-05-24 00:26:55.1448 INFO connection successful
2020-05-24 00:26:55.4545 INFO connection successful
2020-05-24 00:26:55.7564 INFO connection successful
2020-05-24 00:26:56.0655 INFO connection successful
2020-05-24 00:26:56.3675 INFO connection successful
2020-05-24 00:26:56.6781 INFO connection successful
2020-05-24 00:26:56.9754 INFO connection successful
2020-05-24 00:26:57.2844 INFO connection successful
2020-05-24 00:26:57.5830 INFO connection successful
2020-05-24 00:26:57.9069 INFO connection successful
2020-05-24 00:26:58.2042 INFO connection successful
2020-05-24 00:26:58.5142 INFO connection successful
2020-05-24 00:26:58.8128 INFO connection successful
2020-05-24 00:26:59.1230 INFO connection successful
2020-05-24 00:26:59.4252 INFO connection successful
2020-05-24 00:26:59.7344 INFO connection successful
2020-05-24 00:27:00.0191 INFO connection successful
2020-05-24 00:27:00.3309 INFO connection successful
2020-05-24 00:27:00.6300 INFO connection successful
2020-05-24 00:27:00.9419 INFO connection successful
2020-05-24 00:27:01.2364 INFO connection successful
2020-05-24 00:27:01.5551 INFO connection successful
2020-05-24 00:27:01.8470 INFO connection successful
2020-05-24 00:27:02.1595 INFO connection successful
2020-05-24 00:27:02.4550 INFO connection successful
2020-05-24 00:27:02.7742 INFO connection successful
2020-05-24 00:27:03.0685 INFO connection successful
2020-05-24 00:27:03.3806 INFO connection successful
2020-05-24 00:27:03.6776 INFO connection successful
2020-05-24 00:27:03.9905 INFO connection successful
2020-05-24 00:27:04.2932 INFO connection successful
2020-05-24 00:27:04.6035 INFO connection successful
2020-05-24 00:27:04.8919 INFO connection successful
2020-05-24 00:27:05.2092 INFO connection successful
2020-05-24 00:27:05.5051 INFO connection successful
2020-05-24 00:27:05.8224 INFO connection successful
2020-05-24 00:27:06.1140 INFO connection successful
2020-05-24 00:27:06.4367 INFO connection successful
2020-05-24 00:27:06.7323 INFO connection successful
2020-05-24 00:27:07.0466 INFO connection successful
2020-05-24 00:27:07.3427 INFO connection successful
2020-05-24 00:27:07.6571 INFO connection successful
2020-05-24 00:27:07.9514 INFO connection successful
2020-05-24 00:27:08.2609 INFO connection successful
2020-05-24 00:27:08.5654 INFO connection successful
2020-05-24 00:27:08.8716 INFO connection successful
2020-05-24 00:27:09.1739 INFO connection successful
2020-05-24 00:27:09.4723 INFO connection successful
2020-05-24 00:27:09.7701 INFO connection successful
2020-05-24 00:27:10.0828 INFO connection successful
2020-05-24 00:27:10.3801 INFO connection successful
2020-05-24 00:27:10.6916 INFO connection successful
2020-05-24 00:27:10.9884 INFO connection successful
2020-05-24 00:27:11.3021 INFO connection successful
2020-05-24 00:27:11.6002 INFO connection successful
2020-05-24 00:27:11.9122 INFO connection successful
2020-05-24 00:27:12.2063 INFO connection successful
2020-05-24 00:27:12.5212 INFO connection successful
2020-05-24 00:27:12.8246 INFO connection successful
2020-05-24 00:27:13.1306 INFO connection successful
2020-05-24 00:27:13.4278 INFO connection successful
2020-05-24 00:27:13.7368 INFO connection successful
2020-05-24 00:27:14.0370 INFO connection successful
2020-05-24 00:27:14.3453 INFO connection successful
2020-05-24 00:27:14.6456 INFO connection successful
2020-05-24 00:27:14.9580 INFO connection successful
2020-05-24 00:27:15.2550 INFO connection successful
2020-05-24 00:27:15.5645 INFO connection successful
2020-05-24 00:27:15.8639 INFO connection successful
2020-05-24 00:27:16.1764 INFO connection successful
2020-05-24 00:27:16.4722 INFO connection successful
2020-05-24 00:27:16.7890 INFO connection successful
2020-05-24 00:27:17.0846 INFO connection successful
2020-05-24 00:27:17.3973 INFO connection successful
2020-05-24 00:27:17.6943 INFO connection successful
2020-05-24 00:27:18.0064 INFO connection successful
2020-05-24 00:27:18.2990 INFO connection successful
2020-05-24 00:27:18.6272 INFO connection successful
2020-05-24 00:27:18.9214 INFO connection successful
2020-05-24 00:27:19.2369 INFO connection successful
2020-05-24 00:27:19.5301 INFO connection successful
2020-05-24 00:27:19.8437 INFO connection successful
2020-05-24 00:27:20.1422 INFO connection successful
2020-05-24 00:27:20.4494 INFO connection successful
2020-05-24 00:27:20.7518 INFO connection successful
2020-05-24 00:27:21.0650 INFO connection successful
2020-05-24 00:27:21.3475 INFO connection successful
2020-05-24 00:27:21.6617 INFO connection successful
2020-05-24 00:27:21.9569 INFO connection successful
2020-05-24 00:27:22.2695 INFO connection successful
2020-05-24 00:27:22.5668 INFO connection successful
2020-05-24 00:27:22.8793 INFO connection successful
2020-05-24 00:27:23.1755 INFO connection successful
2020-05-24 00:27:23.4877 INFO connection successful
2020-05-24 00:27:23.7868 INFO connection successful
2020-05-24 00:27:24.0986 INFO connection successful
2020-05-24 00:27:24.3948 INFO connection successful
2020-05-24 00:27:24.7076 INFO connection successful
2020-05-24 00:27:25.0025 INFO connection successful
2020-05-24 00:27:25.3212 INFO connection successful
2020-05-24 00:27:25.6128 INFO connection successful
2020-05-24 00:27:25.9240 INFO connection successful
2020-05-24 00:27:26.2273 INFO connection successful
2020-05-24 00:27:26.5360 INFO connection successful
2020-05-24 00:27:26.8319 INFO connection successful
2020-05-24 00:27:27.1476 INFO connection successful
2020-05-24 00:27:27.4442 INFO connection successful
2020-05-24 00:27:27.7525 INFO connection successful
2020-05-24 00:27:28.0532 INFO connection successful
2020-05-24 00:27:28.3625 INFO connection successful
2020-05-24 00:27:28.6616 INFO connection successful
2020-05-24 00:27:28.9726 INFO connection successful
2020-05-24 00:27:29.2713 INFO connection successful
2020-05-24 00:27:29.5833 INFO connection successful
2020-05-24 00:27:29.8785 INFO connection successful
2020-05-24 00:27:30.1944 INFO connection successful
2020-05-24 00:27:30.4882 INFO connection successful
2020-05-24 00:27:30.8012 INFO connection successful
2020-05-24 00:27:31.1004 INFO connection successful
2020-05-24 00:27:31.4122 INFO connection successful
2020-05-24 00:27:31.7046 INFO connection successful
2020-05-24 00:27:32.0231 INFO connection successful
2020-05-24 00:27:32.3184 INFO connection successful
2020-05-24 00:27:32.6304 INFO connection successful
2020-05-24 00:27:32.9350 INFO connection successful
2020-05-24 00:27:33.2518 INFO connection successful
2020-05-24 00:27:33.5470 INFO connection successful
2020-05-24 00:27:33.8586 INFO connection successful
2020-05-24 00:27:34.1564 INFO connection successful
2020-05-24 00:27:34.4710 INFO connection successful
2020-05-24 00:27:34.7703 INFO connection successful
2020-05-24 00:27:35.0809 INFO connection successful
2020-05-24 00:27:35.3635 INFO connection successful
2020-05-24 00:27:35.6785 INFO connection successful
2020-05-24 00:27:35.9710 INFO connection successful
2020-05-24 00:27:36.2870 INFO connection successful
2020-05-24 00:27:36.5825 INFO connection successful
2020-05-24 14:13:01.4563 INFO connection successful
2020-05-24 14:13:02.0620 INFO connection successful
2020-05-24 14:15:03.1610 INFO connection successful
2020-05-24 14:15:03.7910 ERROR connection problem
2020-05-24 14:15:05.8348 INFO connection successful
2020-05-24 14:15:06.4564 ERROR connection problem
2020-05-24 14:15:08.1467 INFO connection successful
2020-05-24 14:15:08.7690 ERROR connection problem
2020-05-24 14:15:40.0525 INFO connection successful
2020-05-24 14:15:40.6716 ERROR connection problem
2020-05-24 14:15:42.5039 INFO connection successful
2020-05-24 14:15:43.1247 ERROR connection problem
2020-05-24 14:16:22.0540 INFO connection successful
2020-05-24 14:16:22.6733 ERROR connection problem
2020-05-24 14:16:35.9378 INFO connection successful
2020-05-24 14:16:36.5592 ERROR connection problem
2020-05-24 14:16:38.9354 ERROR connection problem
2020-05-24 14:16:40.8295 ERROR connection problem
2020-05-24 14:17:54.8310 INFO connection successful
2020-05-24 14:17:55.4529 ERROR connection problem
2020-05-24 14:17:57.9218 ERROR connection problem
2020-05-24 14:18:00.6096 ERROR connection problem
2020-05-24 14:18:01.3748 ERROR connection problem
2020-05-24 14:18:03.4684 ERROR connection problem
2020-05-24 14:18:04.9732 ERROR connection problem
2020-05-24 14:18:06.2242 ERROR connection problem
2020-05-24 14:18:09.1107 ERROR connection problem
2020-05-24 14:18:49.8796 INFO connection successful
2020-05-24 14:18:50.4980 ERROR connection problem
2020-05-24 14:18:53.1614 ERROR connection problem
2020-05-24 14:19:08.5007 INFO connection successful
2020-05-24 14:19:09.1410 ERROR connection problem
2020-05-24 14:19:57.1390 INFO connection successful
2020-05-24 14:20:03.4394 ERROR connection problem
2020-05-24 14:21:08.9077 INFO connection successful
2020-05-24 14:21:41.0182 INFO connection successful
2020-05-24 14:21:58.3945 INFO connection successful
2020-05-24 14:22:13.3131 INFO connection successful
2020-05-24 14:22:58.1037 INFO connection successful
2020-05-24 14:23:17.3598 INFO connection successful
2020-05-24 14:29:07.6028 INFO connection successful
2020-05-24 14:30:28.2620 INFO connection successful
2020-05-24 14:30:49.6434 INFO connection successful
2020-05-24 14:30:50.6441 INFO connection successful
2020-05-24 14:30:51.6539 INFO connection successful
2020-05-24 14:32:59.1982 INFO connection successful
2020-05-24 14:33:00.1929 INFO connection successful
2020-05-24 14:33:04.0267 INFO connection successful
2020-05-24 14:33:05.0231 INFO connection successful
2020-05-24 14:33:06.0255 INFO connection successful
2020-05-24 14:33:07.0251 INFO connection successful
2020-05-24 14:33:08.0187 INFO connection successful
2020-05-24 14:33:10.7062 INFO connection successful
2020-05-24 14:33:11.7163 INFO connection successful
2020-05-24 14:33:13.6205 INFO connection successful
2020-05-24 14:33:25.3063 INFO connection successful
2020-05-24 14:35:33.9895 INFO connection successful
2020-05-24 14:35:34.9886 INFO connection successful
2020-05-24 14:35:35.9957 INFO connection successful
2020-05-24 14:35:36.9727 INFO connection successful
2020-05-24 14:35:40.2241 INFO connection successful
2020-05-24 14:35:41.2270 INFO connection successful
2020-05-24 14:35:42.2389 INFO connection successful
2020-05-24 14:35:43.2320 INFO connection successful
2020-05-24 14:35:46.3490 ERROR open connection:MySql.Data.MySqlClient.MySqlException (0x80004005): Unable to connect to any of the specified MySQL hosts. ---> System.AggregateException: Произошла одна или несколько ошибок. ---> System.Net.Sockets.SocketException: Подключение не установлено, т.к. конечный компьютер отверг запрос на подключение 127.0.0.1:3306
   в System.Net.Sockets.Socket.InternalEndConnect(IAsyncResult asyncResult)
   в System.Net.Sockets.Socket.EndConnect(IAsyncResult asyncResult)
   в System.Net.Sockets.TcpClient.EndConnect(IAsyncResult asyncResult)
   в System.Threading.Tasks.TaskFactory`1.FromAsyncCoreLogic(IAsyncResult iar, Func`2 endFunction, Action`1 endAction, Task`1 promise, Boolean requiresSynchronization)
   --- Конец трассировки внутреннего стека исключений ---
   в System.Threading.Tasks.Task.ThrowIfExceptional(Boolean includeTaskCanceledExceptions)
   в System.Threading.Tasks.Task.Wait(Int32 millisecondsTimeout, CancellationToken cancellationToken)
   в MySql.Data.Common.StreamCreator.GetTcpStream(MySqlConnectionStringBuilder settings)
   в MySql.Data.Common.StreamCreator.GetStream(MySqlConnectionStringBuilder settings)
   в MySql.Data.MySqlClient.NativeDriver.Open()
---> (Внутреннее исключение #0) System.Net.Sockets.SocketException (0x80004005): Подключение не установлено, т.к. конечный компьютер отверг запрос на подключение 127.0.0.1:3306
   в System.Net.Sockets.Socket.InternalEndConnect(IAsyncResult asyncResult)
   в System.Net.Sockets.Socket.EndConnect(IAsyncResult asyncResult)
   в System.Net.Sockets.TcpClient.EndConnect(IAsyncResult asyncResult)
   в System.Threading.Tasks.TaskFactory`1.FromAsyncCoreLogic(IAsyncResult iar, Func`2 endFunction, Action`1 endAction, Task`1 promise, Boolean requiresSynchronization)<---

   в MySql.Data.MySqlClient.NativeDriver.Open()
   в MySql.Data.MySqlClient.Driver.Open()
   в MySql.Data.MySqlClient.Driver.Create(MySqlConnectionStringBuilder settings)
   в MySql.Data.MySqlClient.MySqlPool.CreateNewPooledConnection()
   в MySql.Data.MySqlClient.MySqlPool.GetPooledConnection()
   в MySql.Data.MySqlClient.MySqlPool.TryToGetDriver()
   в MySql.Data.MySqlClient.MySqlPool.GetConnection()
   в MySql.Data.MySqlClient.MySqlConnection.Open()
   в NURESCADA.MainForm.OpenConnection() в C:\Users\alex2\Documents\GitHub\OMEGA\MySCADA\Forms\MainForm.cs:строка 43
2020-05-24 14:35:51.9962 ERROR open connection:MySql.Data.MySqlClient.MySqlException (0x80004005): Unable to connect to any of the specified MySQL hosts. ---> System.AggregateException: Произошла одна или несколько ошибок. ---> System.Net.Sockets.SocketException: Подключение не установлено, т.к. конечный компьютер отверг запрос на подключение 127.0.0.1:3306
   в System.Net.Sockets.Socket.InternalEndConnect(IAsyncResult asyncResult)
   в System.Net.Sockets.Socket.EndConnect(IAsyncResult asyncResult)
   в System.Net.Sockets.TcpClient.EndConnect(IAsyncResult asyncResult)
   в System.Threading.Tasks.TaskFactory`1.FromAsyncCoreLogic(IAsyncResult iar, Func`2 endFunction, Action`1 endAction, Task`1 promise, Boolean requiresSynchronization)
   --- Конец трассировки внутреннего стека исключений ---
   в System.Threading.Tasks.Task.ThrowIfExceptional(Boolean includeTaskCanceledExceptions)
   в System.Threading.Tasks.Task.Wait(Int32 millisecondsTimeout, CancellationToken cancellationToken)
   в MySql.Data.Common.StreamCreator.GetTcpStream(MySqlConnectionStringBuilder settings)
   в MySql.Data.Common.StreamCreator.GetStream(MySqlConnectionStringBuilder settings)
   в MySql.Data.MySqlClient.NativeDriver.Open()
---> (Внутреннее исключение #0) System.Net.Sockets.SocketException (0x80004005): Подключение не установлено, т.к. конечный компьютер отверг запрос на подключение 127.0.0.1:3306
   в System.Net.Sockets.Socket.InternalEndConnect(IAsyncResult asyncResult)
   в System.Net.Sockets.Socket.EndConnect(IAsyncResult asyncResult)
   в System.Net.Sockets.TcpClient.EndConnect(IAsyncResult asyncResult)
   в System.Threading.Tasks.TaskFactory`1.FromAsyncCoreLogic(IAsyncResult iar, Func`2 endFunction, Action`1 endAction, Task`1 promise, Boolean requiresSynchronization)<---

   в MySql.Data.MySqlClient.NativeDriver.Open()
   в MySql.Data.MySqlClient.Driver.Open()
   в MySql.Data.MySqlClient.Driver.Create(MySqlConnectionStringBuilder settings)
   в MySql.Data.MySqlClient.MySqlPool.CreateNewPooledConnection()
   в MySql.Data.MySqlClient.MySqlPool.GetPooledConnection()
   в MySql.Data.MySqlClient.MySqlPool.TryToGetDriver()
   в MySql.Data.MySqlClient.MySqlPool.GetConnection()
   в MySql.Data.MySqlClient.MySqlConnection.Open()
   в NURESCADA.MainForm.OpenConnection() в C:\Users\alex2\Documents\GitHub\OMEGA\MySCADA\Forms\MainForm.cs:строка 43
2020-05-24 14:36:56.9986 ERROR open connection:MySql.Data.MySqlClient.MySqlException (0x80004005): Unable to connect to any of the specified MySQL hosts. ---> System.AggregateException: Произошла одна или несколько ошибок. ---> System.Net.Sockets.SocketException: Подключение не установлено, т.к. конечный компьютер отверг запрос на подключение 127.0.0.1:3306
   в System.Net.Sockets.Socket.InternalEndConnect(IAsyncResult asyncResult)
   в System.Net.Sockets.Socket.EndConnect(IAsyncResult asyncResult)
   в System.Net.Sockets.TcpClient.EndConnect(IAsyncResult asyncResult)
   в System.Threading.Tasks.TaskFactory`1.FromAsyncCoreLogic(IAsyncResult iar, Func`2 endFunction, Action`1 endAction, Task`1 promise, Boolean requiresSynchronization)
   --- Конец трассировки внутреннего стека исключений ---
   в System.Threading.Tasks.Task.ThrowIfExceptional(Boolean includeTaskCanceledExceptions)
   в System.Threading.Tasks.Task.Wait(Int32 millisecondsTimeout, CancellationToken cancellationToken)
   в MySql.Data.Common.StreamCreator.GetTcpStream(MySqlConnectionStringBuilder settings)
   в MySql.Data.Common.StreamCreator.GetStream(MySqlConnectionStringBuilder settings)
   в MySql.Data.MySqlClient.NativeDriver.Open()
---> (Внутреннее исключение #0) System.Net.Sockets.SocketException (0x80004005): Подключение не установлено, т.к. конечный компьютер отверг запрос на подключение 127.0.0.1:3306
   в System.Net.Sockets.Socket.InternalEndConnect(IAsyncResult asyncResult)
   в System.Net.Sockets.Socket.EndConnect(IAsyncResult asyncResult)
   в System.Net.Sockets.TcpClient.EndConnect(IAsyncResult asyncResult)
   в System.Threading.Tasks.TaskFactory`1.FromAsyncCoreLogic(IAsyncResult iar, Func`2 endFunction, Action`1 endAction, Task`1 promise, Boolean requiresSynchronization)<---

   в MySql.Data.MySqlClient.NativeDriver.Open()
   в MySql.Data.MySqlClient.Driver.Open()
   в MySql.Data.MySqlClient.Driver.Create(MySqlConnectionStringBuilder settings)
   в MySql.Data.MySqlClient.MySqlPool.CreateNewPooledConnection()
   в MySql.Data.MySqlClient.MySqlPool.GetPooledConnection()
   в MySql.Data.MySqlClient.MySqlPool.TryToGetDriver()
   в MySql.Data.MySqlClient.MySqlPool.GetConnection()
   в MySql.Data.MySqlClient.MySqlConnection.Open()
   в NURESCADA.MainForm.OpenConnection() в C:\Users\alex2\Documents\GitHub\OMEGA\MySCADA\Forms\MainForm.cs:строка 42
2020-05-24 14:37:02.0256 ERROR open connection:MySql.Data.MySqlClient.MySqlException (0x80004005): Unable to connect to any of the specified MySQL hosts. ---> System.AggregateException: Произошла одна или несколько ошибок. ---> System.Net.Sockets.SocketException: Подключение не установлено, т.к. конечный компьютер отверг запрос на подключение 127.0.0.1:3306
   в System.Net.Sockets.Socket.InternalEndConnect(IAsyncResult asyncResult)
   в System.Net.Sockets.Socket.EndConnect(IAsyncResult asyncResult)
   в System.Net.Sockets.TcpClient.EndConnect(IAsyncResult asyncResult)
   в System.Threading.Tasks.TaskFactory`1.FromAsyncCoreLogic(IAsyncResult iar, Func`2 endFunction, Action`1 endAction, Task`1 promise, Boolean requiresSynchronization)
   --- Конец трассировки внутреннего стека исключений ---
   в System.Threading.Tasks.Task.ThrowIfExceptional(Boolean includeTaskCanceledExceptions)
   в System.Threading.Tasks.Task.Wait(Int32 millisecondsTimeout, CancellationToken cancellationToken)
   в MySql.Data.Common.StreamCreator.GetTcpStream(MySqlConnectionStringBuilder settings)
   в MySql.Data.Common.StreamCreator.GetStream(MySqlConnectionStringBuilder settings)
   в MySql.Data.MySqlClient.NativeDriver.Open()
---> (Внутреннее исключение #0) System.Net.Sockets.SocketException (0x80004005): Подключение не установлено, т.к. конечный компьютер отверг запрос на подключение 127.0.0.1:3306
   в System.Net.Sockets.Socket.InternalEndConnect(IAsyncResult asyncResult)
   в System.Net.Sockets.Socket.EndConnect(IAsyncResult asyncResult)
   в System.Net.Sockets.TcpClient.EndConnect(IAsyncResult asyncResult)
   в System.Threading.Tasks.TaskFactory`1.FromAsyncCoreLogic(IAsyncResult iar, Func`2 endFunction, Action`1 endAction, Task`1 promise, Boolean requiresSynchronization)<---

   в MySql.Data.MySqlClient.NativeDriver.Open()
   в MySql.Data.MySqlClient.Driver.Open()
   в MySql.Data.MySqlClient.Driver.Create(MySqlConnectionStringBuilder settings)
   в MySql.Data.MySqlClient.MySqlPool.CreateNewPooledConnection()
   в MySql.Data.MySqlClient.MySqlPool.GetPooledConnection()
   в MySql.Data.MySqlClient.MySqlPool.TryToGetDriver()
   в MySql.Data.MySqlClient.MySqlPool.GetConnection()
   в MySql.Data.MySqlClient.MySqlConnection.Open()
   в NURESCADA.MainForm.OpenConnection() в C:\Users\alex2\Documents\GitHub\OMEGA\MySCADA\Forms\MainForm.cs:строка 42
2020-05-24 14:37:07.4408 ERROR open connection:MySql.Data.MySqlClient.MySqlException (0x80004005): Unable to connect to any of the specified MySQL hosts. ---> System.AggregateException: Произошла одна или несколько ошибок. ---> System.Net.Sockets.SocketException: Подключение не установлено, т.к. конечный компьютер отверг запрос на подключение 127.0.0.1:3306
   в System.Net.Sockets.Socket.InternalEndConnect(IAsyncResult asyncResult)
   в System.Net.Sockets.Socket.EndConnect(IAsyncResult asyncResult)
   в System.Net.Sockets.TcpClient.EndConnect(IAsyncResult asyncResult)
   в System.Threading.Tasks.TaskFactory`1.FromAsyncCoreLogic(IAsyncResult iar, Func`2 endFunction, Action`1 endAction, Task`1 promise, Boolean requiresSynchronization)
   --- Конец трассировки внутреннего стека исключений ---
   в System.Threading.Tasks.Task.ThrowIfExceptional(Boolean includeTaskCanceledExceptions)
   в System.Threading.Tasks.Task.Wait(Int32 millisecondsTimeout, CancellationToken cancellationToken)
   в MySql.Data.Common.StreamCreator.GetTcpStream(MySqlConnectionStringBuilder settings)
   в MySql.Data.Common.StreamCreator.GetStream(MySqlConnectionStringBuilder settings)
   в MySql.Data.MySqlClient.NativeDriver.Open()
---> (Внутреннее исключение #0) System.Net.Sockets.SocketException (0x80004005): Подключение не установлено, т.к. конечный компьютер отверг запрос на подключение 127.0.0.1:3306
   в System.Net.Sockets.Socket.InternalEndConnect(IAsyncResult asyncResult)
   в System.Net.Sockets.Socket.EndConnect(IAsyncResult asyncResult)
   в System.Net.Sockets.TcpClient.EndConnect(IAsyncResult asyncResult)
   в System.Threading.Tasks.TaskFactory`1.FromAsyncCoreLogic(IAsyncResult iar, Func`2 endFunction, Action`1 endAction, Task`1 promise, Boolean requiresSynchronization)<---

   в MySql.Data.MySqlClient.NativeDriver.Open()
   в MySql.Data.MySqlClient.Driver.Open()
   в MySql.Data.MySqlClient.Driver.Create(MySqlConnectionStringBuilder settings)
   в MySql.Data.MySqlClient.MySqlPool.CreateNewPooledConnection()
   в MySql.Data.MySqlClient.MySqlPool.GetPooledConnection()
   в MySql.Data.MySqlClient.MySqlPool.TryToGetDriver()
   в MySql.Data.MySqlClient.MySqlPool.GetConnection()
   в MySql.Data.MySqlClient.MySqlConnection.Open()
   в NURESCADA.MainForm.OpenConnection() в C:\Users\alex2\Documents\GitHub\OMEGA\MySCADA\Forms\MainForm.cs:строка 42
2020-05-24 14:37:12.1336 ERROR open connection:MySql.Data.MySqlClient.MySqlException (0x80004005): Unable to connect to any of the specified MySQL hosts. ---> System.AggregateException: Произошла одна или несколько ошибок. ---> System.Net.Sockets.SocketException: Подключение не установлено, т.к. конечный компьютер отверг запрос на подключение 127.0.0.1:3306
   в System.Net.Sockets.Socket.InternalEndConnect(IAsyncResult asyncResult)
   в System.Net.Sockets.Socket.EndConnect(IAsyncResult asyncResult)
   в System.Net.Sockets.TcpClient.EndConnect(IAsyncResult asyncResult)
   в System.Threading.Tasks.TaskFactory`1.FromAsyncCoreLogic(IAsyncResult iar, Func`2 endFunction, Action`1 endAction, Task`1 promise, Boolean requiresSynchronization)
   --- Конец трассировки внутреннего стека исключений ---
   в System.Threading.Tasks.Task.ThrowIfExceptional(Boolean includeTaskCanceledExceptions)
   в System.Threading.Tasks.Task.Wait(Int32 millisecondsTimeout, CancellationToken cancellationToken)
   в MySql.Data.Common.StreamCreator.GetTcpStream(MySqlConnectionStringBuilder settings)
   в MySql.Data.Common.StreamCreator.GetStream(MySqlConnectionStringBuilder settings)
   в MySql.Data.MySqlClient.NativeDriver.Open()
---> (Внутреннее исключение #0) System.Net.Sockets.SocketException (0x80004005): Подключение не установлено, т.к. конечный компьютер отверг запрос на подключение 127.0.0.1:3306
   в System.Net.Sockets.Socket.InternalEndConnect(IAsyncResult asyncResult)
   в System.Net.Sockets.Socket.EndConnect(IAsyncResult asyncResult)
   в System.Net.Sockets.TcpClient.EndConnect(IAsyncResult asyncResult)
   в System.Threading.Tasks.TaskFactory`1.FromAsyncCoreLogic(IAsyncResult iar, Func`2 endFunction, Action`1 endAction, Task`1 promise, Boolean requiresSynchronization)<---

   в MySql.Data.MySqlClient.NativeDriver.Open()
   в MySql.Data.MySqlClient.Driver.Open()
   в MySql.Data.MySqlClient.Driver.Create(MySqlConnectionStringBuilder settings)
   в MySql.Data.MySqlClient.MySqlPool.CreateNewPooledConnection()
   в MySql.Data.MySqlClient.MySqlPool.GetPooledConnection()
   в MySql.Data.MySqlClient.MySqlPool.TryToGetDriver()
   в MySql.Data.MySqlClient.MySqlPool.GetConnection()
   в MySql.Data.MySqlClient.MySqlConnection.Open()
   в NURESCADA.MainForm.OpenConnection() в C:\Users\alex2\Documents\GitHub\OMEGA\MySCADA\Forms\MainForm.cs:строка 42
2020-05-24 14:37:47.3537 ERROR open connection:MySql.Data.MySqlClient.MySqlException (0x80004005): Unable to connect to any of the specified MySQL hosts. ---> System.AggregateException: Произошла одна или несколько ошибок. ---> System.Net.Sockets.SocketException: Подключение не установлено, т.к. конечный компьютер отверг запрос на подключение 127.0.0.1:3306
   в System.Net.Sockets.Socket.InternalEndConnect(IAsyncResult asyncResult)
   в System.Net.Sockets.Socket.EndConnect(IAsyncResult asyncResult)
   в System.Net.Sockets.TcpClient.EndConnect(IAsyncResult asyncResult)
   в System.Threading.Tasks.TaskFactory`1.FromAsyncCoreLogic(IAsyncResult iar, Func`2 endFunction, Action`1 endAction, Task`1 promise, Boolean requiresSynchronization)
   --- Конец трассировки внутреннего стека исключений ---
   в System.Threading.Tasks.Task.ThrowIfExceptional(Boolean includeTaskCanceledExceptions)
   в System.Threading.Tasks.Task.Wait(Int32 millisecondsTimeout, CancellationToken cancellationToken)
   в MySql.Data.Common.StreamCreator.GetTcpStream(MySqlConnectionStringBuilder settings)
   в MySql.Data.Common.StreamCreator.GetStream(MySqlConnectionStringBuilder settings)
   в MySql.Data.MySqlClient.NativeDriver.Open()
---> (Внутреннее исключение #0) System.Net.Sockets.SocketException (0x80004005): Подключение не установлено, т.к. конечный компьютер отверг запрос на подключение 127.0.0.1:3306
   в System.Net.Sockets.Socket.InternalEndConnect(IAsyncResult asyncResult)
   в System.Net.Sockets.Socket.EndConnect(IAsyncResult asyncResult)
   в System.Net.Sockets.TcpClient.EndConnect(IAsyncResult asyncResult)
   в System.Threading.Tasks.TaskFactory`1.FromAsyncCoreLogic(IAsyncResult iar, Func`2 endFunction, Action`1 endAction, Task`1 promise, Boolean requiresSynchronization)<---

   в MySql.Data.MySqlClient.NativeDriver.Open()
   в MySql.Data.MySqlClient.Driver.Open()
   в MySql.Data.MySqlClient.Driver.Create(MySqlConnectionStringBuilder settings)
   в MySql.Data.MySqlClient.MySqlPool.CreateNewPooledConnection()
   в MySql.Data.MySqlClient.MySqlPool.GetPooledConnection()
   в MySql.Data.MySqlClient.MySqlPool.TryToGetDriver()
   в MySql.Data.MySqlClient.MySqlPool.GetConnection()
   в MySql.Data.MySqlClient.MySqlConnection.Open()
   в NURESCADA.MainForm.OpenConnection() в C:\Users\alex2\Documents\GitHub\OMEGA\MySCADA\Forms\MainForm.cs:строка 42
2020-05-24 14:37:52.2773 ERROR open connection:MySql.Data.MySqlClient.MySqlException (0x80004005): Unable to connect to any of the specified MySQL hosts. ---> System.AggregateException: Произошла одна или несколько ошибок. ---> System.Net.Sockets.SocketException: Подключение не установлено, т.к. конечный компьютер отверг запрос на подключение 127.0.0.1:3306
   в System.Net.Sockets.Socket.InternalEndConnect(IAsyncResult asyncResult)
   в System.Net.Sockets.Socket.EndConnect(IAsyncResult asyncResult)
   в System.Net.Sockets.TcpClient.EndConnect(IAsyncResult asyncResult)
   в System.Threading.Tasks.TaskFactory`1.FromAsyncCoreLogic(IAsyncResult iar, Func`2 endFunction, Action`1 endAction, Task`1 promise, Boolean requiresSynchronization)
   --- Конец трассировки внутреннего стека исключений ---
   в System.Threading.Tasks.Task.ThrowIfExceptional(Boolean includeTaskCanceledExceptions)
   в System.Threading.Tasks.Task.Wait(Int32 millisecondsTimeout, CancellationToken cancellationToken)
   в MySql.Data.Common.StreamCreator.GetTcpStream(MySqlConnectionStringBuilder settings)
   в MySql.Data.Common.StreamCreator.GetStream(MySqlConnectionStringBuilder settings)
   в MySql.Data.MySqlClient.NativeDriver.Open()
---> (Внутреннее исключение #0) System.Net.Sockets.SocketException (0x80004005): Подключение не установлено, т.к. конечный компьютер отверг запрос на подключение 127.0.0.1:3306
   в System.Net.Sockets.Socket.InternalEndConnect(IAsyncResult asyncResult)
   в System.Net.Sockets.Socket.EndConnect(IAsyncResult asyncResult)
   в System.Net.Sockets.TcpClient.EndConnect(IAsyncResult asyncResult)
   в System.Threading.Tasks.TaskFactory`1.FromAsyncCoreLogic(IAsyncResult iar, Func`2 endFunction, Action`1 endAction, Task`1 promise, Boolean requiresSynchronization)<---

   в MySql.Data.MySqlClient.NativeDriver.Open()
   в MySql.Data.MySqlClient.Driver.Open()
   в MySql.Data.MySqlClient.Driver.Create(MySqlConnectionStringBuilder settings)
   в MySql.Data.MySqlClient.MySqlPool.CreateNewPooledConnection()
   в MySql.Data.MySqlClient.MySqlPool.GetPooledConnection()
   в MySql.Data.MySqlClient.MySqlPool.TryToGetDriver()
   в MySql.Data.MySqlClient.MySqlPool.GetConnection()
   в MySql.Data.MySqlClient.MySqlConnection.Open()
   в NURESCADA.MainForm.OpenConnection() в C:\Users\alex2\Documents\GitHub\OMEGA\MySCADA\Forms\MainForm.cs:строка 42
2020-05-24 14:38:05.0631 INFO connection successful
2020-05-24 14:38:05.8357 INFO connection successful
2020-05-24 14:38:06.8248 INFO connection successful
2020-05-24 15:02:45.9171 INFO connection successful
2020-05-24 15:02:46.6912 INFO connection successful
2020-05-24 15:02:47.6891 INFO connection successful
2020-05-24 15:02:49.0255 INFO connection successful
2020-05-24 15:02:50.0357 INFO connection successful
2020-05-24 15:02:51.0342 INFO connection successful
2020-05-24 15:02:55.9756 INFO connection successful
2020-05-24 15:02:56.9826 INFO connection successful
2020-05-24 15:02:58.0066 INFO connection successful
2020-05-24 15:02:58.9823 INFO connection successful
2020-05-24 15:02:59.9811 INFO connection successful
2020-05-24 16:02:20.0130 INFO connection successful
2020-05-24 16:02:21.0806 INFO connection successful
2020-05-24 16:02:22.0912 INFO connection successful
2020-05-24 16:02:23.0054 INFO connection successful
2020-05-24 16:02:24.0044 INFO connection successful
2020-05-24 16:02:25.0065 INFO connection successful
2020-05-24 16:02:26.0119 INFO connection successful
2020-05-24 16:02:26.9885 INFO connection successful
2020-05-24 16:02:27.9928 INFO connection successful
2020-05-24 16:02:28.9956 INFO connection successful
2020-05-24 16:02:29.9905 INFO connection successful
2020-05-24 16:02:30.9906 INFO connection successful
2020-05-24 16:47:23.5622 INFO connection successful
2020-05-24 16:47:33.2988 INFO connection successful
2020-05-24 16:48:21.6638 INFO connection successful
2020-05-24 16:48:43.7742 INFO connection successful
2020-05-24 16:49:10.1951 INFO connection successful
2020-05-24 16:49:11.1864 INFO connection successful
2020-05-24 16:49:12.1938 INFO connection successful
2020-05-24 16:49:13.1891 INFO connection successful
2020-05-24 16:49:14.1883 INFO connection successful
2020-05-24 16:49:14.8534 INFO connection successful
2020-05-24 16:49:15.1931 INFO connection successful
2020-05-24 16:49:16.1771 INFO connection successful
2020-05-24 16:49:17.1809 INFO connection successful
2020-05-24 16:49:18.1828 INFO connection successful
2020-05-24 16:49:18.8303 INFO connection successful
2020-05-24 16:49:19.1775 INFO connection successful
2020-05-24 16:49:20.1899 INFO connection successful
2020-05-24 16:49:21.1873 INFO connection successful
2020-05-24 16:49:22.1925 INFO connection successful
2020-05-24 16:49:23.1993 INFO connection successful
2020-05-24 16:49:24.1862 INFO connection successful
2020-05-24 16:49:25.1917 INFO connection successful
2020-05-24 16:49:26.1889 INFO connection successful
2020-05-24 16:49:27.1847 INFO connection successful
2020-05-24 16:49:28.1947 INFO connection successful
2020-05-24 16:49:29.1917 INFO connection successful
2020-05-24 16:49:30.1895 INFO connection successful
2020-05-24 16:49:31.1808 INFO connection successful
2020-05-24 16:49:32.1762 INFO connection successful
2020-05-24 16:49:33.1827 INFO connection successful
2020-05-24 16:49:34.1781 INFO connection successful
2020-05-24 16:49:35.1774 INFO connection successful
2020-05-24 16:49:36.1823 INFO connection successful
2020-05-24 16:49:36.5468 INFO connection successful
2020-05-24 16:49:37.1806 INFO connection successful
2020-05-24 16:49:38.1766 INFO connection successful
2020-05-24 16:49:39.1788 INFO connection successful
2020-05-24 16:49:40.1815 INFO connection successful
2020-05-24 16:49:41.1745 INFO connection successful
2020-05-24 16:49:42.1793 INFO connection successful
2020-05-24 16:49:43.1743 INFO connection successful
2020-05-24 16:49:44.1893 INFO connection successful
2020-05-24 16:49:45.1955 INFO connection successful
2020-05-24 16:49:46.1923 INFO connection successful
2020-05-24 16:49:47.1918 INFO connection successful
2020-05-24 16:49:48.1852 INFO connection successful
2020-05-24 16:49:49.1902 INFO connection successful
2020-05-24 16:49:50.1905 INFO connection successful
2020-05-24 16:49:50.9676 INFO connection successful
2020-05-24 16:49:51.1907 INFO connection successful
2020-05-24 16:49:52.1889 INFO connection successful
2020-05-24 16:49:53.2046 INFO connection successful
2020-05-24 16:49:54.1817 INFO connection successful
2020-05-24 16:49:55.1763 INFO connection successful
2020-05-24 16:49:56.1787 INFO connection successful
2020-05-24 16:49:57.1755 INFO connection successful
2020-05-24 16:49:58.1796 INFO connection successful
2020-05-24 16:49:59.1752 INFO connection successful
2020-05-24 16:50:00.1765 INFO connection successful
2020-05-24 16:50:01.1818 INFO connection successful
2020-05-24 16:50:02.1781 INFO connection successful
2020-05-24 16:50:03.1783 INFO connection successful
2020-05-24 16:50:04.1757 INFO connection successful
2020-05-24 16:50:05.1784 INFO connection successful
2020-05-24 16:50:06.1753 INFO connection successful
2020-05-24 16:50:07.1769 INFO connection successful
2020-05-24 16:50:08.1795 INFO connection successful
2020-05-24 16:50:09.1804 INFO connection successful
2020-05-24 16:50:10.1763 INFO connection successful
2020-05-24 16:50:11.1732 INFO connection successful
2020-05-24 16:50:12.1868 INFO connection successful
2020-05-24 16:50:13.1814 INFO connection successful
2020-05-24 16:50:14.1809 INFO connection successful
2020-05-24 16:50:15.1743 INFO connection successful
2020-05-24 16:50:16.1810 INFO connection successful
2020-05-24 16:50:17.1806 INFO connection successful
2020-05-24 16:50:18.1816 INFO connection successful
2020-05-24 16:50:19.1951 INFO connection successful
2020-05-24 16:50:20.1948 INFO connection successful
2020-05-24 16:50:21.1898 INFO connection successful
2020-05-24 16:50:22.1881 INFO connection successful
2020-05-24 16:50:23.1903 INFO connection successful
2020-05-24 16:50:24.1905 INFO connection successful
2020-05-24 16:50:25.1925 INFO connection successful
2020-05-24 16:50:26.1882 INFO connection successful
2020-05-24 16:50:27.1942 INFO connection successful
2020-05-24 16:50:28.1828 INFO connection successful
2020-05-24 16:50:29.1774 INFO connection successful
2020-05-24 16:50:30.1844 INFO connection successful
2020-05-24 16:50:31.1798 INFO connection successful
2020-05-24 16:50:32.1776 INFO connection successful
2020-05-24 16:50:33.1759 INFO connection successful
2020-05-24 16:50:34.1842 INFO connection successful
2020-05-24 16:50:35.1791 INFO connection successful
2020-05-24 16:50:36.1858 INFO connection successful
2020-05-24 16:50:37.1878 INFO connection successful
2020-05-24 16:50:38.1758 INFO connection successful
2020-05-24 16:50:39.1814 INFO connection successful
2020-05-24 16:50:40.1783 INFO connection successful
2020-05-24 16:50:41.1804 INFO connection successful
2020-05-24 16:50:42.1799 INFO connection successful
2020-05-24 16:50:43.1820 INFO connection successful
2020-05-24 16:50:44.1786 INFO connection successful
2020-05-24 16:50:45.1736 INFO connection successful
2020-05-24 16:50:46.1833 INFO connection successful
2020-05-24 16:50:47.1759 INFO connection successful
2020-05-24 16:50:48.1861 INFO connection successful
2020-05-24 16:50:49.1780 INFO connection successful
2020-05-24 16:50:49.6638 INFO connection successful
2020-05-24 16:50:50.1799 INFO connection successful
2020-05-24 16:50:51.1790 INFO connection successful
2020-05-24 16:50:52.1803 INFO connection successful
2020-05-24 16:50:53.1786 INFO connection successful
2020-05-24 16:50:54.1766 INFO connection successful
2020-05-24 16:50:55.1793 INFO connection successful
2020-05-24 16:50:56.1768 INFO connection successful
2020-05-24 16:50:57.1780 INFO connection successful
2020-05-24 16:50:58.1819 INFO connection successful
2020-05-24 16:50:59.1812 INFO connection successful
2020-05-24 16:51:00.1844 INFO connection successful
2020-05-24 16:51:01.1899 INFO connection successful
2020-05-24 16:51:02.1925 INFO connection successful
2020-05-24 16:51:03.1827 INFO connection successful
2020-05-24 16:51:04.1892 INFO connection successful
2020-05-24 16:51:05.1955 INFO connection successful
2020-05-24 16:51:06.1922 INFO connection successful
2020-05-24 16:51:07.1751 INFO connection successful
2020-05-24 16:51:08.1799 INFO connection successful
2020-05-24 16:51:09.1753 INFO connection successful
2020-05-24 16:51:10.1751 INFO connection successful
2020-05-24 16:51:11.1798 INFO connection successful
2020-05-24 16:51:12.1739 INFO connection successful
2020-05-24 16:51:13.1761 INFO connection successful
2020-05-24 16:51:14.1862 INFO connection successful
2020-05-24 16:51:15.1803 INFO connection successful
2020-05-24 16:51:16.1761 INFO connection successful
2020-05-24 16:51:17.1744 INFO connection successful
2020-05-24 16:51:18.1780 INFO connection successful
2020-05-24 16:51:19.1733 INFO connection successful
2020-05-24 16:51:20.1741 INFO connection successful
2020-05-24 16:51:21.1840 INFO connection successful
2020-05-24 16:51:22.1797 INFO connection successful
2020-05-24 16:51:23.1740 INFO connection successful
2020-05-24 16:51:24.1747 INFO connection successful
2020-05-24 16:51:25.1775 INFO connection successful
2020-05-24 16:51:26.1877 INFO connection successful
2020-05-24 16:51:27.1789 INFO connection successful
2020-05-24 16:51:28.1819 INFO connection successful
2020-05-24 16:51:29.1773 INFO connection successful
2020-05-24 16:51:30.1760 INFO connection successful
2020-05-24 16:51:31.1779 INFO connection successful
2020-05-24 16:51:32.1768 INFO connection successful
2020-05-24 16:51:33.1789 INFO connection successful
2020-05-24 16:51:34.1796 INFO connection successful
2020-05-24 16:51:35.1769 INFO connection successful
2020-05-24 16:51:36.1828 INFO connection successful
2020-05-24 16:51:37.1784 INFO connection successful
2020-05-24 16:51:38.1800 INFO connection successful
2020-05-24 16:51:39.1784 INFO connection successful
2020-05-24 16:51:40.1740 INFO connection successful
2020-05-24 16:51:41.1784 INFO connection successful
2020-05-24 16:51:42.1756 INFO connection successful
2020-05-24 16:51:43.1768 INFO connection successful
2020-05-24 16:51:44.1773 INFO connection successful
2020-05-24 16:51:45.1960 INFO connection successful
2020-05-24 16:51:46.1936 INFO connection successful
2020-05-24 16:51:47.1935 INFO connection successful
2020-05-24 16:51:48.1883 INFO connection successful
2020-05-24 16:51:49.1918 INFO connection successful
2020-05-24 16:51:50.1848 INFO connection successful
2020-05-24 16:51:51.1940 INFO connection successful
2020-05-24 16:51:52.1795 INFO connection successful
2020-05-24 16:51:53.1802 INFO connection successful
2020-05-24 16:51:54.1808 INFO connection successful
2020-05-24 16:51:55.1818 INFO connection successful
2020-05-24 16:51:56.1827 INFO connection successful
2020-05-24 16:51:57.1765 INFO connection successful
2020-05-24 16:51:58.1807 INFO connection successful
2020-05-24 16:51:59.1766 INFO connection successful
2020-05-24 16:52:00.1769 INFO connection successful
2020-05-24 16:52:01.1843 INFO connection successful
2020-05-24 16:52:02.1788 INFO connection successful
2020-05-24 16:52:03.1820 INFO connection successful
2020-05-24 16:52:04.1757 INFO connection successful
2020-05-24 16:52:05.1806 INFO connection successful
2020-05-24 16:52:06.1759 INFO connection successful
2020-05-24 16:52:07.1751 INFO connection successful
2020-05-24 16:52:08.1840 INFO connection successful
2020-05-24 16:52:09.1792 INFO connection successful
2020-05-24 16:52:10.1788 INFO connection successful
2020-05-24 16:52:11.1798 INFO connection successful
2020-05-24 16:52:12.1807 INFO connection successful
2020-05-24 16:52:13.1824 INFO connection successful
2020-05-24 16:52:14.1823 INFO connection successful
2020-05-24 16:52:15.1808 INFO connection successful
2020-05-24 16:52:16.1793 INFO connection successful
2020-05-24 16:52:17.1796 INFO connection successful
2020-05-24 16:52:18.1769 INFO connection successful
2020-05-24 16:52:19.1801 INFO connection successful
2020-05-24 16:52:20.1829 INFO connection successful
2020-05-24 16:52:21.1812 INFO connection successful
2020-05-24 16:52:22.1791 INFO connection successful
2020-05-24 16:52:23.1750 INFO connection successful
2020-05-24 16:52:24.1817 INFO connection successful
2020-05-24 16:52:25.1770 INFO connection successful
2020-05-24 16:52:26.1810 INFO connection successful
2020-05-24 16:52:27.1837 INFO connection successful
2020-05-24 16:52:28.1796 INFO connection successful
2020-05-24 16:52:29.1835 INFO connection successful
2020-05-24 16:52:30.1761 INFO connection successful
2020-05-24 16:52:31.1823 INFO connection successful
2020-05-24 16:52:32.1763 INFO connection successful
2020-05-24 16:52:33.1807 INFO connection successful
2020-05-24 16:52:34.1814 INFO connection successful
2020-05-24 16:52:35.1779 INFO connection successful
2020-05-24 16:52:36.1947 INFO connection successful
2020-05-24 16:52:37.1850 INFO connection successful
2020-05-24 16:52:38.1974 INFO connection successful
2020-05-24 16:52:39.1848 INFO connection successful
2020-05-24 16:52:40.1893 INFO connection successful
2020-05-24 16:52:41.1863 INFO connection successful
2020-05-24 16:52:42.1932 INFO connection successful
2020-05-24 16:52:43.1781 INFO connection successful
2020-05-24 16:52:44.1807 INFO connection successful
2020-05-24 16:52:45.1838 INFO connection successful
2020-05-24 16:52:46.1786 INFO connection successful
2020-05-24 16:52:47.1807 INFO connection successful
2020-05-24 16:52:48.1762 INFO connection successful
2020-05-24 16:52:49.1831 INFO connection successful
2020-05-24 16:52:50.1785 INFO connection successful
2020-05-24 16:52:51.1800 INFO connection successful
2020-05-24 16:52:52.1759 INFO connection successful
2020-05-24 16:52:53.1842 INFO connection successful
2020-05-24 16:52:54.1801 INFO connection successful
2020-05-24 16:52:55.1732 INFO connection successful
2020-05-24 16:52:56.1814 INFO connection successful
2020-05-24 16:55:15.1431 INFO connection successful
2020-05-24 16:57:25.6411 INFO connection successful
2020-05-24 17:00:24.9460 INFO connection successful
2020-05-24 17:00:25.9456 INFO connection successful
2020-05-24 17:00:26.9425 INFO connection successful
2020-05-24 17:00:27.9404 INFO connection successful
2020-05-24 17:00:28.9372 INFO connection successful
2020-05-24 17:00:29.9424 INFO connection successful
2020-05-24 17:00:29.9773 ERROR System.InvalidOperationException: Connection must be valid and open.
   в MySql.Data.MySqlClient.MySqlCommand.Throw(Exception ex)
   в MySql.Data.MySqlClient.MySqlCommand.CheckState()
   в MySql.Data.MySqlClient.MySqlCommand.ExecuteReader(CommandBehavior behavior)
   в MySql.Data.MySqlClient.MySqlCommand.ExecuteReader()
   в NURESCADA.Forms.CommandForm.runQuery() в C:\Users\alex2\Documents\GitHub\OMEGA\MySCADA\Forms\CommandForm.cs:строка 47
2020-05-24 17:00:30.9867 INFO connection successful
2020-05-24 17:00:31.9335 INFO connection successful
2020-05-24 17:00:32.9234 INFO connection successful
2020-05-24 17:00:32.9434 INFO connection successful
2020-05-24 17:00:33.9289 INFO connection successful
2020-05-24 17:00:33.9493 INFO connection successful
2020-05-24 17:00:34.9396 INFO connection successful
2020-05-24 17:00:34.9606 INFO connection successful
2020-05-24 17:00:35.9353 INFO connection successful
2020-05-24 17:00:35.9603 INFO connection successful
2020-05-24 17:00:36.9298 INFO connection successful
2020-05-24 17:00:36.9438 INFO connection successful
2020-05-24 17:00:37.9272 INFO connection successful
2020-05-24 17:00:37.9414 INFO connection successful
2020-05-24 17:00:38.9237 INFO connection successful
2020-05-24 17:00:38.9443 INFO connection successful
2020-05-24 17:00:39.9319 INFO connection successful
2020-05-24 17:00:39.9439 INFO connection successful
2020-05-24 17:00:40.9396 INFO connection successful
2020-05-24 17:00:40.9595 INFO connection successful
2020-05-24 17:00:41.9437 INFO connection successful
2020-05-24 17:00:41.9626 INFO connection successful
2020-05-24 17:00:42.8040 ERROR System.InvalidOperationException: Connection must be valid and open.
   в MySql.Data.MySqlClient.MySqlCommand.Throw(Exception ex)
   в MySql.Data.MySqlClient.MySqlCommand.CheckState()
   в MySql.Data.MySqlClient.MySqlCommand.ExecuteReader(CommandBehavior behavior)
   в MySql.Data.MySqlClient.MySqlCommand.ExecuteReader()
   в NURESCADA.Forms.CommandForm.runQuery() в C:\Users\alex2\Documents\GitHub\OMEGA\MySCADA\Forms\CommandForm.cs:строка 47
2020-05-24 17:00:42.9424 INFO connection successful
2020-05-24 17:00:42.9619 INFO connection successful
2020-05-24 17:00:43.9370 INFO connection successful
2020-05-24 17:00:43.9579 INFO connection successful
2020-05-24 17:00:44.9397 INFO connection successful
2020-05-24 17:00:44.9640 INFO connection successful
2020-05-24 17:00:45.9269 INFO connection successful
2020-05-24 17:00:45.9439 INFO connection successful
2020-05-24 17:00:46.9311 INFO connection successful
2020-05-24 17:00:46.9421 INFO connection successful
2020-05-24 17:00:47.9247 INFO connection successful
2020-05-24 17:00:47.9387 INFO connection successful
2020-05-24 17:00:48.9251 INFO connection successful
2020-05-24 17:00:48.9410 INFO connection successful
2020-05-24 17:00:49.9265 INFO connection successful
2020-05-24 17:00:49.9395 INFO connection successful
2020-05-24 17:00:50.9257 INFO connection successful
2020-05-24 17:00:50.9418 INFO connection successful
2020-05-24 17:00:51.9243 INFO connection successful
2020-05-24 17:00:51.9424 INFO connection successful
2020-05-24 17:00:52.9250 INFO connection successful
2020-05-24 17:00:52.9426 INFO connection successful
2020-05-24 17:00:53.9340 INFO connection successful
2020-05-24 17:00:53.9529 INFO connection successful
2020-05-24 17:00:54.9348 INFO connection successful
2020-05-24 17:00:54.9540 INFO connection successful
2020-05-24 17:00:55.9340 INFO connection successful
2020-05-24 17:00:55.9521 INFO connection successful
2020-05-24 17:00:56.9388 INFO connection successful
2020-05-24 17:00:56.9607 INFO connection successful
2020-05-24 17:00:57.9324 INFO connection successful
2020-05-24 17:00:57.9504 INFO connection successful
2020-05-24 17:00:58.9445 INFO connection successful
2020-05-24 17:00:58.9575 INFO connection successful
2020-05-24 17:00:59.9264 INFO connection successful
2020-05-24 17:00:59.9384 INFO connection successful
2020-05-24 17:01:00.9284 INFO connection successful
2020-05-24 17:01:00.9413 INFO connection successful
2020-05-24 17:01:01.9298 INFO connection successful
2020-05-24 17:01:01.9407 INFO connection successful
2020-05-24 17:01:02.9305 INFO connection successful
2020-05-24 17:01:02.9462 INFO connection successful
2020-05-24 17:01:03.9255 INFO connection successful
2020-05-24 17:01:03.9408 INFO connection successful
2020-05-24 17:01:04.9291 INFO connection successful
2020-05-24 17:01:04.9401 INFO connection successful
2020-05-24 17:01:05.9345 INFO connection successful
2020-05-24 17:01:05.9465 INFO connection successful
2020-05-24 17:01:06.9311 INFO connection successful
2020-05-24 17:01:06.9411 INFO connection successful
2020-05-24 17:01:07.9289 INFO connection successful
2020-05-24 17:01:07.9409 INFO connection successful
2020-05-24 17:01:08.9238 INFO connection successful
2020-05-24 17:01:08.9398 INFO connection successful
2020-05-24 17:01:09.9251 INFO connection successful
2020-05-24 17:01:09.9381 INFO connection successful
2020-05-24 17:02:25.9307 INFO connection successful
2020-05-24 17:02:26.9197 INFO connection successful
2020-05-24 17:02:27.9276 INFO connection successful
2020-05-24 17:02:28.9223 INFO connection successful
2020-05-24 17:02:29.1694 WARN SQL query: empty
2020-05-24 17:02:29.9312 INFO connection successful
2020-05-24 17:02:30.8956 WARN SQL query: empty
2020-05-24 17:02:30.9246 INFO connection successful
2020-05-24 17:02:31.9325 INFO connection successful
2020-05-24 17:02:32.9160 INFO connection successful
2020-05-24 17:02:33.4347 INFO connection successful
2020-05-24 17:02:33.9142 INFO connection successful
2020-05-24 17:02:34.5555 ERROR System.InvalidOperationException: Connection must be valid and open.
   в MySql.Data.MySqlClient.MySqlCommand.Throw(Exception ex)
   в MySql.Data.MySqlClient.MySqlCommand.CheckState()
   в MySql.Data.MySqlClient.MySqlCommand.ExecuteReader(CommandBehavior behavior)
   в MySql.Data.MySqlClient.MySqlCommand.ExecuteReader()
   в NURESCADA.Forms.CommandForm.runQuery() в C:\Users\alex2\Documents\GitHub\OMEGA\MySCADA\Forms\CommandForm.cs:строка 49
2020-05-24 17:02:34.9149 INFO connection successful
2020-05-24 17:02:35.9170 INFO connection successful
2020-05-24 17:02:36.9102 INFO connection successful
2020-05-24 17:02:37.9248 INFO connection successful
2020-05-24 17:02:38.9310 INFO connection successful
2020-05-24 17:02:39.9239 INFO connection successful
