2020-05-30 14:57:56.0284 INFO connection successful
2020-05-30 14:57:56.1426 INFO connection successful
2020-05-30 14:57:57.1502 INFO connection successful
2020-05-30 14:57:58.1416 INFO connection successful
2020-05-30 14:57:59.1474 INFO connection successful
2020-05-30 14:58:00.1376 INFO connection successful
2020-05-30 14:58:00.2565 INFO connection successful
2020-05-30 14:58:01.1340 INFO connection successful
2020-05-30 14:58:02.1404 INFO connection successful
2020-05-30 14:58:03.1536 INFO connection successful
2020-05-30 14:58:04.1513 INFO connection successful
2020-05-30 14:58:05.1500 INFO connection successful
2020-05-30 14:58:06.1471 INFO connection successful
2020-05-30 14:58:07.1364 INFO connection successful
2020-05-30 14:58:08.1392 INFO connection successful
2020-05-30 14:58:09.1461 INFO connection successful
2020-05-30 14:58:10.1420 INFO connection successful
2020-05-30 14:58:11.1523 INFO connection successful
2020-05-30 14:58:11.4959 WARN SQL query: empty
2020-05-30 14:58:12.1458 INFO connection successful
2020-05-30 14:58:13.1566 INFO connection successful
2020-05-30 14:58:14.1293 INFO connection successful
2020-05-30 14:58:15.1324 INFO connection successful
2020-05-30 14:58:16.1359 INFO connection successful
2020-05-30 14:58:17.1361 INFO connection successful
2020-05-30 14:58:18.1328 INFO connection successful
2020-05-30 14:58:19.1374 INFO connection successful
2020-05-30 14:58:20.1364 INFO connection successful
2020-05-30 14:58:21.1356 INFO connection successful
2020-05-30 14:58:22.1302 INFO connection successful
2020-05-30 14:58:23.1387 INFO connection successful
2020-05-30 14:58:24.1279 INFO connection successful
2020-05-30 14:58:25.1317 INFO connection successful
2020-05-30 14:58:26.1343 INFO connection successful
2020-05-30 14:58:27.1307 INFO connection successful
2020-05-30 14:58:28.1333 INFO connection successful
2020-05-30 14:58:29.1481 INFO connection successful
2020-05-30 14:58:30.1370 INFO connection successful
2020-05-30 14:58:31.1380 INFO connection successful
2020-05-30 14:58:32.1335 INFO connection successful
2020-05-30 14:58:33.1464 INFO connection successful
2020-05-30 14:58:34.1459 INFO connection successful
2020-05-30 14:58:35.1432 INFO connection successful
2020-05-30 14:58:36.1483 INFO connection successful
2020-05-30 14:58:37.1394 INFO connection successful
2020-05-30 14:58:38.1324 INFO connection successful
2020-05-30 14:58:39.1371 INFO connection successful
2020-05-30 16:47:55.1810 INFO connection successful
2020-05-30 16:47:55.4170 INFO connection successful
2020-05-30 16:47:56.4765 INFO connection successful
2020-05-30 16:47:56.5613 INFO connection successful
2020-05-30 16:47:57.4182 INFO connection successful
2020-05-30 16:47:58.4159 INFO connection successful
2020-05-30 16:47:59.4144 INFO connection successful
2020-05-30 16:48:00.4081 INFO connection successful
2020-05-30 16:48:01.4150 INFO connection successful
2020-05-30 16:48:02.4143 INFO connection successful
2020-05-30 16:48:03.4159 INFO connection successful
2020-05-30 16:48:04.4164 INFO connection successful
2020-05-30 16:48:05.4186 INFO connection successful
2020-05-30 16:48:06.4163 INFO connection successful
2020-05-30 16:48:07.4196 INFO connection successful
2020-05-30 16:48:08.4282 INFO connection successful
2020-05-30 16:48:09.4170 INFO connection successful
2020-05-30 16:48:10.4251 INFO connection successful
2020-05-30 16:48:11.4156 INFO connection successful
2020-05-30 16:48:12.4155 INFO connection successful
2020-05-30 16:48:13.4231 INFO connection successful
2020-05-30 16:48:14.4082 INFO connection successful
2020-05-30 16:48:15.4136 INFO connection successful
2020-05-30 16:48:16.4072 INFO connection successful
2020-05-30 16:48:17.4121 INFO connection successful
2020-05-30 16:48:18.4084 INFO connection successful
2020-05-30 16:48:19.4089 INFO connection successful
2020-05-30 16:48:20.4136 INFO connection successful
2020-05-30 16:48:21.4102 INFO connection successful
2020-05-30 16:48:22.4089 INFO connection successful
2020-05-30 16:48:23.4074 INFO connection successful
2020-05-30 16:48:24.4092 INFO connection successful
2020-05-30 16:48:25.4095 INFO connection successful
2020-05-30 16:48:26.4096 INFO connection successful
2020-05-30 16:48:27.4110 INFO connection successful
2020-05-30 16:48:28.4087 INFO connection successful
2020-05-30 16:48:29.4097 INFO connection successful
2020-05-30 16:48:30.4093 INFO connection successful
2020-05-30 16:48:31.4159 INFO connection successful
2020-05-30 16:48:32.4167 INFO connection successful
2020-05-30 16:48:33.4152 INFO connection successful
2020-05-30 16:48:34.4167 INFO connection successful
2020-05-30 16:48:35.4156 INFO connection successful
2020-05-30 16:48:36.4608 INFO connection successful
2020-05-30 16:48:37.4178 INFO connection successful
2020-05-30 16:48:38.4168 INFO connection successful
2020-05-30 16:48:39.4158 INFO connection successful
2020-05-30 16:48:40.4225 INFO connection successful
2020-05-30 16:48:41.4200 INFO connection successful
2020-05-30 16:48:42.4133 INFO connection successful
2020-05-30 16:48:43.4070 INFO connection successful
2020-05-30 16:48:44.4072 INFO connection successful
2020-05-30 16:48:45.4076 INFO connection successful
2020-05-30 16:48:46.4092 INFO connection successful
2020-05-30 16:48:47.4074 INFO connection successful
2020-05-30 16:48:48.4083 INFO connection successful
2020-05-30 16:48:49.4079 INFO connection successful
2020-05-30 16:48:50.4076 INFO connection successful
2020-05-30 16:48:51.4080 INFO connection successful
2020-05-30 16:48:52.4091 INFO connection successful
2020-05-30 16:48:53.4082 INFO connection successful
2020-05-30 16:48:54.4094 INFO connection successful
2020-05-30 16:48:55.4062 INFO connection successful
2020-05-30 16:48:56.4070 INFO connection successful
2020-05-30 16:48:57.4087 INFO connection successful
2020-05-30 16:48:58.4086 INFO connection successful
2020-05-30 16:48:59.4119 INFO connection successful
2020-05-30 16:49:00.4078 INFO connection successful
2020-05-30 16:49:01.4089 INFO connection successful
2020-05-30 16:49:02.4078 INFO connection successful
2020-05-30 16:49:03.4067 INFO connection successful
2020-05-30 16:49:04.4097 INFO connection successful
2020-05-30 16:49:05.4110 INFO connection successful
2020-05-30 16:49:06.4170 INFO connection successful
2020-05-30 16:49:07.4072 INFO connection successful
2020-05-30 16:49:08.4092 INFO connection successful
2020-05-30 16:49:09.4271 INFO connection successful
2020-05-30 16:49:10.4415 INFO connection successful
2020-05-30 16:49:11.4304 INFO connection successful
2020-05-30 16:49:12.4141 INFO connection successful
2020-05-30 16:49:13.4151 INFO connection successful
2020-05-30 16:49:14.4151 INFO connection successful
2020-05-30 16:49:15.4177 INFO connection successful
2020-05-30 16:49:16.4168 INFO connection successful
2020-05-30 16:49:17.4192 INFO connection successful
2020-05-30 16:49:18.4197 INFO connection successful
2020-05-30 16:49:19.4095 INFO connection successful
2020-05-30 16:49:20.4087 INFO connection successful
2020-05-30 16:49:21.4097 INFO connection successful
2020-05-30 16:49:22.4109 INFO connection successful
2020-05-30 16:49:23.4081 INFO connection successful
2020-05-30 16:49:25.1561 INFO connection successful
2020-05-30 16:49:25.4090 INFO connection successful
2020-05-30 16:49:26.4075 INFO connection successful
2020-05-30 16:49:27.4073 INFO connection successful
2020-05-30 16:49:28.4156 INFO connection successful
2020-05-30 16:49:29.4168 INFO connection successful
2020-05-30 16:49:30.4088 INFO connection successful
2020-05-30 16:49:31.4088 INFO connection successful
2020-05-30 16:49:32.4115 INFO connection successful
2020-05-30 16:49:33.4104 INFO connection successful
2020-05-30 16:49:34.4106 INFO connection successful
2020-05-30 16:49:35.4098 INFO connection successful
2020-05-30 16:49:36.4098 INFO connection successful
2020-05-30 16:49:37.4093 INFO connection successful
2020-05-30 16:49:38.4121 INFO connection successful
2020-05-30 16:49:39.4089 INFO connection successful
2020-05-30 16:49:40.4094 INFO connection successful
2020-05-30 16:49:41.4147 INFO connection successful
2020-05-30 16:49:42.4150 INFO connection successful
2020-05-30 16:49:43.4132 INFO connection successful
2020-05-30 16:49:44.4178 INFO connection successful
2020-05-30 16:49:45.4128 INFO connection successful
2020-05-30 16:49:46.4141 INFO connection successful
2020-05-30 16:49:47.4154 INFO connection successful
2020-05-30 16:49:48.4127 INFO connection successful
2020-05-30 16:49:49.4130 INFO connection successful
2020-05-30 16:49:50.4131 INFO connection successful
2020-05-30 16:49:51.4105 INFO connection successful
2020-05-30 16:49:52.4154 INFO connection successful
2020-05-30 16:49:53.4136 INFO connection successful
2020-05-30 16:49:54.4134 INFO connection successful
2020-05-30 16:49:55.4219 INFO connection successful
2020-05-30 16:49:56.4397 INFO connection successful
2020-05-30 16:49:57.4345 INFO connection successful
2020-05-30 16:49:58.4216 INFO connection successful
2020-05-30 16:49:59.4246 INFO connection successful
2020-05-30 16:50:00.4337 INFO connection successful
2020-05-30 16:50:01.4156 INFO connection successful
2020-05-30 16:50:02.4139 INFO connection successful
2020-05-30 16:50:03.4112 INFO connection successful
2020-05-30 16:50:04.4079 INFO connection successful
2020-05-30 16:50:05.4150 INFO connection successful
2020-05-30 16:50:06.4075 INFO connection successful
2020-05-30 16:50:07.4097 INFO connection successful
2020-05-30 16:50:08.4140 INFO connection successful
2020-05-30 16:50:09.4151 INFO connection successful
2020-05-30 16:50:10.4124 INFO connection successful
2020-05-30 16:50:11.4171 INFO connection successful
2020-05-30 16:50:12.4145 INFO connection successful
2020-05-30 16:50:13.4155 INFO connection successful
2020-05-30 16:50:14.4220 INFO connection successful
2020-05-30 16:50:15.4134 INFO connection successful
2020-05-30 16:50:16.4123 INFO connection successful
2020-05-30 16:50:17.4184 INFO connection successful
2020-05-30 16:50:18.4195 INFO connection successful
2020-05-30 16:50:19.4153 INFO connection successful
2020-05-30 16:50:20.4149 INFO connection successful
2020-05-30 16:50:21.4130 INFO connection successful
2020-05-30 16:50:22.4148 INFO connection successful
2020-05-30 16:50:23.4169 INFO connection successful
2020-05-30 16:50:24.4206 INFO connection successful
2020-05-30 16:50:25.4147 INFO connection successful
2020-05-30 16:50:26.4143 INFO connection successful
2020-05-30 16:50:27.4156 INFO connection successful
2020-05-30 16:50:28.4153 INFO connection successful
2020-05-30 16:50:29.4147 INFO connection successful
2020-05-30 16:50:30.4184 INFO connection successful
2020-05-30 16:50:31.4162 INFO connection successful
2020-05-30 16:50:32.4152 INFO connection successful
2020-05-30 16:50:33.4157 INFO connection successful
2020-05-30 16:50:34.4134 INFO connection successful
2020-05-30 16:50:35.4151 INFO connection successful
2020-05-30 16:50:36.4170 INFO connection successful
2020-05-30 16:50:37.4138 INFO connection successful
2020-05-30 16:50:38.4161 INFO connection successful
2020-05-30 16:50:39.4140 INFO connection successful
2020-05-30 16:50:40.4194 INFO connection successful
2020-05-30 16:50:41.4149 INFO connection successful
2020-05-30 16:50:42.4108 INFO connection successful
2020-05-30 16:50:43.4314 INFO connection successful
2020-05-30 16:50:44.4304 INFO connection successful
2020-05-30 16:50:45.4193 INFO connection successful
2020-05-30 16:50:46.4205 INFO connection successful
2020-05-30 16:50:47.4241 INFO connection successful
2020-05-30 16:50:48.4299 INFO connection successful
2020-05-30 16:50:49.4246 INFO connection successful
2020-05-30 16:50:50.4239 INFO connection successful
2020-05-30 16:50:51.4105 INFO connection successful
2020-05-30 16:50:52.4188 INFO connection successful
2020-05-30 16:50:53.4162 INFO connection successful
2020-05-30 16:50:54.4149 INFO connection successful
2020-05-30 16:50:55.4152 INFO connection successful
2020-05-30 16:50:56.4124 INFO connection successful
2020-05-30 16:50:57.4137 INFO connection successful
2020-05-30 16:50:58.4170 INFO connection successful
2020-05-30 16:50:59.4197 INFO connection successful
2020-05-30 16:51:00.4168 INFO connection successful
2020-05-30 16:51:01.4145 INFO connection successful
2020-05-30 16:51:02.4171 INFO connection successful
2020-05-30 16:51:03.4134 INFO connection successful
2020-05-30 16:51:04.4153 INFO connection successful
2020-05-30 16:51:05.4149 INFO connection successful
2020-05-30 16:51:06.4119 INFO connection successful
2020-05-30 16:51:07.4198 INFO connection successful
2020-05-30 16:51:08.5444 INFO connection successful
2020-05-30 16:51:09.4151 INFO connection successful
2020-05-30 16:51:10.4180 INFO connection successful
2020-05-30 16:51:11.4136 INFO connection successful
2020-05-30 16:51:12.4150 INFO connection successful
2020-05-30 16:51:13.4191 INFO connection successful
2020-05-30 16:51:14.4165 INFO connection successful
2020-05-30 16:51:15.4080 INFO connection successful
2020-05-30 16:51:16.4080 INFO connection successful
2020-05-30 16:51:17.4104 INFO connection successful
2020-05-30 16:51:18.4082 INFO connection successful
2020-05-30 16:51:19.4108 INFO connection successful
2020-05-30 16:51:20.4081 INFO connection successful
2020-05-30 16:51:21.4085 INFO connection successful
2020-05-30 16:51:22.4073 INFO connection successful
2020-05-30 16:51:23.4088 INFO connection successful
2020-05-30 16:51:24.4121 INFO connection successful
2020-05-30 16:51:25.4113 INFO connection successful
2020-05-30 16:51:26.4110 INFO connection successful
2020-05-30 16:51:27.4082 INFO connection successful
2020-05-30 16:51:28.4093 INFO connection successful
2020-05-30 16:51:29.4100 INFO connection successful
2020-05-30 16:54:29.8226 INFO connection successful
2020-05-30 16:54:29.9572 INFO connection successful
2020-05-30 16:54:30.5280 INFO connection successful
2020-05-30 16:54:31.5385 INFO connection successful
2020-05-30 16:54:32.5178 INFO connection successful
2020-05-30 16:54:33.5238 INFO connection successful
2020-05-30 16:54:34.5181 INFO connection successful
2020-05-30 16:54:35.5427 INFO connection successful
2020-05-30 16:54:36.5269 INFO connection successful
2020-05-30 16:54:37.5247 INFO connection successful
2020-05-30 16:54:38.5266 INFO connection successful
2020-05-30 16:54:39.5257 INFO connection successful
2020-05-30 16:54:40.5317 INFO connection successful
2020-05-30 16:54:41.5412 INFO connection successful
2020-05-30 16:54:42.5266 INFO connection successful
2020-05-30 16:54:43.5242 INFO connection successful
2020-05-30 16:54:44.5268 INFO connection successful
2020-05-30 16:54:45.5256 INFO connection successful
2020-05-30 16:54:46.5330 INFO connection successful
2020-05-30 16:54:47.5276 INFO connection successful
2020-05-30 16:54:48.5504 INFO connection successful
2020-05-30 16:54:49.5173 INFO connection successful
2020-05-30 16:54:50.5190 INFO connection successful
2020-05-30 16:54:51.5179 INFO connection successful
2020-05-30 16:54:52.5172 INFO connection successful
2020-05-30 16:54:53.5192 INFO connection successful
2020-05-30 16:54:54.5199 INFO connection successful
2020-05-30 16:54:55.5164 INFO connection successful
2020-05-30 16:54:56.5225 INFO connection successful
2020-05-30 16:54:57.5198 INFO connection successful
2020-05-30 16:54:58.5236 INFO connection successful
2020-05-30 16:54:59.5212 INFO connection successful
2020-05-30 16:55:00.5177 INFO connection successful
2020-05-30 16:55:01.5231 INFO connection successful
2020-05-30 16:55:02.5188 INFO connection successful
2020-05-30 16:55:03.5244 INFO connection successful
2020-05-30 16:55:04.5221 INFO connection successful
2020-05-30 16:55:05.5179 INFO connection successful
2020-05-30 16:55:06.5260 INFO connection successful
2020-05-30 16:55:07.5340 INFO connection successful
2020-05-30 16:55:08.5281 INFO connection successful
2020-05-30 16:55:09.5299 INFO connection successful
2020-05-30 16:55:10.5439 INFO connection successful
2020-05-30 16:55:11.5303 INFO connection successful
2020-05-30 16:55:12.5243 INFO connection successful
2020-05-30 16:55:13.5465 INFO connection successful
2020-05-30 16:55:14.5203 INFO connection successful
2020-05-30 16:55:15.5166 INFO connection successful
2020-05-30 16:55:16.5202 INFO connection successful
2020-05-30 16:55:17.5199 INFO connection successful
2020-05-30 16:55:18.5249 INFO connection successful
2020-05-30 16:55:19.5174 INFO connection successful
2020-05-30 16:55:20.5242 INFO connection successful
2020-05-30 16:55:21.5287 INFO connection successful
2020-05-30 16:55:22.5267 INFO connection successful
2020-05-30 16:55:23.5170 INFO connection successful
2020-05-30 16:55:24.5178 INFO connection successful
2020-05-30 16:55:25.5265 INFO connection successful
2020-05-30 16:55:26.5283 INFO connection successful
2020-05-30 16:55:27.5205 INFO connection successful
2020-05-30 16:55:28.5237 INFO connection successful
2020-05-30 16:55:29.5170 INFO connection successful
2020-05-30 16:55:30.5192 INFO connection successful
2020-05-30 16:55:31.5177 INFO connection successful
2020-05-30 16:55:32.5239 INFO connection successful
2020-05-30 16:55:33.5187 INFO connection successful
2020-05-30 16:55:34.5189 INFO connection successful
2020-05-30 16:55:35.5167 INFO connection successful
2020-05-30 16:55:36.5245 INFO connection successful
2020-05-30 16:55:37.5218 INFO connection successful
2020-05-30 16:55:38.5389 INFO connection successful
2020-05-30 16:55:39.5287 INFO connection successful
2020-05-30 16:55:40.5245 INFO connection successful
2020-05-30 16:55:41.5422 INFO connection successful
2020-05-30 16:55:42.5459 INFO connection successful
2020-05-30 16:55:43.5265 INFO connection successful
2020-05-30 16:55:44.5249 INFO connection successful
2020-05-30 16:55:45.5253 INFO connection successful
2020-05-30 16:55:46.5303 INFO connection successful
2020-05-30 16:55:47.5288 INFO connection successful
2020-05-30 16:55:48.5183 INFO connection successful
2020-05-30 16:55:49.5188 INFO connection successful
2020-05-30 16:55:50.5208 INFO connection successful
2020-05-30 16:55:51.5194 INFO connection successful
2020-05-30 16:55:52.5231 INFO connection successful
2020-05-30 16:55:53.5198 INFO connection successful
2020-05-30 16:55:54.5171 INFO connection successful
2020-05-30 16:55:55.5190 INFO connection successful
2020-05-30 16:55:56.5207 INFO connection successful
2020-05-30 16:55:57.5203 INFO connection successful
2020-05-30 16:55:58.5207 INFO connection successful
2020-05-30 16:55:59.5182 INFO connection successful
2020-05-30 16:56:00.5175 INFO connection successful
2020-05-30 16:56:01.5174 INFO connection successful
2020-05-30 16:56:02.5201 INFO connection successful
2020-05-30 16:56:03.5166 INFO connection successful
2020-05-30 16:56:04.5182 INFO connection successful
2020-05-30 16:56:05.5185 INFO connection successful
2020-05-30 16:56:06.5183 INFO connection successful
2020-05-30 16:56:07.5175 INFO connection successful
2020-05-30 16:56:08.5182 INFO connection successful
2020-05-30 16:56:09.5176 INFO connection successful
2020-05-30 16:56:10.5186 INFO connection successful
2020-05-30 16:56:11.5214 INFO connection successful
2020-05-30 16:56:12.5230 INFO connection successful
2020-05-30 16:56:13.5172 INFO connection successful
2020-05-30 16:56:14.5157 INFO connection successful
2020-05-30 16:56:15.5166 INFO connection successful
2020-05-30 16:56:16.5183 INFO connection successful
2020-05-30 16:56:17.5222 INFO connection successful
2020-05-30 16:56:18.5200 INFO connection successful
2020-05-30 16:56:19.5167 INFO connection successful
2020-05-30 16:56:20.5184 INFO connection successful
2020-05-30 16:56:21.5503 INFO connection successful
2020-05-30 16:56:22.5250 INFO connection successful
2020-05-30 16:56:23.5273 INFO connection successful
2020-05-30 16:56:24.5288 INFO connection successful
2020-05-30 16:56:25.5262 INFO connection successful
2020-05-30 16:56:26.5279 INFO connection successful
2020-05-30 16:56:27.5406 INFO connection successful
2020-05-30 16:56:28.5270 INFO connection successful
2020-05-30 16:56:29.5321 INFO connection successful
2020-05-30 16:56:30.5165 INFO connection successful
2020-05-30 16:56:31.5177 INFO connection successful
2020-05-30 16:56:32.5203 INFO connection successful
2020-05-30 16:56:33.5252 INFO connection successful
2020-05-30 16:56:34.5194 INFO connection successful
2020-05-30 16:56:35.5181 INFO connection successful
2020-05-30 16:56:36.5194 INFO connection successful
2020-05-30 16:56:37.5260 INFO connection successful
2020-05-30 16:56:38.5209 INFO connection successful
2020-05-30 16:56:39.5183 INFO connection successful
2020-05-30 16:56:40.5181 INFO connection successful
2020-05-30 16:56:41.5158 INFO connection successful
2020-05-30 16:56:42.5158 INFO connection successful
2020-05-30 16:56:43.5193 INFO connection successful
2020-05-30 16:56:44.5239 INFO connection successful
2020-05-30 16:56:45.5172 INFO connection successful
2020-05-30 16:56:46.5177 INFO connection successful
2020-05-30 16:56:47.5183 INFO connection successful
2020-05-30 16:56:48.5196 INFO connection successful
2020-05-30 16:56:49.5228 INFO connection successful
2020-05-30 16:56:50.5197 INFO connection successful
2020-05-30 16:56:51.5247 INFO connection successful
2020-05-30 16:56:52.5186 INFO connection successful
2020-05-30 16:56:53.5192 INFO connection successful
2020-05-30 16:56:54.5191 INFO connection successful
2020-05-30 16:56:55.5196 INFO connection successful
2020-05-30 16:56:56.5240 INFO connection successful
2020-05-30 16:56:57.5166 INFO connection successful
2020-05-30 16:56:58.5186 INFO connection successful
2020-05-30 16:56:59.5186 INFO connection successful
2020-05-30 16:57:00.5182 INFO connection successful
2020-05-30 16:57:01.5170 INFO connection successful
2020-05-30 16:57:02.5217 INFO connection successful
2020-05-30 16:57:03.5215 INFO connection successful
2020-05-30 16:57:04.5201 INFO connection successful
2020-05-30 16:57:05.5191 INFO connection successful
2020-05-30 16:57:06.5228 INFO connection successful
2020-05-30 16:57:07.5219 INFO connection successful
2020-05-30 16:57:08.5195 INFO connection successful
2020-05-30 16:57:09.5185 INFO connection successful
2020-05-30 16:57:10.5217 INFO connection successful
2020-05-30 16:57:11.5425 INFO connection successful
2020-05-30 16:57:12.5271 INFO connection successful
2020-05-30 16:57:13.5324 INFO connection successful
2020-05-30 16:57:14.5379 INFO connection successful
2020-05-30 16:57:15.5253 INFO connection successful
2020-05-30 16:57:16.5259 INFO connection successful
2020-05-30 16:57:17.5407 INFO connection successful
2020-05-30 16:57:18.5197 INFO connection successful
2020-05-30 16:57:19.5192 INFO connection successful
2020-05-30 16:57:20.5196 INFO connection successful
2020-05-30 16:57:21.5176 INFO connection successful
2020-05-30 16:57:22.5182 INFO connection successful
2020-05-30 16:57:23.5252 INFO connection successful
2020-05-30 16:57:24.5176 INFO connection successful
2020-05-30 16:57:25.5167 INFO connection successful
2020-05-30 16:57:26.5201 INFO connection successful
2020-05-30 16:57:27.5178 INFO connection successful
2020-05-30 16:57:28.5178 INFO connection successful
2020-05-30 16:57:29.5238 INFO connection successful
2020-05-30 16:57:30.5167 INFO connection successful
2020-05-30 16:57:31.5175 INFO connection successful
2020-05-30 16:57:32.5174 INFO connection successful
2020-05-30 16:57:33.5192 INFO connection successful
2020-05-30 16:57:34.5179 INFO connection successful
2020-05-30 16:57:35.5191 INFO connection successful
2020-05-30 16:57:36.5171 INFO connection successful
2020-05-30 16:57:37.5185 INFO connection successful
2020-05-30 16:57:38.5201 INFO connection successful
2020-05-30 16:57:39.5189 INFO connection successful
2020-05-30 16:57:40.5174 INFO connection successful
2020-05-30 16:57:41.5225 INFO connection successful
2020-05-30 16:57:42.5224 INFO connection successful
2020-05-30 16:57:43.5178 INFO connection successful
2020-05-30 16:57:44.5187 INFO connection successful
2020-05-30 16:57:45.5199 INFO connection successful
2020-05-30 16:57:46.5179 INFO connection successful
2020-05-30 16:57:47.5208 INFO connection successful
2020-05-30 16:57:48.5188 INFO connection successful
2020-05-30 16:57:49.5206 INFO connection successful
2020-05-30 16:57:50.5175 INFO connection successful
2020-05-30 16:57:51.5177 INFO connection successful
2020-05-30 16:57:52.5185 INFO connection successful
2020-05-30 16:57:53.5201 INFO connection successful
2020-05-30 16:57:54.5176 INFO connection successful
2020-05-30 16:57:55.5187 INFO connection successful
2020-05-30 16:57:56.5170 INFO connection successful
2020-05-30 16:57:57.5247 INFO connection successful
2020-05-30 16:57:58.5192 INFO connection successful
2020-05-30 16:57:59.5165 INFO connection successful
2020-05-30 16:58:00.5186 INFO connection successful
2020-05-30 16:58:01.5197 INFO connection successful
2020-05-30 16:58:02.5193 INFO connection successful
2020-05-30 16:58:03.5214 INFO connection successful
2020-05-30 16:58:04.5239 INFO connection successful
2020-05-30 16:58:05.5200 INFO connection successful
2020-05-30 16:58:06.5189 INFO connection successful
2020-05-30 16:58:07.5203 INFO connection successful
2020-05-30 16:58:08.5205 INFO connection successful
2020-05-30 16:58:09.5190 INFO connection successful
2020-05-30 16:58:10.5212 INFO connection successful
2020-05-30 16:58:11.5231 INFO connection successful
2020-05-30 16:58:12.5240 INFO connection successful
2020-05-30 16:58:13.5171 INFO connection successful
2020-05-30 16:58:14.5235 INFO connection successful
2020-05-30 16:58:15.5253 INFO connection successful
2020-05-30 16:58:16.5225 INFO connection successful
2020-05-30 16:58:17.5249 INFO connection successful
2020-05-30 16:58:18.5184 INFO connection successful
2020-05-30 16:58:19.5203 INFO connection successful
2020-05-30 16:58:20.5190 INFO connection successful
2020-05-30 16:58:21.5195 INFO connection successful
2020-05-30 16:58:22.5246 INFO connection successful
2020-05-30 16:58:23.5189 INFO connection successful
2020-05-30 16:58:24.5249 INFO connection successful
2020-05-30 16:58:25.5281 INFO connection successful
2020-05-30 16:58:26.5261 INFO connection successful
2020-05-30 16:58:27.5481 INFO connection successful
2020-05-30 16:58:28.5212 INFO connection successful
2020-05-30 16:58:29.5200 INFO connection successful
2020-05-30 16:58:30.5182 INFO connection successful
2020-05-30 16:58:31.5177 INFO connection successful
2020-05-30 16:58:32.5193 INFO connection successful
2020-05-30 16:58:33.5241 INFO connection successful
2020-05-30 16:58:34.5197 INFO connection successful
2020-05-30 16:58:35.5233 INFO connection successful
2020-05-30 16:58:36.5210 INFO connection successful
2020-05-30 16:58:37.5184 INFO connection successful
2020-05-30 16:58:38.5205 INFO connection successful
2020-05-30 16:58:39.5227 INFO connection successful
2020-05-30 16:58:40.5244 INFO connection successful
2020-05-30 16:58:41.5199 INFO connection successful
2020-05-30 16:58:42.5188 INFO connection successful
2020-05-30 16:58:43.5237 INFO connection successful
2020-05-30 16:58:44.5252 INFO connection successful
2020-05-30 16:58:45.5172 INFO connection successful
2020-05-30 16:58:46.5178 INFO connection successful
2020-05-30 16:58:47.5189 INFO connection successful
2020-05-30 16:58:48.5193 INFO connection successful
2020-05-30 16:58:49.5222 INFO connection successful
2020-05-30 16:58:50.5239 INFO connection successful
2020-05-30 16:58:51.5235 INFO connection successful
2020-05-30 16:58:52.5173 INFO connection successful
2020-05-30 16:58:53.5183 INFO connection successful
2020-05-30 16:58:54.5181 INFO connection successful
2020-05-30 16:58:55.5212 INFO connection successful
2020-05-30 16:58:56.5194 INFO connection successful
2020-05-30 16:58:57.5224 INFO connection successful
2020-05-30 16:58:58.5195 INFO connection successful
2020-05-30 16:58:59.5181 INFO connection successful
2020-05-30 16:59:00.5229 INFO connection successful
2020-05-30 16:59:01.5230 INFO connection successful
2020-05-30 16:59:02.5200 INFO connection successful
2020-05-30 16:59:03.5198 INFO connection successful
2020-05-30 16:59:04.5256 INFO connection successful
2020-05-30 16:59:05.5177 INFO connection successful
2020-05-30 16:59:06.5182 INFO connection successful
2020-05-30 16:59:07.5245 INFO connection successful
2020-05-30 16:59:08.5217 INFO connection successful
2020-05-30 16:59:09.5208 INFO connection successful
2020-05-30 16:59:10.5205 INFO connection successful
2020-05-30 16:59:11.5165 INFO connection successful
2020-05-30 16:59:12.5190 INFO connection successful
2020-05-30 16:59:13.5203 INFO connection successful
2020-05-30 16:59:14.5186 INFO connection successful
2020-05-30 16:59:15.5219 INFO connection successful
2020-05-30 16:59:16.5321 INFO connection successful
2020-05-30 16:59:17.5250 INFO connection successful
2020-05-30 16:59:18.5423 INFO connection successful
2020-05-30 16:59:19.5304 INFO connection successful
2020-05-30 16:59:20.5254 INFO connection successful
2020-05-30 16:59:21.5269 INFO connection successful
2020-05-30 16:59:22.5291 INFO connection successful
2020-05-30 16:59:23.5194 INFO connection successful
2020-05-30 16:59:24.5187 INFO connection successful
2020-05-30 16:59:25.5229 INFO connection successful
2020-05-30 16:59:26.5205 INFO connection successful
2020-05-30 16:59:27.5183 INFO connection successful
2020-05-30 16:59:28.5182 INFO connection successful
2020-05-30 16:59:29.5184 INFO connection successful
2020-05-30 16:59:30.5182 INFO connection successful
2020-05-30 16:59:31.5231 INFO connection successful
2020-05-30 16:59:32.5189 INFO connection successful
2020-05-30 16:59:33.5246 INFO connection successful
2020-05-30 16:59:34.5199 INFO connection successful
2020-05-30 16:59:35.5178 INFO connection successful
2020-05-30 16:59:36.5402 INFO connection successful
2020-05-30 16:59:37.5176 INFO connection successful
2020-05-30 16:59:38.5193 INFO connection successful
2020-05-30 16:59:39.5196 INFO connection successful
2020-05-30 16:59:40.5192 INFO connection successful
2020-05-30 16:59:41.5272 INFO connection successful
2020-05-30 16:59:42.5200 INFO connection successful
2020-05-30 16:59:43.5237 INFO connection successful
2020-05-30 16:59:44.5267 INFO connection successful
2020-05-30 16:59:45.5186 INFO connection successful
2020-05-30 16:59:46.5192 INFO connection successful
2020-05-30 16:59:47.5212 INFO connection successful
2020-05-30 16:59:48.5208 INFO connection successful
2020-05-30 16:59:49.5214 INFO connection successful
2020-05-30 16:59:50.5233 INFO connection successful
2020-05-30 16:59:51.5183 INFO connection successful
2020-05-30 16:59:52.5169 INFO connection successful
2020-05-30 16:59:53.5248 INFO connection successful
2020-05-30 16:59:54.5236 INFO connection successful
2020-05-30 16:59:55.5201 INFO connection successful
2020-05-30 16:59:56.5249 INFO connection successful
2020-05-30 16:59:57.5189 INFO connection successful
2020-05-30 16:59:58.5208 INFO connection successful
2020-05-30 16:59:59.5248 INFO connection successful
2020-05-30 17:00:00.5250 INFO connection successful
2020-05-30 17:00:01.5241 INFO connection successful
2020-05-30 17:00:02.5232 INFO connection successful
2020-05-30 17:00:03.5197 INFO connection successful
2020-05-30 17:00:04.5234 INFO connection successful
2020-05-30 17:00:05.5181 INFO connection successful
2020-05-30 17:00:06.5181 INFO connection successful
2020-05-30 17:00:07.5195 INFO connection successful
2020-05-30 17:00:08.5193 INFO connection successful
2020-05-30 17:00:09.5180 INFO connection successful
2020-05-30 17:00:10.5209 INFO connection successful
2020-05-30 17:00:11.5184 INFO connection successful
2020-05-30 17:00:12.5223 INFO connection successful
2020-05-30 17:00:13.5168 INFO connection successful
2020-05-30 17:00:14.5193 INFO connection successful
2020-05-30 17:00:15.5209 INFO connection successful
2020-05-30 17:00:16.5199 INFO connection successful
2020-05-30 17:00:17.5331 INFO connection successful
2020-05-30 17:00:18.5272 INFO connection successful
2020-05-30 17:00:19.5274 INFO connection successful
2020-05-30 17:00:20.5261 INFO connection successful
2020-05-30 17:00:21.5237 INFO connection successful
2020-05-30 17:00:22.5454 INFO connection successful
2020-05-30 17:00:23.5237 INFO connection successful
2020-05-30 17:00:24.5186 INFO connection successful
2020-05-30 17:00:25.5173 INFO connection successful
2020-05-30 17:00:26.5226 INFO connection successful
2020-05-30 17:00:27.5201 INFO connection successful
2020-05-30 17:00:28.5237 INFO connection successful
2020-05-30 17:00:29.5279 INFO connection successful
2020-05-30 17:00:30.5177 INFO connection successful
2020-05-30 17:00:31.5177 INFO connection successful
2020-05-30 17:00:32.5187 INFO connection successful
2020-05-30 17:00:33.5208 INFO connection successful
2020-05-30 17:00:34.5174 INFO connection successful
2020-05-30 17:00:35.5181 INFO connection successful
2020-05-30 17:00:36.5192 INFO connection successful
2020-05-30 17:00:37.5210 INFO connection successful
2020-05-30 17:00:38.5260 INFO connection successful
2020-05-30 17:00:39.5200 INFO connection successful
2020-05-30 17:00:40.5166 INFO connection successful
2020-05-30 17:00:41.5166 INFO connection successful
2020-05-30 17:00:42.5189 INFO connection successful
2020-05-30 17:00:43.5226 INFO connection successful
2020-05-30 17:00:44.5185 INFO connection successful
2020-05-30 17:00:45.5207 INFO connection successful
2020-05-30 17:00:46.5174 INFO connection successful
2020-05-30 17:00:47.5203 INFO connection successful
2020-05-30 17:00:48.5177 INFO connection successful
2020-05-30 17:00:49.5194 INFO connection successful
2020-05-30 17:00:50.5166 INFO connection successful
2020-05-30 17:00:51.5224 INFO connection successful
2020-05-30 17:00:52.5200 INFO connection successful
2020-05-30 17:00:53.5179 INFO connection successful
2020-05-30 17:00:54.5220 INFO connection successful
2020-05-30 17:00:55.5195 INFO connection successful
2020-05-30 17:00:56.5195 INFO connection successful
2020-05-30 17:00:57.5231 INFO connection successful
2020-05-30 17:00:58.5187 INFO connection successful
2020-05-30 17:00:59.5189 INFO connection successful
2020-05-30 17:01:00.5215 INFO connection successful
2020-05-30 17:01:01.5201 INFO connection successful
2020-05-30 17:01:02.5188 INFO connection successful
2020-05-30 17:01:03.5186 INFO connection successful
2020-05-30 17:01:04.5187 INFO connection successful
2020-05-30 17:01:05.5199 INFO connection successful
2020-05-30 17:01:06.5200 INFO connection successful
2020-05-30 17:01:07.5214 INFO connection successful
2020-05-30 17:01:08.5180 INFO connection successful
2020-05-30 17:01:09.5187 INFO connection successful
2020-05-30 17:01:10.5192 INFO connection successful
2020-05-30 17:01:11.5169 INFO connection successful
2020-05-30 17:01:12.5180 INFO connection successful
2020-05-30 17:01:13.5225 INFO connection successful
2020-05-30 17:01:14.5234 INFO connection successful
2020-05-30 17:01:15.5179 INFO connection successful
2020-05-30 17:01:16.5191 INFO connection successful
2020-05-30 17:01:17.5165 INFO connection successful
2020-05-30 17:01:18.5209 INFO connection successful
2020-05-30 17:01:19.5190 INFO connection successful
2020-05-30 17:01:20.5171 INFO connection successful
2020-05-30 17:01:21.5202 INFO connection successful
2020-05-30 17:01:22.5331 INFO connection successful
2020-05-30 17:01:23.5291 INFO connection successful
2020-05-30 17:01:24.5257 INFO connection successful
2020-05-30 17:01:25.9728 ERROR open connection:MySql.Data.MySqlClient.MySqlException (0x80004005): Too many connections
   at MySql.Data.MySqlClient.MySqlStream.ReadPacket()
   at MySql.Data.MySqlClient.NativeDriver.Open()
   at MySql.Data.MySqlClient.Driver.Open()
   at MySql.Data.MySqlClient.Driver.Create(MySqlConnectionStringBuilder settings)
   at MySql.Data.MySqlClient.MySqlPool.CreateNewPooledConnection()
   at MySql.Data.MySqlClient.MySqlPool.GetPooledConnection()
   at MySql.Data.MySqlClient.MySqlPool.TryToGetDriver()
   at MySql.Data.MySqlClient.MySqlPool.GetConnection()
   at MySql.Data.MySqlClient.MySqlConnection.Open()
   at NURESCADA.DBUtils.OpenConnection(MetroLabel lbStatus, Logger logger) in C:\Users\Vladymyr\Source\Repos\OMEGA\MySCADA\DB\DBUtils.cs:line 37
2020-05-30 17:24:17.6420 INFO connection successful
2020-05-30 17:24:18.0689 INFO connection successful
2020-05-30 17:24:18.3955 INFO connection successful
2020-05-30 17:24:19.3913 INFO connection successful
2020-05-30 17:24:20.3937 INFO connection successful
2020-05-30 17:24:21.3826 INFO connection successful
2020-05-30 17:24:22.3799 INFO connection successful
2020-05-30 17:24:23.3869 INFO connection successful
2020-05-30 17:24:24.3926 INFO connection successful
2020-05-30 17:24:25.3938 INFO connection successful
2020-05-30 17:24:26.3888 INFO connection successful
2020-05-30 17:24:27.3915 INFO connection successful
2020-05-30 17:24:28.4049 INFO connection successful
2020-05-30 17:24:29.3941 INFO connection successful
2020-05-30 17:24:30.4055 INFO connection successful
2020-05-30 17:24:31.3848 INFO connection successful
2020-05-30 17:24:32.3932 INFO connection successful
2020-05-30 17:24:33.3922 INFO connection successful
2020-05-30 17:24:34.3978 INFO connection successful
2020-05-30 17:24:35.3865 INFO connection successful
2020-05-30 17:24:36.4151 INFO connection successful
2020-05-30 17:24:37.3848 INFO connection successful
2020-05-30 17:24:38.3777 INFO connection successful
2020-05-30 17:24:39.3876 INFO connection successful
2020-05-30 17:24:40.3873 INFO connection successful
2020-05-30 17:24:41.3890 INFO connection successful
2020-05-30 17:24:42.3838 INFO connection successful
2020-05-30 17:24:43.3818 INFO connection successful
2020-05-30 17:24:44.3838 INFO connection successful
2020-05-30 17:24:45.3850 INFO connection successful
2020-05-30 17:24:46.3894 INFO connection successful
2020-05-30 17:24:47.3823 INFO connection successful
2020-05-30 17:24:48.3778 INFO connection successful
2020-05-30 17:24:49.3778 INFO connection successful
2020-05-30 17:24:50.3833 INFO connection successful
2020-05-30 17:24:51.3819 INFO connection successful
2020-05-30 17:24:52.3874 INFO connection successful
2020-05-30 17:24:53.3879 INFO connection successful
2020-05-30 17:25:11.2358 INFO connection successful
2020-05-30 17:25:11.3624 INFO connection successful
2020-05-30 17:25:12.0423 INFO connection successful
2020-05-30 17:25:13.0571 INFO connection successful
2020-05-30 17:25:14.0426 INFO connection successful
2020-05-30 17:25:15.0349 INFO connection successful
2020-05-30 17:25:16.0408 INFO connection successful
2020-05-30 17:25:17.0593 INFO connection successful
2020-05-30 17:25:18.0511 INFO connection successful
2020-05-30 17:25:19.0567 INFO connection successful
2020-05-30 17:25:20.0480 INFO connection successful
2020-05-30 17:25:21.0432 INFO connection successful
2020-05-30 17:25:22.0589 INFO connection successful
2020-05-30 17:25:23.0573 INFO connection successful
2020-05-30 17:25:24.0492 INFO connection successful
2020-05-30 17:25:25.0557 INFO connection successful
2020-05-30 17:25:26.0385 INFO connection successful
2020-05-30 17:25:27.0436 INFO connection successful
2020-05-30 17:25:28.0360 INFO connection successful
2020-05-30 17:27:55.3241 INFO connection successful
2020-05-30 17:27:56.1342 INFO connection successful
2020-05-30 17:27:56.9041 INFO connection successful
2020-05-30 17:27:57.1404 INFO connection successful
2020-05-30 17:27:58.1252 INFO connection successful
2020-05-30 17:27:59.1178 INFO connection successful
2020-05-30 17:28:00.1169 INFO connection successful
2020-05-30 17:28:01.1248 INFO connection successful
2020-05-30 17:28:02.1330 INFO connection successful
2020-05-30 17:28:03.1408 INFO connection successful
2020-05-30 17:28:04.1262 INFO connection successful
2020-05-30 17:28:05.1231 INFO connection successful
2020-05-30 17:28:06.1322 INFO connection successful
2020-05-30 17:28:07.1270 INFO connection successful
2020-05-30 17:28:08.1375 INFO connection successful
2020-05-30 17:28:09.1321 INFO connection successful
2020-05-30 17:28:10.1261 INFO connection successful
2020-05-30 17:28:11.1228 INFO connection successful
2020-05-30 17:28:12.1285 INFO connection successful
2020-05-30 17:28:13.1342 INFO connection successful
2020-05-30 17:28:14.1337 INFO connection successful
2020-05-30 17:28:15.1213 INFO connection successful
2020-05-30 17:28:16.1180 INFO connection successful
2020-05-30 17:28:17.1184 INFO connection successful
2020-05-30 17:28:18.1185 INFO connection successful
2020-05-30 17:28:19.1211 INFO connection successful
2020-05-30 17:28:20.1102 INFO connection successful
2020-05-30 17:28:21.1152 INFO connection successful
2020-05-30 17:28:22.1146 INFO connection successful
2020-05-30 17:28:23.1199 INFO connection successful
2020-05-30 17:28:24.1238 INFO connection successful
2020-05-30 17:28:25.1186 INFO connection successful
2020-05-30 17:28:26.1197 INFO connection successful
2020-05-30 17:28:27.1213 INFO connection successful
2020-05-30 17:28:28.1193 INFO connection successful
2020-05-30 17:28:29.1168 INFO connection successful
2020-05-30 17:28:30.1210 INFO connection successful
2020-05-30 17:28:31.1211 INFO connection successful
2020-05-30 17:28:32.1260 INFO connection successful
2020-05-30 17:28:33.1255 INFO connection successful
2020-05-30 17:28:34.1255 INFO connection successful
2020-05-30 17:28:35.1363 INFO connection successful
2020-05-30 17:28:36.1358 INFO connection successful
2020-05-30 17:28:37.1454 INFO connection successful
2020-05-30 17:28:38.1337 INFO connection successful
2020-05-30 17:28:39.1204 INFO connection successful
2020-05-30 17:28:40.1183 INFO connection successful
2020-05-30 17:28:41.1189 INFO connection successful
2020-05-30 17:28:42.1185 INFO connection successful
2020-05-30 17:28:43.1239 INFO connection successful
2020-05-30 17:28:44.1215 INFO connection successful
2020-05-30 17:28:45.1115 INFO connection successful
2020-05-30 17:29:03.5269 INFO connection successful
2020-05-30 17:29:04.3141 INFO connection successful
2020-05-30 17:29:05.0127 INFO connection successful
2020-05-30 17:29:05.3064 INFO connection successful
2020-05-30 17:29:06.3043 INFO connection successful
2020-05-30 17:29:07.3003 INFO connection successful
2020-05-30 17:29:08.3009 INFO connection successful
2020-05-30 17:29:09.3096 INFO connection successful
2020-05-30 17:29:10.3088 INFO connection successful
2020-05-30 17:29:11.3072 INFO connection successful
2020-05-30 17:29:12.3044 INFO connection successful
2020-05-30 17:29:13.3115 INFO connection successful
2020-05-30 17:29:14.3143 INFO connection successful
2020-05-30 17:29:15.3073 INFO connection successful
2020-05-30 17:29:16.3191 INFO connection successful
2020-05-30 17:29:17.3275 INFO connection successful
2020-05-30 17:29:18.3071 INFO connection successful
2020-05-30 17:29:19.3066 INFO connection successful
2020-05-30 17:29:20.3228 INFO connection successful
2020-05-30 17:29:21.2988 INFO connection successful
2020-05-30 17:29:22.3055 INFO connection successful
2020-05-30 17:29:23.3064 INFO connection successful
2020-05-30 17:29:24.3004 INFO connection successful
2020-05-30 17:29:25.2999 INFO connection successful
2020-05-30 17:29:26.3032 INFO connection successful
2020-05-30 17:29:27.3039 INFO connection successful
2020-05-30 17:29:28.2991 INFO connection successful
2020-05-30 18:09:40.8584 INFO connection successful
2020-05-30 18:09:41.6566 INFO connection successful
2020-05-30 18:09:42.3456 INFO connection successful
2020-05-30 18:09:42.6569 INFO connection successful
2020-05-30 18:09:43.6284 INFO connection successful
2020-05-30 18:09:44.6287 INFO connection successful
2020-05-30 18:09:45.6328 INFO connection successful
2020-05-30 18:09:46.6356 INFO connection successful
2020-05-30 18:09:47.6481 INFO connection successful
2020-05-30 18:09:48.6351 INFO connection successful
2020-05-30 18:09:49.6438 INFO connection successful
2020-05-30 18:09:50.6419 INFO connection successful
2020-05-30 18:09:51.6538 INFO connection successful
2020-05-30 18:09:52.6504 INFO connection successful
2020-05-30 18:09:53.6518 INFO connection successful
2020-05-30 18:09:54.6402 INFO connection successful
2020-05-30 18:09:55.6341 INFO connection successful
2020-05-30 18:09:56.6328 INFO connection successful
2020-05-30 18:09:57.6607 INFO connection successful
2020-05-30 18:09:58.6331 INFO connection successful
2020-05-30 18:09:59.6338 INFO connection successful
2020-05-30 18:10:00.6312 INFO connection successful
2020-05-30 18:10:01.6337 INFO connection successful
2020-05-30 18:10:02.6376 INFO connection successful
2020-05-30 18:10:03.6386 INFO connection successful
2020-05-30 18:10:04.6347 INFO connection successful
2020-05-30 18:10:05.6368 INFO connection successful
2020-05-30 18:10:06.6368 INFO connection successful
2020-05-30 18:10:07.6348 INFO connection successful
2020-05-30 18:10:08.6337 INFO connection successful
2020-05-30 18:10:09.6343 INFO connection successful
2020-05-30 18:10:10.6368 INFO connection successful
2020-05-30 18:10:11.6361 INFO connection successful
2020-05-30 18:10:12.6342 INFO connection successful
2020-05-30 18:10:13.6390 INFO connection successful
2020-05-30 18:10:14.6504 INFO connection successful
2020-05-30 18:10:15.6535 INFO connection successful
2020-05-30 18:10:16.6571 INFO connection successful
2020-05-30 18:10:17.6543 INFO connection successful
2020-05-30 18:10:18.6351 INFO connection successful
2020-05-30 18:10:19.6396 INFO connection successful
2020-05-30 18:10:20.6429 INFO connection successful
2020-05-30 18:10:21.6412 INFO connection successful
2020-05-30 18:10:22.6478 INFO connection successful
2020-05-30 18:10:23.6537 INFO connection successful
2020-05-30 18:10:24.6442 INFO connection successful
2020-05-30 18:10:25.6325 INFO connection successful
2020-05-30 18:10:26.6336 INFO connection successful
