2020-06-03 12:12:07.8809 INFO connection successful
2020-06-03 12:12:08.2840 INFO connection successful
2020-06-03 12:12:09.2903 INFO connection successful
2020-06-03 12:12:10.2815 INFO connection successful
2020-06-03 12:12:11.2882 INFO connection successful
2020-06-03 12:12:12.2699 INFO connection successful
2020-06-03 12:12:13.2721 INFO connection successful
2020-06-03 12:12:14.2686 INFO connection successful
2020-06-03 12:12:15.2719 INFO connection successful
2020-06-03 12:12:16.2808 INFO connection successful
2020-06-03 12:12:17.2808 INFO connection successful
2020-06-03 12:12:18.2823 INFO connection successful
2020-06-03 12:12:19.2808 INFO connection successful
2020-06-03 12:12:20.2817 INFO connection successful
2020-06-03 12:12:21.2784 INFO connection successful
2020-06-03 12:12:22.2808 INFO connection successful
2020-06-03 12:12:23.2828 INFO connection successful
2020-06-03 12:12:24.2830 INFO connection successful
2020-06-03 12:12:25.2810 INFO connection successful
2020-06-03 12:12:26.2858 INFO connection successful
2020-06-03 12:12:27.2683 INFO connection successful
2020-06-03 12:12:28.2690 INFO connection successful
2020-06-03 12:12:29.2677 INFO connection successful
2020-06-03 12:12:30.2684 INFO connection successful
2020-06-03 12:12:31.2686 INFO connection successful
2020-06-03 12:12:32.2684 INFO connection successful
2020-06-03 12:12:33.2677 INFO connection successful
2020-06-03 12:12:34.2688 INFO connection successful
2020-06-03 12:12:35.2690 INFO connection successful
2020-06-03 12:12:36.2702 INFO connection successful
2020-06-03 12:12:37.2712 INFO connection successful
2020-06-03 12:12:37.9784 INFO connection successful
2020-06-03 12:12:38.2692 INFO connection successful
2020-06-03 12:12:39.2667 INFO connection successful
2020-06-03 12:12:40.2679 INFO connection successful
2020-06-03 12:12:41.2826 INFO connection successful
2020-06-03 12:12:42.2855 INFO connection successful
2020-06-03 12:12:43.2793 INFO connection successful
2020-06-03 12:12:44.2767 INFO connection successful
2020-06-03 12:12:45.2774 INFO connection successful
2020-06-03 12:12:46.2767 INFO connection successful
2020-06-03 12:12:47.2778 INFO connection successful
2020-06-03 12:12:48.2884 INFO connection successful
2020-06-03 12:12:49.2686 INFO connection successful
2020-06-03 12:12:49.8187 INFO connection successful
2020-06-03 12:12:50.2686 INFO connection successful
2020-06-03 12:12:51.2680 INFO connection successful
2020-06-03 12:12:51.4260 INFO connection successful
2020-06-03 12:12:51.8818 INFO connection successful
2020-06-03 12:12:52.2716 INFO connection successful
2020-06-03 12:12:52.4259 INFO connection successful
2020-06-03 12:12:53.2696 INFO connection successful
2020-06-03 12:12:54.8526 INFO connection successful
2020-06-03 12:12:55.2721 INFO connection successful
2020-06-03 12:12:56.2670 INFO connection successful
2020-06-03 12:12:57.2748 INFO connection successful
2020-06-03 12:12:59.3276 INFO connection successful
2020-06-03 12:13:00.5389 INFO connection successful
2020-06-03 12:13:01.2709 INFO connection successful
2020-06-03 12:13:02.9900 INFO connection successful
2020-06-03 12:13:03.2728 INFO connection successful
2020-06-03 12:13:04.2671 INFO connection successful
2020-06-03 12:13:05.8425 INFO connection successful
2020-06-03 12:13:06.4110 INFO connection successful
2020-06-03 12:13:07.2730 INFO connection successful
2020-06-03 12:13:08.2721 INFO connection successful
2020-06-03 12:13:09.2720 INFO connection successful
2020-06-03 12:13:10.2689 INFO connection successful
2020-06-03 12:13:11.2706 INFO connection successful
2020-06-03 12:13:12.2654 INFO connection successful
2020-06-03 12:13:13.2704 INFO connection successful
2020-06-03 12:13:14.2660 INFO connection successful
2020-06-03 12:13:15.2668 INFO connection successful
2020-06-03 12:13:16.2683 INFO connection successful
2020-06-03 12:13:17.2682 INFO connection successful
2020-06-03 12:13:18.2670 INFO connection successful
2020-06-03 12:13:19.2676 INFO connection successful
2020-06-03 12:13:20.2709 INFO connection successful
2020-06-03 12:13:21.2662 INFO connection successful
2020-06-03 12:13:22.2655 INFO connection successful
2020-06-03 12:13:23.2669 INFO connection successful
2020-06-03 12:13:24.2686 INFO connection successful
2020-06-03 12:13:25.2665 INFO connection successful
2020-06-03 12:13:26.2825 INFO connection successful
2020-06-03 12:13:27.2793 INFO connection successful
2020-06-03 12:13:28.2844 INFO connection successful
2020-06-03 12:13:29.2818 INFO connection successful
2020-06-03 12:13:30.2760 INFO connection successful
2020-06-03 12:13:31.2784 INFO connection successful
2020-06-03 12:13:32.2789 INFO connection successful
2020-06-03 12:13:33.2783 INFO connection successful
2020-06-03 12:13:34.2803 INFO connection successful
2020-06-03 12:13:35.2846 INFO connection successful
2020-06-03 12:13:36.2709 INFO connection successful
2020-06-03 12:13:37.2674 INFO connection successful
2020-06-03 12:13:38.2679 INFO connection successful
2020-06-03 12:13:39.2672 INFO connection successful
2020-06-03 12:13:40.2660 INFO connection successful
2020-06-03 12:13:41.2699 INFO connection successful
2020-06-03 12:13:42.2651 INFO connection successful
2020-06-03 12:13:43.2661 INFO connection successful
2020-06-03 12:13:44.2691 INFO connection successful
2020-06-03 12:13:45.2667 INFO connection successful
2020-06-03 12:13:46.2659 INFO connection successful
2020-06-03 12:13:47.2681 INFO connection successful
2020-06-03 12:13:48.2657 INFO connection successful
2020-06-03 12:13:49.2667 INFO connection successful
2020-06-03 12:13:50.2662 INFO connection successful
2020-06-03 12:13:51.2671 INFO connection successful
2020-06-03 12:13:52.2667 INFO connection successful
2020-06-03 12:13:53.2673 INFO connection successful
2020-06-03 12:13:54.2672 INFO connection successful
2020-06-03 12:13:55.2663 INFO connection successful
2020-06-03 12:13:56.2680 INFO connection successful
2020-06-03 12:13:57.2696 INFO connection successful
2020-06-03 12:13:58.2666 INFO connection successful
2020-06-03 12:13:59.2681 INFO connection successful
2020-06-03 12:14:00.2670 INFO connection successful
2020-06-03 12:14:01.2693 INFO connection successful
2020-06-03 12:14:02.2929 INFO connection successful
2020-06-03 12:14:03.2850 INFO connection successful
2020-06-03 12:14:04.2827 INFO connection successful
2020-06-03 12:14:05.2812 INFO connection successful
2020-06-03 12:14:06.2825 INFO connection successful
2020-06-03 12:14:07.2849 INFO connection successful
2020-06-03 12:14:08.2776 INFO connection successful
2020-06-03 12:14:09.2777 INFO connection successful
2020-06-03 12:14:10.2845 INFO connection successful
2020-06-03 12:14:11.2906 INFO connection successful
2020-06-03 12:14:12.2654 INFO connection successful
2020-06-03 12:14:13.2681 INFO connection successful
2020-06-03 12:14:16.7856 INFO connection successful
2020-06-03 12:14:17.2676 INFO connection successful
2020-06-03 12:14:18.2662 INFO connection successful
2020-06-03 12:14:19.2694 INFO connection successful
2020-06-03 12:14:20.2665 INFO connection successful
2020-06-03 12:14:21.2686 INFO connection successful
2020-06-03 12:14:23.3917 INFO connection successful
2020-06-03 12:14:24.2676 INFO connection successful
2020-06-03 12:14:25.2715 INFO connection successful
2020-06-03 12:14:26.8219 INFO connection successful
2020-06-03 12:14:27.2691 INFO connection successful
2020-06-03 12:14:28.2689 INFO connection successful
2020-06-03 12:14:29.2674 INFO connection successful
2020-06-03 12:14:30.9317 INFO connection successful
2020-06-03 12:14:31.2666 INFO connection successful
2020-06-03 12:14:32.2698 INFO connection successful
2020-06-03 12:14:33.2672 INFO connection successful
2020-06-03 12:14:34.2679 INFO connection successful
2020-06-03 12:14:35.9971 INFO connection successful
2020-06-03 12:14:36.2679 INFO connection successful
2020-06-03 12:14:37.2691 INFO connection successful
2020-06-03 12:14:39.2183 INFO connection successful
2020-06-03 12:14:39.2666 INFO connection successful
2020-06-03 12:14:40.2652 INFO connection successful
2020-06-03 12:14:41.2701 INFO connection successful
2020-06-03 12:14:42.2675 INFO connection successful
2020-06-03 12:14:43.2669 INFO connection successful
2020-06-03 12:14:44.2684 INFO connection successful
2020-06-03 12:15:18.5571 INFO connection successful
2020-06-03 12:15:18.7349 INFO connection successful
2020-06-03 12:15:18.8129 INFO connection successful
2020-06-03 12:15:19.3391 INFO connection successful
2020-06-03 12:15:20.1937 INFO connection successful
2020-06-03 12:15:20.3131 INFO connection successful
2020-06-03 12:15:21.3153 INFO connection successful
2020-06-03 12:15:22.3164 INFO connection successful
2020-06-03 12:15:23.3167 INFO connection successful
2020-06-03 12:15:24.3118 INFO connection successful
2020-06-03 12:15:25.3331 INFO connection successful
2020-06-03 12:15:26.3179 INFO connection successful
2020-06-03 12:15:27.3125 INFO connection successful
2020-06-03 12:15:28.3156 INFO connection successful
2020-06-03 12:15:29.3140 INFO connection successful
2020-06-03 12:15:30.3162 INFO connection successful
2020-06-03 12:15:31.4490 INFO connection successful
2020-06-03 12:15:32.3376 INFO connection successful
2020-06-03 12:15:33.3153 INFO connection successful
2020-06-03 12:15:34.3177 INFO connection successful
2020-06-03 12:15:35.3136 INFO connection successful
2020-06-03 12:15:36.3158 INFO connection successful
2020-06-03 12:15:37.3165 INFO connection successful
2020-06-03 12:15:38.3138 INFO connection successful
2020-06-03 12:15:39.3153 INFO connection successful
2020-06-03 12:15:40.3129 INFO connection successful
2020-06-03 12:15:41.3141 INFO connection successful
2020-06-03 12:15:42.3162 INFO connection successful
2020-06-03 12:15:43.3155 INFO connection successful
2020-06-03 12:15:44.3166 INFO connection successful
2020-06-03 12:15:45.3142 INFO connection successful
2020-06-03 12:15:46.3337 INFO connection successful
2020-06-03 12:15:47.3161 INFO connection successful
2020-06-03 12:15:48.3169 INFO connection successful
2020-06-03 12:15:49.6669 INFO connection successful
2020-06-03 12:15:50.3150 INFO connection successful
2020-06-03 12:15:53.6530 INFO connection successful
2020-06-03 12:15:54.3163 INFO connection successful
2020-06-03 12:15:55.9484 INFO connection successful
2020-06-03 12:15:56.3143 INFO connection successful
2020-06-03 12:15:57.3132 INFO connection successful
2020-06-03 12:15:58.3277 INFO connection successful
2020-06-03 12:15:59.3148 INFO connection successful
2020-06-03 12:16:00.3119 INFO connection successful
2020-06-03 12:16:01.3133 INFO connection successful
2020-06-03 12:16:02.3197 INFO connection successful
2020-06-03 12:16:03.3296 INFO connection successful
2020-06-03 12:16:04.3261 INFO connection successful
2020-06-03 12:16:05.3270 INFO connection successful
2020-06-03 12:16:06.3245 INFO connection successful
2020-06-03 12:16:07.3289 INFO connection successful
2020-06-03 12:16:08.3266 INFO connection successful
2020-06-03 12:16:09.3301 INFO connection successful
2020-06-03 12:16:10.3440 INFO connection successful
2020-06-03 12:16:11.3196 INFO connection successful
2020-06-03 12:16:12.3131 INFO connection successful
2020-06-03 12:16:13.3163 INFO connection successful
2020-06-03 12:16:14.3170 INFO connection successful
2020-06-03 12:16:15.3159 INFO connection successful
2020-06-03 12:16:16.3183 INFO connection successful
2020-06-03 12:16:17.3124 INFO connection successful
2020-06-03 12:16:18.3172 INFO connection successful
2020-06-03 12:16:19.3132 INFO connection successful
2020-06-03 12:16:20.3140 INFO connection successful
2020-06-03 12:16:21.3157 INFO connection successful
2020-06-03 12:16:22.5916 INFO connection successful
2020-06-03 12:16:23.6729 INFO connection successful
2020-06-03 12:16:24.3162 INFO connection successful
2020-06-03 12:16:25.3131 INFO connection successful
2020-06-03 12:16:26.4329 INFO connection successful
2020-06-03 12:16:27.3212 INFO connection successful
2020-06-03 12:16:28.3194 INFO connection successful
2020-06-03 12:16:29.3169 INFO connection successful
2020-06-03 12:16:30.3140 INFO connection successful
2020-06-03 12:16:31.3176 INFO connection successful
2020-06-03 12:16:32.3137 INFO connection successful
2020-06-03 12:16:33.3145 INFO connection successful
2020-06-03 12:16:34.3129 INFO connection successful
2020-06-03 12:16:35.3143 INFO connection successful
2020-06-03 12:16:36.3149 INFO connection successful
2020-06-03 12:16:37.3162 INFO connection successful
2020-06-03 12:16:38.3142 INFO connection successful
2020-06-03 12:16:39.3131 INFO connection successful
2020-06-03 12:16:40.3144 INFO connection successful
2020-06-03 12:16:41.3159 INFO connection successful
2020-06-03 12:16:42.3133 INFO connection successful
2020-06-03 12:16:43.3158 INFO connection successful
2020-06-03 12:16:44.4704 INFO connection successful
2020-06-03 12:16:45.3160 INFO connection successful
2020-06-03 12:16:46.3140 INFO connection successful
2020-06-03 12:16:47.3158 INFO connection successful
2020-06-03 12:16:48.3121 INFO connection successful
2020-06-03 12:16:49.3141 INFO connection successful
2020-06-03 12:16:50.3143 INFO connection successful
2020-06-03 12:16:51.3160 INFO connection successful
2020-06-03 12:16:52.3140 INFO connection successful
2020-06-03 12:16:53.3160 INFO connection successful
2020-06-03 12:16:54.3168 INFO connection successful
2020-06-03 12:16:55.3152 INFO connection successful
2020-06-03 12:16:56.3232 INFO connection successful
2020-06-03 12:16:57.3159 INFO connection successful
2020-06-03 12:16:58.3159 INFO connection successful
2020-06-03 12:17:50.8724 INFO connection successful
2020-06-03 12:17:51.6231 INFO connection successful
2020-06-03 12:17:51.8036 INFO connection successful
2020-06-03 12:17:51.8874 INFO connection successful
2020-06-03 12:17:52.6115 INFO connection successful
2020-06-03 12:17:52.8488 INFO connection successful
2020-06-03 12:17:53.5092 ERROR MySql.Data.MySqlClient.MySqlException (0x80004005): Unknown column 'trends_data.ID' in 'on clause'
   в MySql.Data.MySqlClient.MySqlStream.ReadPacket()
   в MySql.Data.MySqlClient.NativeDriver.GetResult(Int32& affectedRow, Int64& insertedId)
   в MySql.Data.MySqlClient.Driver.GetResult(Int32 statementId, Int32& affectedRows, Int64& insertedId)
   в MySql.Data.MySqlClient.Driver.NextResult(Int32 statementId, Boolean force)
   в MySql.Data.MySqlClient.MySqlDataReader.NextResult()
   в MySql.Data.MySqlClient.MySqlCommand.ExecuteReader(CommandBehavior behavior)
   в MySql.Data.MySqlClient.MySqlCommand.ExecuteReader()
   в NURESCADA.StaticForm.BuildingChart(String selected, String timeFormat) в C:\Users\alex2\Documents\GitHub\OMEGA\MySCADA\Forms\StaticForm.cs:строка 105
2020-06-03 12:17:53.6288 INFO connection successful
2020-06-03 12:17:54.6222 INFO connection successful
2020-06-03 12:17:55.6188 INFO connection successful
2020-06-03 12:17:56.6199 INFO connection successful
2020-06-03 12:17:57.6237 INFO connection successful
2020-06-03 12:17:58.6263 INFO connection successful
2020-06-03 12:17:59.6256 INFO connection successful
2020-06-03 12:18:00.6219 INFO connection successful
2020-06-03 12:18:13.2467 INFO connection successful
2020-06-03 12:18:13.3534 INFO connection successful
2020-06-03 12:18:14.2254 INFO connection successful
2020-06-03 12:18:14.8597 ERROR MySql.Data.MySqlClient.MySqlException (0x80004005): Unknown column 'trends_data.ID' in 'on clause'
   в MySql.Data.MySqlClient.MySqlStream.ReadPacket()
   в MySql.Data.MySqlClient.NativeDriver.GetResult(Int32& affectedRow, Int64& insertedId)
   в MySql.Data.MySqlClient.Driver.GetResult(Int32 statementId, Int32& affectedRows, Int64& insertedId)
   в MySql.Data.MySqlClient.Driver.NextResult(Int32 statementId, Boolean force)
   в MySql.Data.MySqlClient.MySqlDataReader.NextResult()
   в MySql.Data.MySqlClient.MySqlCommand.ExecuteReader(CommandBehavior behavior)
   в MySql.Data.MySqlClient.MySqlCommand.ExecuteReader()
   в NURESCADA.StaticForm.BuildingChart(String selected, String timeFormat) в C:\Users\alex2\Documents\GitHub\OMEGA\MySCADA\Forms\StaticForm.cs:строка 105
2020-06-03 12:18:43.0795 INFO connection successful
2020-06-03 12:18:43.1912 INFO connection successful
2020-06-03 12:18:44.0939 INFO connection successful
2020-06-03 12:18:46.9592 INFO connection successful
2020-06-03 12:19:05.2561 INFO connection successful
2020-06-03 12:20:13.4542 WARN System.InvalidOperationException: Connection must be valid and open.
   в MySql.Data.MySqlClient.MySqlCommand.Throw(Exception ex)
   в MySql.Data.MySqlClient.MySqlCommand.CheckState()
   в MySql.Data.MySqlClient.MySqlCommand.ExecuteReader(CommandBehavior behavior)
   в MySql.Data.MySqlClient.MySqlCommand.ExecuteReader()
   в NURESCADA.MainForm.cbDataSets_Click(Object sender, EventArgs e) в C:\Users\alex2\Documents\GitHub\OMEGA\MySCADA\Forms\MainForm.cs:строка 211
2020-06-03 12:20:15.6295 INFO connection successful
2020-06-03 12:20:15.7113 INFO connection successful
2020-06-03 12:20:16.8749 INFO connection successful
2020-06-03 12:21:01.9762 INFO connection successful
2020-06-03 12:21:02.0769 INFO connection successful
2020-06-03 12:21:03.2732 INFO connection successful
2020-06-03 12:23:49.4038 INFO connection successful
2020-06-03 12:23:49.5178 INFO connection successful
2020-06-03 12:23:50.7383 INFO connection successful
2020-06-03 12:24:06.1954 INFO connection successful
2020-06-03 12:24:07.9756 INFO connection successful
2020-06-03 12:24:24.7617 INFO connection successful
2020-06-03 12:24:24.8275 INFO connection successful
2020-06-03 12:24:27.6941 INFO connection successful
2020-06-03 12:25:51.5898 INFO connection successful
2020-06-03 12:25:51.7081 INFO connection successful
2020-06-03 12:25:53.1628 INFO connection successful
2020-06-03 12:28:36.4316 INFO connection successful
2020-06-03 12:28:36.5443 INFO connection successful
2020-06-03 12:28:36.7407 INFO connection successful
2020-06-03 12:28:37.3142 INFO connection successful
2020-06-03 12:28:37.8657 INFO connection successful
2020-06-03 12:28:38.3235 INFO connection successful
2020-06-03 12:28:39.3129 INFO connection successful
2020-06-03 12:28:40.3321 INFO connection successful
2020-06-03 12:28:40.4588 INFO connection successful
2020-06-03 12:28:41.3150 INFO connection successful
2020-06-03 12:28:42.3948 INFO connection successful
2020-06-03 12:28:43.3143 INFO connection successful
2020-06-03 12:28:44.8407 INFO connection successful
2020-06-03 12:28:45.3155 INFO connection successful
2020-06-03 12:28:47.6491 INFO connection successful
2020-06-03 12:28:48.3151 INFO connection successful
2020-06-03 12:28:49.4026 INFO connection successful
2020-06-03 12:28:50.3165 INFO connection successful
2020-06-03 12:28:51.3278 INFO connection successful
2020-06-03 12:28:52.3148 INFO connection successful
2020-06-03 12:28:53.3646 INFO connection successful
2020-06-03 12:28:54.5750 INFO connection successful
2020-06-03 12:28:55.3143 INFO connection successful
2020-06-03 12:28:56.7596 INFO connection successful
2020-06-03 12:28:57.3145 INFO connection successful
2020-06-03 12:29:00.1415 INFO connection successful
2020-06-03 12:29:00.3134 INFO connection successful
2020-06-03 12:29:02.5000 INFO connection successful
2020-06-03 12:29:28.0159 INFO connection successful
2020-06-03 12:29:28.1166 INFO connection successful
2020-06-03 12:29:28.3111 INFO connection successful
2020-06-03 12:29:29.1109 INFO connection successful
2020-06-03 12:29:29.2476 INFO connection successful
2020-06-03 12:29:30.1582 INFO connection successful
2020-06-03 12:29:31.2113 INFO connection successful
2020-06-03 12:29:32.1432 INFO connection successful
2020-06-03 12:29:33.1412 INFO connection successful
2020-06-03 12:29:35.6639 INFO connection successful
2020-06-03 12:29:36.1437 INFO connection successful
2020-06-03 12:29:37.1454 INFO connection successful
2020-06-03 12:29:38.5746 INFO connection successful
2020-06-03 12:29:39.1415 INFO connection successful
2020-06-03 12:29:40.1456 INFO connection successful
2020-06-03 12:29:41.1653 INFO connection successful
2020-06-03 12:29:42.1402 INFO connection successful
2020-06-03 12:29:43.1450 INFO connection successful
2020-06-03 12:29:44.5363 INFO connection successful
2020-06-03 12:29:46.9258 INFO connection successful
2020-06-03 12:29:47.1401 INFO connection successful
2020-06-03 12:29:48.1407 INFO connection successful
2020-06-03 12:29:49.1422 INFO connection successful
2020-06-03 12:29:50.1448 INFO connection successful
2020-06-03 12:29:51.1432 INFO connection successful
2020-06-03 12:29:52.1453 INFO connection successful
2020-06-03 12:29:53.1441 INFO connection successful
2020-06-03 12:31:20.7540 INFO connection successful
2020-06-03 12:31:20.8617 INFO connection successful
2020-06-03 12:31:23.3032 INFO connection successful
2020-06-03 12:32:17.5822 INFO connection successful
2020-06-03 12:32:17.6919 INFO connection successful
2020-06-03 12:32:18.8049 INFO connection successful
2020-06-03 12:44:00.7339 INFO connection successful
2020-06-03 12:44:00.8426 INFO connection successful
2020-06-03 12:44:03.3182 INFO connection successful
2020-06-03 13:25:23.3656 INFO connection successful
2020-06-03 13:25:24.6322 INFO connection successful
2020-06-03 13:25:26.1624 INFO connection successful
2020-06-03 13:33:47.2822 INFO connection successful
2020-06-03 13:33:48.5354 INFO connection successful
2020-06-03 13:33:50.0637 INFO connection successful
2020-06-03 13:33:51.3191 INFO connection successful
2020-06-03 13:33:52.0640 INFO connection successful
