2020-06-01 00:19:29.7642 WARN System.InvalidOperationException: Connection must be valid and open.
   в MySql.Data.MySqlClient.MySqlCommand.Throw(Exception ex)
   в MySql.Data.MySqlClient.MySqlCommand.CheckState()
   в MySql.Data.MySqlClient.MySqlCommand.ExecuteReader(CommandBehavior behavior)
   в MySql.Data.MySqlClient.MySqlCommand.ExecuteReader()
   в NURESCADA.MainForm.cbDataSets_Click(Object sender, EventArgs e) в C:\Users\alex2\Documents\GitHub\OMEGA\MySCADA\Forms\MainForm.cs:строка 199
2020-06-01 00:19:32.8221 WARN System.InvalidOperationException: Connection must be valid and open.
   в MySql.Data.MySqlClient.MySqlCommand.Throw(Exception ex)
   в MySql.Data.MySqlClient.MySqlCommand.CheckState()
   в MySql.Data.MySqlClient.MySqlCommand.ExecuteReader(CommandBehavior behavior)
   в MySql.Data.MySqlClient.MySqlCommand.ExecuteReader()
   в NURESCADA.MainForm.cbDataSets_Click(Object sender, EventArgs e) в C:\Users\alex2\Documents\GitHub\OMEGA\MySCADA\Forms\MainForm.cs:строка 199
2020-06-01 00:19:41.5079 INFO connection successful
2020-06-01 00:19:42.1743 INFO connection successful
2020-06-01 00:19:43.1737 INFO connection successful
2020-06-01 00:19:44.2779 INFO connection successful
2020-06-01 00:19:45.1708 INFO connection successful
2020-06-01 00:19:46.1688 INFO connection successful
2020-06-01 00:19:47.1693 INFO connection successful
2020-06-01 00:19:48.1687 INFO connection successful
2020-06-01 00:19:49.1590 INFO connection successful
2020-06-01 00:19:50.1595 INFO connection successful
2020-06-01 00:19:51.1689 INFO connection successful
2020-06-01 00:19:52.1682 INFO connection successful
2020-06-01 00:19:53.1608 INFO connection successful
2020-06-01 00:19:54.1561 INFO connection successful
2020-06-01 00:19:55.1566 INFO connection successful
2020-06-01 00:19:56.1616 INFO connection successful
2020-06-01 00:19:57.1556 INFO connection successful
2020-06-01 00:19:58.1752 INFO connection successful
2020-06-01 00:20:00.0410 INFO connection successful
2020-06-01 00:20:00.3731 INFO connection successful
2020-06-01 00:20:01.2737 INFO connection successful
2020-06-01 00:20:02.0217 INFO connection successful
2020-06-01 00:20:02.1576 INFO connection successful
2020-06-01 00:20:03.1688 INFO connection successful
2020-06-01 00:20:04.1687 INFO connection successful
2020-06-01 00:20:05.1644 INFO connection successful
2020-06-01 00:20:06.1648 INFO connection successful
2020-06-01 00:20:07.1696 INFO connection successful
2020-06-01 00:20:08.1656 INFO connection successful
2020-06-01 00:20:09.1673 INFO connection successful
2020-06-01 00:20:10.1697 INFO connection successful
2020-06-01 00:20:11.1674 INFO connection successful
2020-06-01 00:20:12.1671 INFO connection successful
2020-06-01 00:20:13.1541 INFO connection successful
2020-06-01 00:20:14.1571 INFO connection successful
2020-06-01 00:20:15.1549 INFO connection successful
2020-06-01 00:20:16.1538 INFO connection successful
2020-06-01 00:20:17.1531 INFO connection successful
2020-06-01 00:20:18.1583 INFO connection successful
2020-06-01 00:20:19.1568 INFO connection successful
2020-06-01 00:20:20.1542 INFO connection successful
2020-06-01 00:20:21.1583 INFO connection successful
2020-06-01 00:20:22.1581 INFO connection successful
2020-06-01 00:20:23.1569 INFO connection successful
2020-06-01 00:20:24.1541 INFO connection successful
2020-06-01 00:20:25.1571 INFO connection successful
2020-06-01 00:20:26.1568 INFO connection successful
2020-06-01 00:20:27.2200 INFO connection successful
2020-06-01 00:20:28.1645 INFO connection successful
2020-06-01 00:20:29.1668 INFO connection successful
2020-06-01 00:20:30.1673 INFO connection successful
2020-06-01 00:20:31.1705 INFO connection successful
2020-06-01 00:20:32.1645 INFO connection successful
2020-06-01 00:20:33.1649 INFO connection successful
2020-06-01 00:20:34.1669 INFO connection successful
2020-06-01 00:20:35.1693 INFO connection successful
2020-06-01 00:20:36.1669 INFO connection successful
2020-06-01 00:20:37.1540 INFO connection successful
2020-06-01 00:20:38.1572 INFO connection successful
2020-06-01 00:20:39.1545 INFO connection successful
2020-06-01 00:25:11.9763 INFO connection successful
2020-06-01 00:25:17.0096 INFO connection successful
2020-06-01 00:25:18.5909 ERROR MySql.Data.MySqlClient.MySqlException (0x80004005): PROCEDURE simplescada.Se does not exist
   в MySql.Data.MySqlClient.MySqlStream.ReadPacket()
   в MySql.Data.MySqlClient.NativeDriver.GetResult(Int32& affectedRow, Int64& insertedId)
   в MySql.Data.MySqlClient.Driver.GetResult(Int32 statementId, Int32& affectedRows, Int64& insertedId)
   в MySql.Data.MySqlClient.Driver.NextResult(Int32 statementId, Boolean force)
   в MySql.Data.MySqlClient.MySqlDataReader.NextResult()
   в MySql.Data.MySqlClient.MySqlCommand.ExecuteReader(CommandBehavior behavior)
   в MySql.Data.MySqlClient.MySqlCommand.ExecuteReader()
   в NURESCADA.Forms.CommandForm.runQuery() в C:\Users\alex2\Documents\GitHub\OMEGA\MySCADA\Forms\CommandForm.cs:строка 50
2020-06-01 00:25:31.0983 INFO connection successful
2020-06-01 00:25:33.6922 ERROR MySql.Data.MySqlClient.MySqlException (0x80004005): Table 'simplescada.recipies' doesn't exist
   в MySql.Data.MySqlClient.MySqlStream.ReadPacket()
   в MySql.Data.MySqlClient.NativeDriver.GetResult(Int32& affectedRow, Int64& insertedId)
   в MySql.Data.MySqlClient.Driver.GetResult(Int32 statementId, Int32& affectedRows, Int64& insertedId)
   в MySql.Data.MySqlClient.Driver.NextResult(Int32 statementId, Boolean force)
   в MySql.Data.MySqlClient.MySqlDataReader.NextResult()
   в MySql.Data.MySqlClient.MySqlCommand.ExecuteReader(CommandBehavior behavior)
   в MySql.Data.MySqlClient.MySqlCommand.ExecuteReader()
   в NURESCADA.Forms.CommandForm.runQuery() в C:\Users\alex2\Documents\GitHub\OMEGA\MySCADA\Forms\CommandForm.cs:строка 50
2020-06-01 00:25:36.4040 INFO connection successful
2020-06-01 00:25:38.3041 INFO SQL query: Select * From recipes

2020-06-01 00:25:39.9961 ERROR MySql.Data.MySqlClient.MySqlException (0x80004005): There is already an open DataReader associated with this Connection which must be closed first.
   в MySql.Data.MySqlClient.Interceptors.ExceptionInterceptor.Throw(Exception exception)
   в MySql.Data.MySqlClient.MySqlConnection.Throw(Exception ex)
   в MySql.Data.MySqlClient.MySqlCommand.Throw(Exception ex)
   в MySql.Data.MySqlClient.MySqlCommand.CheckState()
   в MySql.Data.MySqlClient.MySqlCommand.ExecuteReader(CommandBehavior behavior)
   в MySql.Data.MySqlClient.MySqlCommand.ExecuteDbDataReader(CommandBehavior behavior)
   в System.Data.Common.DbCommand.System.Data.IDbCommand.ExecuteReader(CommandBehavior behavior)
   в System.Data.Common.DbDataAdapter.FillInternal(DataSet dataset, DataTable[] datatables, Int32 startRecord, Int32 maxRecords, String srcTable, IDbCommand command, CommandBehavior behavior)
   в System.Data.Common.DbDataAdapter.Fill(DataSet dataSet, Int32 startRecord, Int32 maxRecords, String srcTable, IDbCommand command, CommandBehavior behavior)
   в System.Data.Common.DbDataAdapter.Fill(DataSet dataSet)
   в NURESCADA.Forms.CommandForm.runQuery() в C:\Users\alex2\Documents\GitHub\OMEGA\MySCADA\Forms\CommandForm.cs:строка 55
2020-06-01 00:25:40.9096 INFO connection successful
2020-06-01 00:25:41.8534 INFO SQL query: Select * From recipes

2020-06-01 00:25:43.4206 ERROR MySql.Data.MySqlClient.MySqlException (0x80004005): There is already an open DataReader associated with this Connection which must be closed first.
   в MySql.Data.MySqlClient.Interceptors.ExceptionInterceptor.Throw(Exception exception)
   в MySql.Data.MySqlClient.MySqlConnection.Throw(Exception ex)
   в MySql.Data.MySqlClient.MySqlCommand.Throw(Exception ex)
   в MySql.Data.MySqlClient.MySqlCommand.CheckState()
   в MySql.Data.MySqlClient.MySqlCommand.ExecuteReader(CommandBehavior behavior)
   в MySql.Data.MySqlClient.MySqlCommand.ExecuteDbDataReader(CommandBehavior behavior)
   в System.Data.Common.DbCommand.System.Data.IDbCommand.ExecuteReader(CommandBehavior behavior)
   в System.Data.Common.DbDataAdapter.FillInternal(DataSet dataset, DataTable[] datatables, Int32 startRecord, Int32 maxRecords, String srcTable, IDbCommand command, CommandBehavior behavior)
   в System.Data.Common.DbDataAdapter.Fill(DataSet dataSet, Int32 startRecord, Int32 maxRecords, String srcTable, IDbCommand command, CommandBehavior behavior)
   в System.Data.Common.DbDataAdapter.Fill(DataSet dataSet)
   в NURESCADA.Forms.CommandForm.runQuery() в C:\Users\alex2\Documents\GitHub\OMEGA\MySCADA\Forms\CommandForm.cs:строка 55
2020-06-01 00:25:48.7641 INFO connection successful
2020-06-01 00:25:50.0795 INFO SQL query: Select * From recipes

2020-06-01 00:25:53.9163 ERROR MySql.Data.MySqlClient.MySqlException (0x80004005): There is already an open DataReader associated with this Connection which must be closed first.
   в MySql.Data.MySqlClient.Interceptors.ExceptionInterceptor.Throw(Exception exception)
   в MySql.Data.MySqlClient.MySqlConnection.Throw(Exception ex)
   в MySql.Data.MySqlClient.MySqlCommand.Throw(Exception ex)
   в MySql.Data.MySqlClient.MySqlCommand.CheckState()
   в MySql.Data.MySqlClient.MySqlCommand.ExecuteReader(CommandBehavior behavior)
   в MySql.Data.MySqlClient.MySqlCommand.ExecuteDbDataReader(CommandBehavior behavior)
   в System.Data.Common.DbCommand.System.Data.IDbCommand.ExecuteReader(CommandBehavior behavior)
   в System.Data.Common.DbDataAdapter.FillInternal(DataSet dataset, DataTable[] datatables, Int32 startRecord, Int32 maxRecords, String srcTable, IDbCommand command, CommandBehavior behavior)
   в System.Data.Common.DbDataAdapter.Fill(DataSet dataSet, Int32 startRecord, Int32 maxRecords, String srcTable, IDbCommand command, CommandBehavior behavior)
   в System.Data.Common.DbDataAdapter.Fill(DataSet dataSet)
   в NURESCADA.Forms.CommandForm.runQuery() в C:\Users\alex2\Documents\GitHub\OMEGA\MySCADA\Forms\CommandForm.cs:строка 55
2020-06-01 00:25:55.4687 INFO connection successful
2020-06-01 00:25:56.3342 INFO SQL query: Select * From recipes

2020-06-01 00:25:56.8265 ERROR MySql.Data.MySqlClient.MySqlException (0x80004005): There is already an open DataReader associated with this Connection which must be closed first.
   в MySql.Data.MySqlClient.Interceptors.ExceptionInterceptor.Throw(Exception exception)
   в MySql.Data.MySqlClient.MySqlConnection.Throw(Exception ex)
   в MySql.Data.MySqlClient.MySqlCommand.Throw(Exception ex)
   в MySql.Data.MySqlClient.MySqlCommand.CheckState()
   в MySql.Data.MySqlClient.MySqlCommand.ExecuteReader(CommandBehavior behavior)
   в MySql.Data.MySqlClient.MySqlCommand.ExecuteDbDataReader(CommandBehavior behavior)
   в System.Data.Common.DbCommand.System.Data.IDbCommand.ExecuteReader(CommandBehavior behavior)
   в System.Data.Common.DbDataAdapter.FillInternal(DataSet dataset, DataTable[] datatables, Int32 startRecord, Int32 maxRecords, String srcTable, IDbCommand command, CommandBehavior behavior)
   в System.Data.Common.DbDataAdapter.Fill(DataSet dataSet, Int32 startRecord, Int32 maxRecords, String srcTable, IDbCommand command, CommandBehavior behavior)
   в System.Data.Common.DbDataAdapter.Fill(DataSet dataSet)
   в NURESCADA.Forms.CommandForm.runQuery() в C:\Users\alex2\Documents\GitHub\OMEGA\MySCADA\Forms\CommandForm.cs:строка 55
2020-06-01 00:26:11.5745 INFO connection successful
2020-06-01 00:26:13.7466 WARN SQL query: empty
2020-06-01 00:26:21.1400 INFO connection successful
2020-06-01 00:26:22.7034 INFO SQL query: Select * From recipes
2020-06-01 00:26:23.4130 ERROR MySql.Data.MySqlClient.MySqlException (0x80004005): There is already an open DataReader associated with this Connection which must be closed first.
   в MySql.Data.MySqlClient.Interceptors.ExceptionInterceptor.Throw(Exception exception)
   в MySql.Data.MySqlClient.MySqlConnection.Throw(Exception ex)
   в MySql.Data.MySqlClient.MySqlCommand.Throw(Exception ex)
   в MySql.Data.MySqlClient.MySqlCommand.CheckState()
   в MySql.Data.MySqlClient.MySqlCommand.ExecuteReader(CommandBehavior behavior)
   в MySql.Data.MySqlClient.MySqlCommand.ExecuteDbDataReader(CommandBehavior behavior)
   в System.Data.Common.DbCommand.System.Data.IDbCommand.ExecuteReader(CommandBehavior behavior)
   в System.Data.Common.DbDataAdapter.FillInternal(DataSet dataset, DataTable[] datatables, Int32 startRecord, Int32 maxRecords, String srcTable, IDbCommand command, CommandBehavior behavior)
   в System.Data.Common.DbDataAdapter.Fill(DataSet dataSet, Int32 startRecord, Int32 maxRecords, String srcTable, IDbCommand command, CommandBehavior behavior)
   в System.Data.Common.DbDataAdapter.Fill(DataSet dataSet)
   в NURESCADA.Forms.CommandForm.runQuery() в C:\Users\alex2\Documents\GitHub\OMEGA\MySCADA\Forms\CommandForm.cs:строка 56
2020-06-01 00:26:43.9607 INFO connection successful
2020-06-01 00:26:46.4071 INFO connection successful
2020-06-01 00:26:47.7619 INFO SQL query: Select * From recipes
2020-06-01 00:27:37.6397 INFO connection successful
2020-06-01 00:28:26.5428 WARN System.InvalidOperationException: Connection must be valid and open.
   в MySql.Data.MySqlClient.MySqlCommand.Throw(Exception ex)
   в MySql.Data.MySqlClient.MySqlCommand.CheckState()
   в MySql.Data.MySqlClient.MySqlCommand.ExecuteReader(CommandBehavior behavior)
   в MySql.Data.MySqlClient.MySqlCommand.ExecuteReader()
   в NURESCADA.MainForm.cbDataSets_Click(Object sender, EventArgs e) в C:\Users\alex2\Documents\GitHub\OMEGA\MySCADA\Forms\MainForm.cs:строка 199
2020-06-01 00:28:28.8747 INFO connection successful
2020-06-01 00:28:35.2572 ERROR MySql.Data.MySqlClient.MySqlException (0x80004005): PROCEDURE simplescada.s does not exist
   в MySql.Data.MySqlClient.MySqlStream.ReadPacket()
   в MySql.Data.MySqlClient.NativeDriver.GetResult(Int32& affectedRow, Int64& insertedId)
   в MySql.Data.MySqlClient.Driver.GetResult(Int32 statementId, Int32& affectedRows, Int64& insertedId)
   в MySql.Data.MySqlClient.Driver.NextResult(Int32 statementId, Boolean force)
   в MySql.Data.MySqlClient.MySqlDataReader.NextResult()
   в MySql.Data.MySqlClient.MySqlCommand.ExecuteReader(CommandBehavior behavior)
   в MySql.Data.MySqlClient.MySqlCommand.ExecuteDbDataReader(CommandBehavior behavior)
   в System.Data.Common.DbCommand.System.Data.IDbCommand.ExecuteReader(CommandBehavior behavior)
   в System.Data.Common.DbDataAdapter.FillInternal(DataSet dataset, DataTable[] datatables, Int32 startRecord, Int32 maxRecords, String srcTable, IDbCommand command, CommandBehavior behavior)
   в System.Data.Common.DbDataAdapter.Fill(DataSet dataSet, Int32 startRecord, Int32 maxRecords, String srcTable, IDbCommand command, CommandBehavior behavior)
   в System.Data.Common.DbDataAdapter.Fill(DataSet dataSet)
   в NURESCADA.Forms.CommandForm.runQuery() в C:\Users\alex2\Documents\GitHub\OMEGA\MySCADA\Forms\CommandForm.cs:строка 51
2020-06-01 00:29:28.7950 WARN System.InvalidOperationException: Connection must be valid and open.
   в MySql.Data.MySqlClient.MySqlCommand.Throw(Exception ex)
   в MySql.Data.MySqlClient.MySqlCommand.CheckState()
   в MySql.Data.MySqlClient.MySqlCommand.ExecuteReader(CommandBehavior behavior)
   в MySql.Data.MySqlClient.MySqlCommand.ExecuteReader()
   в NURESCADA.MainForm.cbDataSets_Click(Object sender, EventArgs e) в C:\Users\alex2\Documents\GitHub\OMEGA\MySCADA\Forms\MainForm.cs:строка 199
2020-06-01 00:29:31.2880 INFO connection successful
2020-06-01 00:29:31.3690 INFO connection successful
2020-06-01 00:29:34.8923 INFO connection successful
2020-06-01 00:29:35.4547 INFO connection successful
2020-06-01 00:29:35.5046 INFO connection successful
2020-06-01 00:29:35.9033 INFO connection successful
2020-06-01 00:29:36.9440 INFO connection successful
2020-06-01 00:29:37.9041 INFO connection successful
2020-06-01 00:29:38.9025 INFO connection successful
2020-06-01 00:29:39.9047 INFO connection successful
2020-06-01 00:29:40.4453 INFO connection successful
2020-06-01 00:29:40.8994 INFO connection successful
2020-06-01 00:29:41.0253 INFO connection successful
2020-06-01 00:29:41.0621 INFO connection successful
2020-06-01 00:29:41.4372 INFO connection successful
2020-06-01 00:29:41.8883 INFO connection successful
2020-06-01 00:29:42.4368 INFO connection successful
2020-06-01 00:29:42.8901 INFO connection successful
2020-06-01 00:29:43.4355 INFO connection successful
2020-06-01 00:29:43.8922 INFO connection successful
2020-06-01 00:29:44.4367 INFO connection successful
2020-06-01 00:29:44.8905 INFO connection successful
2020-06-01 00:35:11.4850 INFO connection successful
2020-06-01 00:35:12.2495 INFO connection successful
2020-06-01 00:35:13.2512 INFO connection successful
2020-06-01 00:35:14.2502 INFO connection successful
2020-06-01 00:35:15.3389 INFO connection successful
2020-06-01 00:35:16.2378 INFO connection successful
2020-06-01 00:36:26.1554 INFO connection successful
2020-06-01 00:36:26.9493 INFO connection successful
2020-06-01 00:36:27.9485 INFO connection successful
2020-06-01 00:36:29.0394 INFO connection successful
2020-06-01 00:36:29.9362 INFO connection successful
2020-06-01 00:36:30.9396 INFO connection successful
2020-06-01 00:36:32.0689 INFO connection successful
2020-06-01 00:36:32.9468 INFO connection successful
2020-06-01 00:36:33.9462 INFO connection successful
2020-06-01 00:36:34.9493 INFO connection successful
2020-06-01 00:36:36.0318 INFO connection successful
2020-06-01 00:36:36.9482 INFO connection successful
2020-06-01 00:36:37.9498 INFO connection successful
2020-06-01 00:36:38.9487 INFO connection successful
2020-06-01 00:36:39.9480 INFO connection successful
2020-06-01 00:36:40.5822 INFO connection successful
2020-06-01 00:36:40.6301 INFO connection successful
2020-06-01 00:36:40.9402 INFO connection successful
2020-06-01 00:36:41.9357 INFO connection successful
2020-06-01 00:36:42.2714 INFO connection successful
2020-06-01 00:36:42.9282 INFO connection successful
2020-06-01 00:36:43.0010 INFO connection successful
2020-06-01 00:36:43.9849 INFO connection successful
2020-06-01 00:36:44.0916 INFO connection successful
2020-06-01 00:36:44.9366 INFO connection successful
2020-06-01 00:36:45.9411 INFO connection successful
2020-06-01 00:36:46.9385 INFO connection successful
2020-06-01 00:36:47.9521 INFO connection successful
2020-06-01 00:36:48.5680 INFO connection successful
2020-06-01 00:36:48.9370 INFO connection successful
2020-06-01 00:36:49.7085 INFO connection successful
2020-06-01 00:36:49.9351 INFO connection successful
2020-06-01 00:36:50.9403 INFO connection successful
2020-06-01 00:36:51.9361 INFO connection successful
2020-06-01 00:36:53.0091 INFO connection successful
2020-06-01 00:36:53.9393 INFO connection successful
2020-06-01 00:36:54.9371 INFO connection successful
2020-06-01 00:36:55.3799 INFO connection successful
2020-06-01 00:36:55.9384 INFO connection successful
2020-06-01 00:36:56.9341 INFO connection successful
2020-06-01 00:36:57.9355 INFO connection successful
2020-06-01 00:36:58.5473 INFO connection successful
2020-06-01 00:36:58.9388 INFO connection successful
2020-06-01 00:36:59.4045 INFO connection successful
2020-06-01 00:36:59.9364 INFO connection successful
2020-06-01 00:37:00.9512 INFO connection successful
2020-06-01 00:37:01.9411 INFO connection successful
2020-06-01 00:37:03.0816 INFO connection successful
2020-06-01 00:37:03.1953 INFO connection successful
2020-06-01 00:37:03.7260 INFO connection successful
2020-06-01 00:37:03.9451 INFO connection successful
2020-06-01 00:37:04.8721 INFO connection successful
2020-06-01 00:37:05.0055 INFO connection successful
2020-06-01 00:37:05.4383 INFO connection successful
2020-06-01 00:37:05.9420 INFO connection successful
2020-06-01 00:37:06.8776 INFO connection successful
2020-06-01 00:37:06.9967 INFO connection successful
2020-06-01 00:37:07.9463 INFO connection successful
2020-06-01 00:37:08.9004 INFO connection successful
2020-06-01 00:37:08.9672 INFO connection successful
2020-06-01 00:37:09.9863 INFO connection successful
2020-06-01 00:37:10.1000 INFO connection successful
2020-06-01 00:37:10.9442 INFO connection successful
2020-06-01 00:37:11.8408 INFO connection successful
2020-06-01 00:37:11.9455 INFO connection successful
2020-06-01 00:37:12.4378 INFO connection successful
2020-06-01 00:37:12.9372 INFO connection successful
2020-06-01 00:37:13.1281 INFO connection successful
2020-06-01 00:37:13.8851 INFO connection successful
2020-06-01 00:37:13.9649 INFO connection successful
2020-06-01 00:37:14.7790 INFO connection successful
2020-06-01 00:37:14.9351 INFO connection successful
2020-06-01 00:37:15.6312 INFO connection successful
2020-06-01 00:37:15.9463 INFO connection successful
2020-06-01 00:37:16.4667 INFO connection successful
2020-06-01 00:37:16.9508 INFO connection successful
2020-06-01 00:37:17.4697 INFO connection successful
2020-06-01 00:37:17.9344 INFO connection successful
2020-06-01 00:37:18.4079 INFO connection successful
2020-06-01 00:37:18.9442 INFO connection successful
2020-06-01 00:37:19.9391 INFO connection successful
2020-06-01 00:37:20.4446 INFO connection successful
2020-06-01 00:37:20.9354 INFO connection successful
2020-06-01 00:37:21.9395 INFO connection successful
2020-06-01 00:37:22.9380 INFO connection successful
2020-06-01 00:37:23.9361 INFO connection successful
2020-06-01 00:37:24.9379 INFO connection successful
2020-06-01 00:37:25.9365 INFO connection successful
2020-06-01 00:37:26.9352 INFO connection successful
2020-06-01 00:37:27.9371 INFO connection successful
2020-06-01 00:37:28.9367 INFO connection successful
2020-06-01 00:37:29.9390 INFO connection successful
2020-06-01 00:37:30.9366 INFO connection successful
2020-06-01 00:37:31.9351 INFO connection successful
2020-06-01 00:37:32.9371 INFO connection successful
2020-06-01 00:37:33.9405 INFO connection successful
2020-06-01 00:37:34.9362 INFO connection successful
2020-06-01 00:37:35.9387 INFO connection successful
2020-06-01 00:37:36.9401 INFO connection successful
2020-06-01 00:37:37.9390 INFO connection successful
2020-06-01 00:37:39.1857 INFO connection successful
2020-06-01 00:37:39.9386 INFO connection successful
2020-06-01 00:37:40.9361 INFO connection successful
2020-06-01 00:37:41.9404 INFO connection successful
2020-06-01 00:37:42.9495 INFO connection successful
2020-06-01 00:37:43.9529 INFO connection successful
2020-06-01 00:37:44.9384 INFO connection successful
2020-06-01 00:37:45.9376 INFO connection successful
2020-06-01 00:37:46.9400 INFO connection successful
2020-06-01 00:37:47.9371 INFO connection successful
2020-06-01 00:37:48.9365 INFO connection successful
2020-06-01 00:37:49.9372 INFO connection successful
2020-06-01 00:38:07.1300 INFO connection successful
2020-06-01 00:38:12.2129 ERROR MySql.Data.MySqlClient.MySqlException (0x80004005): There is already an open DataReader associated with this Connection which must be closed first.
   в MySql.Data.MySqlClient.Interceptors.ExceptionInterceptor.Throw(Exception exception)
   в MySql.Data.MySqlClient.MySqlConnection.Throw(Exception ex)
   в MySql.Data.MySqlClient.MySqlCommand.Throw(Exception ex)
   в MySql.Data.MySqlClient.MySqlCommand.CheckState()
   в MySql.Data.MySqlClient.MySqlCommand.ExecuteReader(CommandBehavior behavior)
   в MySql.Data.MySqlClient.MySqlCommand.ExecuteDbDataReader(CommandBehavior behavior)
   в System.Data.Common.DbCommand.System.Data.IDbCommand.ExecuteReader(CommandBehavior behavior)
   в System.Data.Common.DbDataAdapter.FillInternal(DataSet dataset, DataTable[] datatables, Int32 startRecord, Int32 maxRecords, String srcTable, IDbCommand command, CommandBehavior behavior)
   в System.Data.Common.DbDataAdapter.Fill(DataSet dataSet, Int32 startRecord, Int32 maxRecords, String srcTable, IDbCommand command, CommandBehavior behavior)
   в System.Data.Common.DbDataAdapter.Fill(DataSet dataSet)
   в NURESCADA.MainForm.cbDataSets_SelectedIndexChanged(Object sender, EventArgs e) в C:\Users\alex2\Documents\GitHub\OMEGA\MySCADA\Forms\MainForm.cs:строка 103
2020-06-01 00:38:15.5941 ERROR MySql.Data.MySqlClient.MySqlException (0x80004005): There is already an open DataReader associated with this Connection which must be closed first.
   в MySql.Data.MySqlClient.Interceptors.ExceptionInterceptor.Throw(Exception exception)
   в MySql.Data.MySqlClient.MySqlConnection.Throw(Exception ex)
   в MySql.Data.MySqlClient.MySqlCommand.Throw(Exception ex)
   в MySql.Data.MySqlClient.MySqlCommand.CheckState()
   в MySql.Data.MySqlClient.MySqlCommand.ExecuteReader(CommandBehavior behavior)
   в MySql.Data.MySqlClient.MySqlCommand.ExecuteDbDataReader(CommandBehavior behavior)
   в System.Data.Common.DbCommand.System.Data.IDbCommand.ExecuteReader(CommandBehavior behavior)
   в System.Data.Common.DbDataAdapter.FillInternal(DataSet dataset, DataTable[] datatables, Int32 startRecord, Int32 maxRecords, String srcTable, IDbCommand command, CommandBehavior behavior)
   в System.Data.Common.DbDataAdapter.Fill(DataSet dataSet, Int32 startRecord, Int32 maxRecords, String srcTable, IDbCommand command, CommandBehavior behavior)
   в System.Data.Common.DbDataAdapter.Fill(DataSet dataSet)
   в NURESCADA.MainForm.cbDataSets_SelectedIndexChanged(Object sender, EventArgs e) в C:\Users\alex2\Documents\GitHub\OMEGA\MySCADA\Forms\MainForm.cs:строка 103
2020-06-01 00:38:18.0566 ERROR MySql.Data.MySqlClient.MySqlException (0x80004005): There is already an open DataReader associated with this Connection which must be closed first.
   в MySql.Data.MySqlClient.Interceptors.ExceptionInterceptor.Throw(Exception exception)
   в MySql.Data.MySqlClient.MySqlConnection.Throw(Exception ex)
   в MySql.Data.MySqlClient.MySqlCommand.Throw(Exception ex)
   в MySql.Data.MySqlClient.MySqlCommand.CheckState()
   в MySql.Data.MySqlClient.MySqlCommand.ExecuteReader(CommandBehavior behavior)
   в MySql.Data.MySqlClient.MySqlCommand.ExecuteDbDataReader(CommandBehavior behavior)
   в System.Data.Common.DbCommand.System.Data.IDbCommand.ExecuteReader(CommandBehavior behavior)
   в System.Data.Common.DbDataAdapter.FillInternal(DataSet dataset, DataTable[] datatables, Int32 startRecord, Int32 maxRecords, String srcTable, IDbCommand command, CommandBehavior behavior)
   в System.Data.Common.DbDataAdapter.Fill(DataSet dataSet, Int32 startRecord, Int32 maxRecords, String srcTable, IDbCommand command, CommandBehavior behavior)
   в System.Data.Common.DbDataAdapter.Fill(DataSet dataSet)
   в NURESCADA.MainForm.cbDataSets_SelectedIndexChanged(Object sender, EventArgs e) в C:\Users\alex2\Documents\GitHub\OMEGA\MySCADA\Forms\MainForm.cs:строка 103
2020-06-01 00:38:21.0113 ERROR MySql.Data.MySqlClient.MySqlException (0x80004005): There is already an open DataReader associated with this Connection which must be closed first.
   в MySql.Data.MySqlClient.Interceptors.ExceptionInterceptor.Throw(Exception exception)
   в MySql.Data.MySqlClient.MySqlConnection.Throw(Exception ex)
   в MySql.Data.MySqlClient.MySqlCommand.Throw(Exception ex)
   в MySql.Data.MySqlClient.MySqlCommand.CheckState()
   в MySql.Data.MySqlClient.MySqlCommand.ExecuteReader(CommandBehavior behavior)
   в MySql.Data.MySqlClient.MySqlCommand.ExecuteDbDataReader(CommandBehavior behavior)
   в System.Data.Common.DbCommand.System.Data.IDbCommand.ExecuteReader(CommandBehavior behavior)
   в System.Data.Common.DbDataAdapter.FillInternal(DataSet dataset, DataTable[] datatables, Int32 startRecord, Int32 maxRecords, String srcTable, IDbCommand command, CommandBehavior behavior)
   в System.Data.Common.DbDataAdapter.Fill(DataSet dataSet, Int32 startRecord, Int32 maxRecords, String srcTable, IDbCommand command, CommandBehavior behavior)
   в System.Data.Common.DbDataAdapter.Fill(DataSet dataSet)
   в NURESCADA.MainForm.cbDataSets_SelectedIndexChanged(Object sender, EventArgs e) в C:\Users\alex2\Documents\GitHub\OMEGA\MySCADA\Forms\MainForm.cs:строка 103
2020-06-01 00:38:24.2017 INFO connection successful
2020-06-01 00:38:25.2220 INFO connection successful
2020-06-01 00:38:26.1989 INFO connection successful
2020-06-01 00:38:27.1996 INFO connection successful
2020-06-01 00:38:28.2586 INFO connection successful
2020-06-01 00:38:29.1895 INFO connection successful
2020-06-01 00:38:30.2012 INFO connection successful
2020-06-01 00:38:31.1892 INFO connection successful
2020-06-01 00:38:32.1994 INFO connection successful
2020-06-01 00:38:33.1989 INFO connection successful
2020-06-01 00:38:34.1891 INFO connection successful
2020-06-01 00:38:35.1991 INFO connection successful
2020-06-01 00:38:36.1983 INFO connection successful
2020-06-01 00:39:18.8074 INFO connection successful
2020-06-01 00:39:25.4449 ERROR MySql.Data.MySqlClient.MySqlException (0x80004005): There is already an open DataReader associated with this Connection which must be closed first.
   в MySql.Data.MySqlClient.Interceptors.ExceptionInterceptor.Throw(Exception exception)
   в MySql.Data.MySqlClient.MySqlConnection.Throw(Exception ex)
   в MySql.Data.MySqlClient.MySqlCommand.Throw(Exception ex)
   в MySql.Data.MySqlClient.MySqlCommand.CheckState()
   в MySql.Data.MySqlClient.MySqlCommand.ExecuteReader(CommandBehavior behavior)
   в MySql.Data.MySqlClient.MySqlCommand.ExecuteDbDataReader(CommandBehavior behavior)
   в System.Data.Common.DbCommand.System.Data.IDbCommand.ExecuteReader(CommandBehavior behavior)
   в System.Data.Common.DbDataAdapter.FillInternal(DataSet dataset, DataTable[] datatables, Int32 startRecord, Int32 maxRecords, String srcTable, IDbCommand command, CommandBehavior behavior)
   в System.Data.Common.DbDataAdapter.Fill(DataSet dataSet, Int32 startRecord, Int32 maxRecords, String srcTable, IDbCommand command, CommandBehavior behavior)
   в System.Data.Common.DbDataAdapter.Fill(DataSet dataSet)
   в NURESCADA.MainForm.cbDataSets_SelectedIndexChanged(Object sender, EventArgs e) в C:\Users\alex2\Documents\GitHub\OMEGA\MySCADA\Forms\MainForm.cs:строка 104
2020-06-01 00:39:27.9257 INFO connection successful
2020-06-01 00:39:28.0134 INFO connection successful
2020-06-01 00:39:28.0683 INFO connection successful
2020-06-01 00:39:29.1254 INFO connection successful
2020-06-01 00:39:55.9121 INFO connection successful
2020-06-01 00:39:58.5799 INFO connection successful
2020-06-01 00:39:58.6438 INFO connection successful
2020-06-01 00:39:59.8974 INFO connection successful
2020-06-01 00:40:02.6670 ERROR MySql.Data.MySqlClient.MySqlException (0x80004005): There is already an open DataReader associated with this Connection which must be closed first.
   в MySql.Data.MySqlClient.Interceptors.ExceptionInterceptor.Throw(Exception exception)
   в MySql.Data.MySqlClient.MySqlConnection.Throw(Exception ex)
   в MySql.Data.MySqlClient.MySqlCommand.Throw(Exception ex)
   в MySql.Data.MySqlClient.MySqlCommand.CheckState()
   в MySql.Data.MySqlClient.MySqlCommand.ExecuteReader(CommandBehavior behavior)
   в MySql.Data.MySqlClient.MySqlCommand.ExecuteDbDataReader(CommandBehavior behavior)
   в System.Data.Common.DbCommand.System.Data.IDbCommand.ExecuteReader(CommandBehavior behavior)
   в System.Data.Common.DbDataAdapter.FillInternal(DataSet dataset, DataTable[] datatables, Int32 startRecord, Int32 maxRecords, String srcTable, IDbCommand command, CommandBehavior behavior)
   в System.Data.Common.DbDataAdapter.Fill(DataSet dataSet, Int32 startRecord, Int32 maxRecords, String srcTable, IDbCommand command, CommandBehavior behavior)
   в System.Data.Common.DbDataAdapter.Fill(DataSet dataSet)
   в NURESCADA.MainForm.cbDataSets_SelectedIndexChanged(Object sender, EventArgs e) в C:\Users\alex2\Documents\GitHub\OMEGA\MySCADA\Forms\MainForm.cs:строка 102
2020-06-01 00:40:05.9457 ERROR MySql.Data.MySqlClient.MySqlException (0x80004005): There is already an open DataReader associated with this Connection which must be closed first.
   в MySql.Data.MySqlClient.Interceptors.ExceptionInterceptor.Throw(Exception exception)
   в MySql.Data.MySqlClient.MySqlConnection.Throw(Exception ex)
   в MySql.Data.MySqlClient.MySqlCommand.Throw(Exception ex)
   в MySql.Data.MySqlClient.MySqlCommand.CheckState()
   в MySql.Data.MySqlClient.MySqlCommand.ExecuteReader(CommandBehavior behavior)
   в MySql.Data.MySqlClient.MySqlCommand.ExecuteDbDataReader(CommandBehavior behavior)
   в System.Data.Common.DbCommand.System.Data.IDbCommand.ExecuteReader(CommandBehavior behavior)
   в System.Data.Common.DbDataAdapter.FillInternal(DataSet dataset, DataTable[] datatables, Int32 startRecord, Int32 maxRecords, String srcTable, IDbCommand command, CommandBehavior behavior)
   в System.Data.Common.DbDataAdapter.Fill(DataSet dataSet, Int32 startRecord, Int32 maxRecords, String srcTable, IDbCommand command, CommandBehavior behavior)
   в System.Data.Common.DbDataAdapter.Fill(DataSet dataSet)
   в NURESCADA.MainForm.cbDataSets_SelectedIndexChanged(Object sender, EventArgs e) в C:\Users\alex2\Documents\GitHub\OMEGA\MySCADA\Forms\MainForm.cs:строка 102
2020-06-01 00:40:08.8317 ERROR MySql.Data.MySqlClient.MySqlException (0x80004005): There is already an open DataReader associated with this Connection which must be closed first.
   в MySql.Data.MySqlClient.Interceptors.ExceptionInterceptor.Throw(Exception exception)
   в MySql.Data.MySqlClient.MySqlConnection.Throw(Exception ex)
   в MySql.Data.MySqlClient.MySqlCommand.Throw(Exception ex)
   в MySql.Data.MySqlClient.MySqlCommand.CheckState()
   в MySql.Data.MySqlClient.MySqlCommand.ExecuteReader(CommandBehavior behavior)
   в MySql.Data.MySqlClient.MySqlCommand.ExecuteDbDataReader(CommandBehavior behavior)
   в System.Data.Common.DbCommand.System.Data.IDbCommand.ExecuteReader(CommandBehavior behavior)
   в System.Data.Common.DbDataAdapter.FillInternal(DataSet dataset, DataTable[] datatables, Int32 startRecord, Int32 maxRecords, String srcTable, IDbCommand command, CommandBehavior behavior)
   в System.Data.Common.DbDataAdapter.Fill(DataSet dataSet, Int32 startRecord, Int32 maxRecords, String srcTable, IDbCommand command, CommandBehavior behavior)
   в System.Data.Common.DbDataAdapter.Fill(DataSet dataSet)
   в NURESCADA.MainForm.cbDataSets_SelectedIndexChanged(Object sender, EventArgs e) в C:\Users\alex2\Documents\GitHub\OMEGA\MySCADA\Forms\MainForm.cs:строка 102
2020-06-01 00:40:40.9455 INFO connection successful
2020-06-01 00:40:41.0283 INFO connection successful
2020-06-01 00:45:28.0665 INFO connection successful
2020-06-01 00:45:28.1533 INFO connection successful
2020-06-01 00:45:34.9781 ERROR MySql.Data.MySqlClient.MySqlException (0x80004005): There is already an open DataReader associated with this Connection which must be closed first.
   в MySql.Data.MySqlClient.Interceptors.ExceptionInterceptor.Throw(Exception exception)
   в MySql.Data.MySqlClient.MySqlConnection.Throw(Exception ex)
   в MySql.Data.MySqlClient.MySqlCommand.Throw(Exception ex)
   в MySql.Data.MySqlClient.MySqlCommand.CheckState()
   в MySql.Data.MySqlClient.MySqlCommand.ExecuteReader(CommandBehavior behavior)
   в MySql.Data.MySqlClient.MySqlCommand.ExecuteDbDataReader(CommandBehavior behavior)
   в System.Data.Common.DbCommand.System.Data.IDbCommand.ExecuteReader(CommandBehavior behavior)
   в System.Data.Common.DbDataAdapter.FillInternal(DataSet dataset, DataTable[] datatables, Int32 startRecord, Int32 maxRecords, String srcTable, IDbCommand command, CommandBehavior behavior)
   в System.Data.Common.DbDataAdapter.Fill(DataSet dataSet, Int32 startRecord, Int32 maxRecords, String srcTable, IDbCommand command, CommandBehavior behavior)
   в System.Data.Common.DbDataAdapter.Fill(DataSet dataSet)
   в NURESCADA.MainForm.cbDataSets_SelectedIndexChanged(Object sender, EventArgs e) в C:\Users\alex2\Documents\GitHub\OMEGA\MySCADA\Forms\MainForm.cs:строка 115
2020-06-01 00:46:51.3236 INFO connection successful
2020-06-01 00:46:52.0726 INFO connection successful
2020-06-01 00:46:53.0726 INFO connection successful
2020-06-01 00:46:54.0742 INFO connection successful
2020-06-01 00:46:54.2208 INFO connection successful
2020-06-01 00:46:54.2657 INFO connection successful
2020-06-01 00:46:55.0621 INFO connection successful
2020-06-01 00:46:56.0710 INFO connection successful
2020-06-01 00:46:57.0729 INFO connection successful
2020-06-01 00:46:58.0702 INFO connection successful
2020-06-01 00:46:59.0720 INFO connection successful
2020-06-01 00:47:00.0703 INFO connection successful
2020-06-01 00:47:01.0705 INFO connection successful
2020-06-01 00:47:02.0702 INFO connection successful
2020-06-01 00:47:03.0744 INFO connection successful
2020-06-01 00:47:04.0744 INFO connection successful
2020-06-01 00:47:04.6015 INFO connection successful
2020-06-01 00:47:05.0783 INFO connection successful
2020-06-01 00:47:05.5958 INFO connection successful
2020-06-01 00:47:06.0605 INFO connection successful
2020-06-01 00:47:06.5957 INFO connection successful
2020-06-01 00:47:07.0613 INFO connection successful
2020-06-01 00:47:07.5943 INFO connection successful
2020-06-01 00:47:08.0620 INFO connection successful
2020-06-01 00:47:08.5948 INFO connection successful
2020-06-01 00:47:09.0623 INFO connection successful
2020-06-01 00:47:09.5966 INFO connection successful
2020-06-01 00:47:10.0634 INFO connection successful
2020-06-01 00:47:10.5987 INFO connection successful
2020-06-01 00:47:11.0627 INFO connection successful
2020-06-01 00:47:11.5922 INFO connection successful
2020-06-01 00:47:12.1008 INFO connection successful
2020-06-01 00:47:12.6005 INFO connection successful
2020-06-01 00:47:13.0631 INFO connection successful
2020-06-01 00:47:13.6167 INFO connection successful
2020-06-01 00:47:14.2081 INFO connection successful
2020-06-01 00:47:14.5941 INFO connection successful
2020-06-01 00:47:15.0611 INFO connection successful
2020-06-01 00:47:15.5945 INFO connection successful
2020-06-01 00:47:16.0622 INFO connection successful
2020-06-01 00:47:17.0614 INFO connection successful
2020-06-01 00:47:18.0637 INFO connection successful
2020-06-01 00:47:19.0616 INFO connection successful
2020-06-01 00:47:20.0617 INFO connection successful
2020-06-01 00:47:20.7581 INFO connection successful
2020-06-01 00:47:21.0633 INFO connection successful
2020-06-01 00:47:22.0616 INFO connection successful
2020-06-01 00:47:23.0771 INFO connection successful
2020-06-01 00:47:23.4844 INFO connection successful
2020-06-01 00:47:24.0791 INFO connection successful
2020-06-01 00:47:25.0613 INFO connection successful
2020-06-01 00:47:25.6170 INFO connection successful
2020-06-01 00:47:25.6528 INFO connection successful
2020-06-01 00:47:26.0613 INFO connection successful
2020-06-01 00:47:27.0611 INFO connection successful
2020-06-01 00:47:28.0643 INFO connection successful
2020-06-01 00:47:29.0634 INFO connection successful
2020-06-01 00:47:57.0100 INFO connection successful
2020-06-01 00:47:59.4355 INFO connection successful
2020-06-01 01:08:14.5360 INFO connection successful
2020-06-01 01:09:46.0424 INFO connection successful
2020-06-01 01:09:47.9553 INFO connection successful
2020-06-01 01:12:02.0386 INFO connection successful
2020-06-01 01:12:03.0898 INFO connection successful
2020-06-01 01:12:03.9983 INFO connection successful
2020-06-01 01:12:08.9961 INFO connection successful
2020-06-01 01:12:09.8967 INFO connection successful
2020-06-01 01:12:13.7177 INFO connection successful
2020-06-01 01:12:14.2882 INFO connection successful
2020-06-01 01:12:15.1545 INFO connection successful
2020-06-01 01:12:15.2220 WARN Please enable server connection
2020-06-01 01:12:18.7814 INFO connection successful
2020-06-01 01:12:18.8403 WARN Please enable server connection
2020-06-01 01:12:21.2668 INFO connection successful
2020-06-01 01:12:21.3210 WARN Please enable server connection
2020-06-01 01:12:25.0777 INFO connection successful
2020-06-01 01:12:25.3030 INFO connection successful
2020-06-01 01:12:26.0161 INFO connection successful
2020-06-01 01:12:26.0720 WARN Please enable server connection
2020-06-01 01:12:26.1278 INFO connection successful
2020-06-01 01:12:27.1041 INFO connection successful
2020-06-01 01:12:28.1077 INFO connection successful
2020-06-01 01:12:28.3929 INFO connection successful
2020-06-01 01:12:28.4653 WARN Please enable server connection
2020-06-01 01:12:29.0921 INFO connection successful
2020-06-01 01:12:30.0961 INFO connection successful
2020-06-01 01:12:31.0920 INFO connection successful
2020-06-01 01:12:32.0915 INFO connection successful
2020-06-01 01:12:33.0938 INFO connection successful
2020-06-01 01:12:34.0933 INFO connection successful
2020-06-01 01:21:45.4250 INFO connection successful
2020-06-01 01:21:45.5277 INFO connection successful
2020-06-01 01:21:50.1133 INFO connection successful
2020-06-01 01:21:51.1036 INFO connection successful
2020-06-01 01:21:52.0939 INFO connection successful
2020-06-01 01:21:53.0932 INFO connection successful
2020-06-01 01:21:54.0816 ERROR MySql.Data.MySqlClient.MySqlException (0x80004005): There is already an open DataReader associated with this Connection which must be closed first.
   в MySql.Data.MySqlClient.Interceptors.ExceptionInterceptor.Throw(Exception exception)
   в MySql.Data.MySqlClient.MySqlConnection.Throw(Exception ex)
   в MySql.Data.MySqlClient.MySqlCommand.Throw(Exception ex)
   в MySql.Data.MySqlClient.MySqlCommand.CheckState()
   в MySql.Data.MySqlClient.MySqlCommand.ExecuteReader(CommandBehavior behavior)
   в MySql.Data.MySqlClient.MySqlCommand.ExecuteDbDataReader(CommandBehavior behavior)
   в System.Data.Common.DbCommand.System.Data.IDbCommand.ExecuteReader(CommandBehavior behavior)
   в System.Data.Common.DbDataAdapter.FillInternal(DataSet dataset, DataTable[] datatables, Int32 startRecord, Int32 maxRecords, String srcTable, IDbCommand command, CommandBehavior behavior)
   в System.Data.Common.DbDataAdapter.Fill(DataSet dataSet, Int32 startRecord, Int32 maxRecords, String srcTable, IDbCommand command, CommandBehavior behavior)
   в System.Data.Common.DbDataAdapter.Fill(DataSet dataSet)
   в NURESCADA.MainForm.cbDataSets_SelectedIndexChanged(Object sender, EventArgs e) в C:\Users\alex2\Documents\GitHub\OMEGA\MySCADA\Forms\MainForm.cs:строка 108
2020-06-01 01:21:54.1654 INFO connection successful
2020-06-01 01:21:55.1030 INFO connection successful
2020-06-01 01:21:56.1180 INFO connection successful
2020-06-01 01:21:56.9894 ERROR MySql.Data.MySqlClient.MySqlException (0x80004005): There is already an open DataReader associated with this Connection which must be closed first.
   в MySql.Data.MySqlClient.Interceptors.ExceptionInterceptor.Throw(Exception exception)
   в MySql.Data.MySqlClient.MySqlConnection.Throw(Exception ex)
   в MySql.Data.MySqlClient.MySqlCommand.Throw(Exception ex)
   в MySql.Data.MySqlClient.MySqlCommand.CheckState()
   в MySql.Data.MySqlClient.MySqlCommand.ExecuteReader(CommandBehavior behavior)
   в MySql.Data.MySqlClient.MySqlCommand.ExecuteDbDataReader(CommandBehavior behavior)
   в System.Data.Common.DbCommand.System.Data.IDbCommand.ExecuteReader(CommandBehavior behavior)
   в System.Data.Common.DbDataAdapter.FillInternal(DataSet dataset, DataTable[] datatables, Int32 startRecord, Int32 maxRecords, String srcTable, IDbCommand command, CommandBehavior behavior)
   в System.Data.Common.DbDataAdapter.Fill(DataSet dataSet, Int32 startRecord, Int32 maxRecords, String srcTable, IDbCommand command, CommandBehavior behavior)
   в System.Data.Common.DbDataAdapter.Fill(DataSet dataSet)
   в NURESCADA.MainForm.cbDataSets_SelectedIndexChanged(Object sender, EventArgs e) в C:\Users\alex2\Documents\GitHub\OMEGA\MySCADA\Forms\MainForm.cs:строка 108
2020-06-01 01:21:57.0952 INFO connection successful
2020-06-01 01:21:58.0952 INFO connection successful
2020-06-01 01:21:59.1016 INFO connection successful
2020-06-01 01:22:00.0205 WARN MySql.Data.MySqlClient.MySqlException (0x80004005): There is already an open DataReader associated with this Connection which must be closed first.
   в MySql.Data.MySqlClient.Interceptors.ExceptionInterceptor.Throw(Exception exception)
   в MySql.Data.MySqlClient.MySqlConnection.Throw(Exception ex)
   в MySql.Data.MySqlClient.MySqlCommand.Throw(Exception ex)
   в MySql.Data.MySqlClient.MySqlCommand.CheckState()
   в MySql.Data.MySqlClient.MySqlCommand.ExecuteReader(CommandBehavior behavior)
   в MySql.Data.MySqlClient.MySqlCommand.ExecuteReader()
   в NURESCADA.MainForm.cbDataSets_Click(Object sender, EventArgs e) в C:\Users\alex2\Documents\GitHub\OMEGA\MySCADA\Forms\MainForm.cs:строка 207
2020-06-01 01:22:00.1043 INFO connection successful
2020-06-01 01:22:01.1062 INFO connection successful
2020-06-01 01:22:02.1067 INFO connection successful
2020-06-01 01:22:03.1041 INFO connection successful
2020-06-01 01:22:04.0940 INFO connection successful
2020-06-01 01:22:05.0935 INFO connection successful
2020-06-01 01:22:06.0957 INFO connection successful
2020-06-01 01:22:07.0422 INFO connection successful
2020-06-01 01:22:07.2486 INFO connection successful
2020-06-01 01:22:08.1079 INFO connection successful
2020-06-01 01:22:09.1102 INFO connection successful
2020-06-01 01:22:09.2528 INFO connection successful
2020-06-01 01:22:09.7979 INFO connection successful
2020-06-01 01:22:10.0914 INFO connection successful
2020-06-01 01:22:11.0948 INFO connection successful
2020-06-01 01:22:12.0985 INFO connection successful
2020-06-01 01:22:13.0954 INFO connection successful
2020-06-01 01:22:14.0950 INFO connection successful
2020-06-01 01:26:20.3363 INFO connection successful
2020-06-01 01:26:21.4832 INFO connection successful
2020-06-01 01:26:23.2088 INFO connection successful
2020-06-01 01:28:00.2518 INFO connection successful
2020-06-01 01:28:03.0644 INFO connection successful
2020-06-01 01:28:04.7410 INFO connection successful
2020-06-01 01:28:06.1569 INFO connection successful
2020-06-01 01:28:07.7325 INFO connection successful
2020-06-01 01:28:09.0902 INFO connection successful
