2020-06-06 00:21:29.7060 INFO connection successful
2020-06-06 00:21:30.4128 INFO connection successful
2020-06-06 00:21:31.3754 INFO connection successful
2020-06-06 00:21:31.4708 INFO connection successful
2020-06-06 00:21:31.6801 INFO connection successful
2020-06-06 00:21:32.4118 INFO connection successful
2020-06-06 00:21:32.7099 INFO connection successful
2020-06-06 00:21:33.4122 INFO connection successful
2020-06-06 00:21:34.4972 INFO connection successful
2020-06-06 00:21:35.4022 INFO connection successful
2020-06-06 00:21:36.4037 INFO connection successful
2020-06-06 00:21:37.4021 INFO connection successful
2020-06-06 00:21:38.4029 INFO connection successful
2020-06-06 00:21:39.4030 INFO connection successful
2020-06-06 00:21:43.1890 INFO connection successful
2020-06-06 00:21:43.4010 INFO connection successful
2020-06-06 00:21:44.4042 INFO connection successful
2020-06-06 00:21:47.0139 INFO connection successful
2020-06-06 00:21:47.4040 INFO connection successful
2020-06-06 00:21:48.5269 INFO connection successful
2020-06-06 00:21:49.4042 INFO connection successful
2020-06-06 00:21:50.4019 INFO connection successful
2020-06-06 00:21:51.4032 INFO connection successful
2020-06-06 00:21:56.3712 INFO connection successful
2020-06-06 00:21:56.4031 INFO connection successful
2020-06-06 00:21:57.4052 INFO connection successful
2020-06-06 00:21:58.0294 INFO connection successful
2020-06-06 00:21:58.0545 INFO connection successful
2020-06-06 00:21:58.4024 INFO connection successful
2020-06-06 00:21:59.3594 INFO connection successful
2020-06-06 00:21:59.4664 INFO connection successful
2020-06-06 00:22:00.4125 INFO connection successful
2020-06-06 00:22:01.4126 INFO connection successful
2020-06-06 00:22:02.2440 INFO connection successful
2020-06-06 00:22:02.4156 INFO connection successful
2020-06-06 00:22:03.2453 INFO connection successful
2020-06-06 00:22:03.4113 INFO connection successful
2020-06-06 00:22:04.2419 INFO connection successful
2020-06-06 00:22:04.4135 INFO connection successful
2020-06-06 00:22:05.2488 INFO connection successful
2020-06-06 00:22:05.4043 INFO connection successful
2020-06-06 00:22:06.4074 INFO connection successful
2020-06-06 00:22:07.0478 INFO connection successful
2020-06-06 00:22:07.4034 INFO connection successful
2020-06-06 00:22:08.4032 INFO connection successful
2020-06-06 00:22:09.4051 INFO connection successful
2020-06-06 00:22:10.3135 INFO connection successful
2020-06-06 00:22:10.4042 INFO connection successful
2020-06-06 00:22:11.3092 INFO connection successful
2020-06-06 00:22:11.4042 INFO connection successful
2020-06-06 00:22:12.3109 INFO connection successful
2020-06-06 00:22:12.4042 INFO connection successful
2020-06-06 00:22:13.3188 INFO connection successful
2020-06-06 00:22:13.4128 INFO connection successful
2020-06-06 00:22:14.4110 INFO connection successful
2020-06-06 00:22:15.4124 INFO connection successful
2020-06-06 00:22:16.4149 INFO connection successful
2020-06-06 00:22:17.4051 INFO connection successful
2020-06-06 00:22:18.4221 INFO connection successful
2020-06-06 00:22:19.4045 INFO connection successful
2020-06-06 00:22:20.4050 INFO connection successful
2020-06-06 00:22:21.4066 INFO connection successful
2020-06-06 00:22:22.4047 INFO connection successful
2020-06-06 00:22:23.4061 INFO connection successful
2020-06-06 00:22:24.4036 INFO connection successful
2020-06-06 00:22:25.4022 INFO connection successful
2020-06-06 00:22:26.4095 INFO connection successful
2020-06-06 00:22:27.4051 INFO connection successful
2020-06-06 00:22:28.4022 INFO connection successful
2020-06-06 00:22:29.4039 INFO connection successful
2020-06-06 00:22:30.4049 INFO connection successful
2020-06-06 00:22:31.4025 INFO connection successful
2020-06-06 00:22:32.4021 INFO connection successful
2020-06-06 00:22:33.4027 INFO connection successful
2020-06-06 00:22:34.4018 INFO connection successful
2020-06-06 00:22:35.4024 INFO connection successful
2020-06-06 00:22:36.4028 INFO connection successful
2020-06-06 00:22:37.4025 INFO connection successful
2020-06-06 00:22:38.4024 INFO connection successful
2020-06-06 00:22:39.4156 INFO connection successful
2020-06-06 00:22:40.4117 INFO connection successful
2020-06-06 00:22:41.4122 INFO connection successful
2020-06-06 00:22:42.4150 INFO connection successful
2020-06-06 00:22:43.4131 INFO connection successful
2020-06-06 00:22:44.4127 INFO connection successful
2020-06-06 00:22:45.4132 INFO connection successful
2020-06-06 00:22:46.4120 INFO connection successful
2020-06-06 00:22:47.4133 INFO connection successful
2020-06-06 00:22:48.4130 INFO connection successful
2020-06-06 00:22:49.4129 INFO connection successful
2020-06-06 00:22:50.4071 INFO connection successful
2020-06-06 00:22:51.4026 INFO connection successful
2020-06-06 00:22:52.4040 INFO connection successful
2020-06-06 00:22:53.4041 INFO connection successful
2020-06-06 00:22:54.4028 INFO connection successful
2020-06-06 00:22:55.4037 INFO connection successful
2020-06-06 00:22:56.4052 INFO connection successful
2020-06-06 00:22:57.4030 INFO connection successful
2020-06-06 00:22:58.4017 INFO connection successful
2020-06-06 00:22:59.4019 INFO connection successful
2020-06-06 00:23:00.4045 INFO connection successful
2020-06-06 00:23:01.4033 INFO connection successful
2020-06-06 00:23:02.4020 INFO connection successful
2020-06-06 00:23:03.4034 INFO connection successful
2020-06-06 00:23:04.4018 INFO connection successful
2020-06-06 00:23:05.4013 INFO connection successful
2020-06-06 00:23:06.4021 INFO connection successful
2020-06-06 00:23:07.4032 INFO connection successful
2020-06-06 00:23:08.4033 INFO connection successful
2020-06-06 00:23:09.4041 INFO connection successful
2020-06-06 00:23:10.4025 INFO connection successful
2020-06-06 00:23:11.4027 INFO connection successful
2020-06-06 00:23:12.4036 INFO connection successful
2020-06-06 00:23:13.4048 INFO connection successful
2020-06-06 00:23:14.4031 INFO connection successful
2020-06-06 00:23:15.4032 INFO connection successful
2020-06-06 00:23:16.4042 INFO connection successful
2020-06-06 00:23:17.4031 INFO connection successful
2020-06-06 00:23:18.4041 INFO connection successful
2020-06-06 00:23:19.4043 INFO connection successful
2020-06-06 00:23:20.4039 INFO connection successful
2020-06-06 00:23:21.4114 INFO connection successful
2020-06-06 00:23:22.4102 INFO connection successful
2020-06-06 00:23:23.4131 INFO connection successful
2020-06-06 00:23:24.4115 INFO connection successful
2020-06-06 00:23:25.4107 INFO connection successful
2020-06-06 00:23:26.4112 INFO connection successful
2020-06-06 00:23:27.4115 INFO connection successful
2020-06-06 00:23:28.4112 INFO connection successful
2020-06-06 00:23:29.4119 INFO connection successful
2020-06-06 00:23:30.4150 INFO connection successful
2020-06-06 00:23:31.4058 INFO connection successful
2020-06-06 00:23:32.4031 INFO connection successful
2020-06-06 00:23:33.4047 INFO connection successful
2020-06-06 00:23:34.4031 INFO connection successful
2020-06-06 00:23:35.4025 INFO connection successful
2020-06-06 00:23:36.4037 INFO connection successful
2020-06-06 00:23:37.4032 INFO connection successful
2020-06-06 00:23:38.4021 INFO connection successful
2020-06-06 00:23:39.4025 INFO connection successful
2020-06-06 00:23:40.4034 INFO connection successful
2020-06-06 00:23:41.4037 INFO connection successful
2020-06-06 00:23:42.4044 INFO connection successful
2020-06-06 00:23:43.4043 INFO connection successful
2020-06-06 00:23:44.4026 INFO connection successful
2020-06-06 00:23:45.4042 INFO connection successful
2020-06-06 00:23:46.4022 INFO connection successful
2020-06-06 00:23:47.4052 INFO connection successful
2020-06-06 00:23:48.4026 INFO connection successful
2020-06-06 00:23:49.4024 INFO connection successful
2020-06-06 00:23:50.4032 INFO connection successful
2020-06-06 00:23:51.4021 INFO connection successful
2020-06-06 00:23:52.4029 INFO connection successful
2020-06-06 00:23:53.4031 INFO connection successful
2020-06-06 00:23:54.4032 INFO connection successful
2020-06-06 00:23:55.4035 INFO connection successful
2020-06-06 00:23:56.4037 INFO connection successful
2020-06-06 00:23:57.4052 INFO connection successful
2020-06-06 00:23:58.4027 INFO connection successful
2020-06-06 00:23:59.4030 INFO connection successful
2020-06-06 00:24:00.4022 INFO connection successful
2020-06-06 00:24:01.4045 INFO connection successful
2020-06-06 00:24:02.4030 INFO connection successful
2020-06-06 00:24:03.4018 INFO connection successful
2020-06-06 00:24:04.4036 INFO connection successful
2020-06-06 00:24:05.4028 INFO connection successful
2020-06-06 00:24:06.4041 INFO connection successful
2020-06-06 00:24:07.4034 INFO connection successful
2020-06-06 00:24:08.4022 INFO connection successful
2020-06-06 00:24:09.4031 INFO connection successful
2020-06-06 00:24:10.4144 INFO connection successful
2020-06-06 00:24:11.4117 INFO connection successful
2020-06-06 00:24:12.4118 INFO connection successful
2020-06-06 00:24:13.4120 INFO connection successful
2020-06-06 00:24:14.4146 INFO connection successful
2020-06-06 00:24:15.4132 INFO connection successful
2020-06-06 00:24:16.4135 INFO connection successful
2020-06-06 00:24:17.4120 INFO connection successful
2020-06-06 00:24:18.4037 INFO connection successful
2020-06-06 00:24:19.4043 INFO connection successful
2020-06-06 00:24:20.4035 INFO connection successful
2020-06-06 00:24:21.4047 INFO connection successful
2020-06-06 00:24:22.4039 INFO connection successful
2020-06-06 00:24:23.4043 INFO connection successful
2020-06-06 00:24:24.4042 INFO connection successful
2020-06-06 00:24:25.4052 INFO connection successful
2020-06-06 00:24:26.4045 INFO connection successful
2020-06-06 00:24:27.4052 INFO connection successful
2020-06-06 00:24:28.4037 INFO connection successful
2020-06-06 00:24:29.4048 INFO connection successful
2020-06-06 00:24:30.4045 INFO connection successful
2020-06-06 00:24:31.4048 INFO connection successful
2020-06-06 00:24:32.4050 INFO connection successful
2020-06-06 00:24:33.4053 INFO connection successful
2020-06-06 00:24:34.4057 INFO connection successful
2020-06-06 00:24:35.4038 INFO connection successful
2020-06-06 00:24:36.4039 INFO connection successful
2020-06-06 00:24:37.4032 INFO connection successful
2020-06-06 00:24:38.4020 INFO connection successful
2020-06-06 00:24:39.4019 INFO connection successful
2020-06-06 00:24:40.4033 INFO connection successful
2020-06-06 00:24:41.4055 INFO connection successful
2020-06-06 00:24:42.4024 INFO connection successful
2020-06-06 00:24:43.4034 INFO connection successful
2020-06-06 00:24:44.4025 INFO connection successful
2020-06-06 00:24:45.4034 INFO connection successful
2020-06-06 00:24:46.4027 INFO connection successful
2020-06-06 00:24:47.4035 INFO connection successful
2020-06-06 00:24:48.4039 INFO connection successful
2020-06-06 00:24:49.4029 INFO connection successful
2020-06-06 00:24:50.4017 INFO connection successful
2020-06-06 00:24:51.4029 INFO connection successful
2020-06-06 00:24:52.4016 INFO connection successful
2020-06-06 00:24:53.4018 INFO connection successful
2020-06-06 00:24:54.4027 INFO connection successful
2020-06-06 00:24:55.4027 INFO connection successful
2020-06-06 00:24:56.4040 INFO connection successful
2020-06-06 00:24:57.4038 INFO connection successful
2020-06-06 00:24:58.4018 INFO connection successful
2020-06-06 00:24:59.4039 INFO connection successful
2020-06-06 00:25:00.4042 INFO connection successful
2020-06-06 00:25:01.4035 INFO connection successful
2020-06-06 00:25:02.4031 INFO connection successful
2020-06-06 00:25:03.4047 INFO connection successful
2020-06-06 00:25:04.4057 INFO connection successful
2020-06-06 00:25:05.4037 INFO connection successful
2020-06-06 00:25:06.4025 INFO connection successful
2020-06-06 00:25:07.4107 INFO connection successful
2020-06-06 00:25:08.4134 INFO connection successful
2020-06-06 00:25:09.4120 INFO connection successful
2020-06-06 00:25:10.4144 INFO connection successful
2020-06-06 00:25:11.4133 INFO connection successful
2020-06-06 00:25:12.4111 INFO connection successful
2020-06-06 00:25:13.4136 INFO connection successful
2020-06-06 00:25:14.4070 INFO connection successful
2020-06-06 00:25:15.4057 INFO connection successful
2020-06-06 00:25:16.4020 INFO connection successful
2020-06-06 00:25:17.4028 INFO connection successful
2020-06-06 00:25:18.4026 INFO connection successful
2020-06-06 00:25:19.4027 INFO connection successful
2020-06-06 00:25:20.4021 INFO connection successful
2020-06-06 00:25:21.4019 INFO connection successful
2020-06-06 00:25:22.4037 INFO connection successful
2020-06-06 00:25:23.4051 INFO connection successful
2020-06-06 00:25:24.4039 INFO connection successful
2020-06-06 00:25:25.4021 INFO connection successful
2020-06-06 00:25:26.4054 INFO connection successful
2020-06-06 00:25:27.4053 INFO connection successful
2020-06-06 00:25:28.4028 INFO connection successful
2020-06-06 00:25:29.4075 INFO connection successful
2020-06-06 00:25:30.4050 INFO connection successful
2020-06-06 00:25:31.4104 INFO connection successful
2020-06-06 00:25:32.4039 INFO connection successful
2020-06-06 00:25:33.4025 INFO connection successful
2020-06-06 00:25:34.4040 INFO connection successful
2020-06-06 00:25:35.4031 INFO connection successful
2020-06-06 00:25:36.4087 INFO connection successful
2020-06-06 00:25:37.4039 INFO connection successful
2020-06-06 00:25:38.4017 INFO connection successful
2020-06-06 00:25:39.4044 INFO connection successful
2020-06-06 00:25:40.4020 INFO connection successful
2020-06-06 00:25:41.4013 INFO connection successful
2020-06-06 00:25:42.4057 INFO connection successful
2020-06-06 00:25:43.4067 INFO connection successful
2020-06-06 00:25:44.4020 INFO connection successful
2020-06-06 00:25:45.4030 INFO connection successful
2020-06-06 00:25:46.4018 INFO connection successful
2020-06-06 00:25:47.4040 INFO connection successful
2020-06-06 00:25:48.4030 INFO connection successful
2020-06-06 00:25:49.4029 INFO connection successful
2020-06-06 00:25:50.4057 INFO connection successful
2020-06-06 00:25:51.4040 INFO connection successful
2020-06-06 00:25:52.4034 INFO connection successful
2020-06-06 00:25:53.4052 INFO connection successful
2020-06-06 00:25:54.4030 INFO connection successful
2020-06-06 00:25:55.4028 INFO connection successful
2020-06-06 00:25:56.4020 INFO connection successful
2020-06-06 00:25:57.4020 INFO connection successful
2020-06-06 00:25:58.4025 INFO connection successful
2020-06-06 00:25:59.4023 INFO connection successful
2020-06-06 00:26:00.4019 INFO connection successful
2020-06-06 00:26:01.4009 INFO connection successful
2020-06-06 00:26:02.4019 INFO connection successful
2020-06-06 00:26:03.4039 INFO connection successful
2020-06-06 00:26:04.4019 INFO connection successful
2020-06-06 00:26:05.4036 INFO connection successful
2020-06-06 00:26:06.4037 INFO connection successful
2020-06-06 00:26:07.4035 INFO connection successful
2020-06-06 00:26:08.4059 INFO connection successful
2020-06-06 00:26:09.4142 INFO connection successful
2020-06-06 00:26:10.4139 INFO connection successful
2020-06-06 00:26:11.4093 INFO connection successful
2020-06-06 00:26:12.4138 INFO connection successful
2020-06-06 00:26:13.4089 INFO connection successful
2020-06-06 00:26:14.4140 INFO connection successful
2020-06-06 00:26:15.4029 INFO connection successful
2020-06-06 00:26:16.4023 INFO connection successful
2020-06-06 00:26:17.4016 INFO connection successful
2020-06-06 00:26:18.4047 INFO connection successful
2020-06-06 00:26:19.4037 INFO connection successful
2020-06-06 00:26:20.4028 INFO connection successful
2020-06-06 00:26:21.4043 INFO connection successful
2020-06-06 00:26:22.4030 INFO connection successful
2020-06-06 00:26:23.4033 INFO connection successful
2020-06-06 00:26:24.4079 INFO connection successful
2020-06-06 00:26:25.4054 INFO connection successful
2020-06-06 00:26:26.4051 INFO connection successful
2020-06-06 00:26:27.4056 INFO connection successful
2020-06-06 00:26:28.4013 INFO connection successful
2020-06-06 00:26:29.4068 INFO connection successful
2020-06-06 00:26:30.4066 INFO connection successful
2020-06-06 00:26:31.4031 INFO connection successful
2020-06-06 00:26:32.4072 INFO connection successful
2020-06-06 00:26:33.4054 INFO connection successful
2020-06-06 00:26:34.4079 INFO connection successful
2020-06-06 00:26:35.4455 INFO connection successful
2020-06-06 00:26:36.4067 INFO connection successful
2020-06-06 00:26:37.4059 INFO connection successful
2020-06-06 00:26:38.4040 INFO connection successful
2020-06-06 00:26:39.4028 INFO connection successful
2020-06-06 00:26:40.4051 INFO connection successful
2020-06-06 00:26:41.4029 INFO connection successful
2020-06-06 00:26:42.4028 INFO connection successful
2020-06-06 00:26:43.4033 INFO connection successful
2020-06-06 00:26:44.4039 INFO connection successful
2020-06-06 00:26:45.4027 INFO connection successful
2020-06-06 00:26:46.4053 INFO connection successful
2020-06-06 00:26:47.4018 INFO connection successful
2020-06-06 00:26:48.4036 INFO connection successful
2020-06-06 00:26:49.4042 INFO connection successful
2020-06-06 00:26:50.4016 INFO connection successful
2020-06-06 00:26:51.4019 INFO connection successful
2020-06-06 00:26:52.4035 INFO connection successful
2020-06-06 00:26:53.4022 INFO connection successful
2020-06-06 00:26:54.4042 INFO connection successful
2020-06-06 00:26:55.4033 INFO connection successful
2020-06-06 00:26:56.4021 INFO connection successful
2020-06-06 00:26:57.4020 INFO connection successful
2020-06-06 00:26:58.4018 INFO connection successful
2020-06-06 00:26:59.4038 INFO connection successful
2020-06-06 00:27:00.4031 INFO connection successful
2020-06-06 00:27:01.4025 INFO connection successful
2020-06-06 00:27:02.4026 INFO connection successful
2020-06-06 00:27:03.4054 INFO connection successful
2020-06-06 00:27:04.4037 INFO connection successful
2020-06-06 00:27:05.4030 INFO connection successful
2020-06-06 00:27:06.4030 INFO connection successful
2020-06-06 00:27:07.4019 INFO connection successful
2020-06-06 00:27:08.4020 INFO connection successful
2020-06-06 00:27:09.4031 INFO connection successful
2020-06-06 00:27:10.4016 INFO connection successful
2020-06-06 00:27:11.4024 INFO connection successful
2020-06-06 00:27:12.4018 INFO connection successful
2020-06-06 00:27:13.4019 INFO connection successful
2020-06-06 00:27:14.4037 INFO connection successful
2020-06-06 00:27:15.4125 INFO connection successful
2020-06-06 00:27:16.4123 INFO connection successful
2020-06-06 00:27:17.4087 ERROR open connection:MySql.Data.MySqlClient.MySqlException (0x80004005): Too many connections
   в MySql.Data.MySqlClient.MySqlStream.ReadPacket()
   в MySql.Data.MySqlClient.NativeDriver.Open()
   в MySql.Data.MySqlClient.Driver.Open()
   в MySql.Data.MySqlClient.Driver.Create(MySqlConnectionStringBuilder settings)
   в MySql.Data.MySqlClient.MySqlPool.CreateNewPooledConnection()
   в MySql.Data.MySqlClient.MySqlPool.GetPooledConnection()
   в MySql.Data.MySqlClient.MySqlPool.TryToGetDriver()
   в MySql.Data.MySqlClient.MySqlPool.GetConnection()
   в MySql.Data.MySqlClient.MySqlConnection.Open()
   в NURESCADA.DBUtils.OpenConnection(MetroLabel lbStatus, Logger logger) в C:\Users\alex2\Documents\GitHub\OMEGA\MySCADA\DB\DBUtils.cs:строка 36
