2020-05-29 13:35:29.7546 INFO connection successful
2020-05-29 13:35:30.5342 INFO connection successful
2020-05-29 13:35:31.5366 INFO connection successful
2020-05-29 13:35:32.5272 INFO connection successful
2020-05-29 13:35:33.5193 INFO connection successful
2020-05-29 13:35:34.5309 INFO connection successful
2020-05-29 13:35:35.5265 INFO connection successful
2020-05-29 13:35:36.5291 INFO connection successful
2020-05-29 13:35:37.5339 INFO connection successful
2020-05-29 13:35:38.5236 INFO connection successful
2020-05-29 13:35:39.5292 INFO connection successful
2020-05-29 13:35:40.5268 INFO connection successful
2020-05-29 13:35:41.5313 INFO connection successful
2020-05-29 13:35:42.5296 INFO connection successful
2020-05-29 13:35:43.5288 INFO connection successful
2020-05-29 13:35:44.5264 INFO connection successful
2020-05-29 13:35:45.5268 INFO connection successful
2020-05-29 13:35:46.5230 INFO connection successful
2020-05-29 13:35:47.5227 INFO connection successful
2020-05-29 13:35:48.5232 INFO connection successful
2020-05-29 13:35:49.5151 INFO connection successful
2020-05-29 13:35:50.5142 INFO connection successful
2020-05-29 13:35:51.5192 INFO connection successful
2020-05-29 13:35:52.5237 INFO connection successful
2020-05-29 13:35:53.5187 INFO connection successful
2020-05-29 13:35:54.5239 INFO connection successful
2020-05-29 13:35:55.5271 INFO connection successful
2020-05-29 13:35:56.5293 INFO connection successful
2020-05-29 13:35:57.5320 INFO connection successful
2020-05-29 13:35:58.5332 INFO connection successful
2020-05-29 13:35:59.5344 INFO connection successful
2020-05-29 13:36:00.5263 INFO connection successful
2020-05-29 13:36:01.5208 INFO connection successful
2020-05-29 13:36:02.5241 INFO connection successful
2020-05-29 13:36:03.5357 INFO connection successful
2020-05-29 13:36:04.5319 INFO connection successful
2020-05-29 13:36:05.5349 INFO connection successful
2020-05-29 13:36:06.5261 INFO connection successful
2020-05-29 13:36:07.5158 INFO connection successful
2020-05-29 13:36:08.5181 INFO connection successful
2020-05-29 13:36:09.5203 INFO connection successful
2020-05-29 13:36:10.5226 INFO connection successful
2020-05-29 13:36:11.5227 INFO connection successful
2020-05-29 13:36:12.5184 INFO connection successful
2020-05-29 13:36:13.5224 INFO connection successful
2020-05-29 13:36:14.5213 INFO connection successful
2020-05-29 13:36:15.5205 INFO connection successful
2020-05-29 13:36:16.5225 INFO connection successful
2020-05-29 13:36:17.5182 INFO connection successful
2020-05-29 13:36:18.5194 INFO connection successful
2020-05-29 13:36:19.5132 INFO connection successful
2020-05-29 13:36:20.5189 INFO connection successful
2020-05-29 13:36:21.5198 INFO connection successful
2020-05-29 13:36:22.5274 INFO connection successful
2020-05-29 13:36:23.5187 INFO connection successful
2020-05-29 13:36:24.5199 INFO connection successful
2020-05-29 13:36:25.5241 INFO connection successful
2020-05-29 13:36:26.5260 INFO connection successful
2020-05-29 13:36:27.5331 INFO connection successful
2020-05-29 13:36:28.5415 INFO connection successful
2020-05-29 13:36:29.5252 INFO connection successful
2020-05-29 13:36:30.5351 INFO connection successful
2020-05-29 13:36:31.5393 INFO connection successful
2020-05-29 13:36:32.5356 INFO connection successful
2020-05-29 13:36:33.5295 INFO connection successful
2020-05-29 13:36:34.5267 INFO connection successful
2020-05-29 13:36:35.5307 INFO connection successful
2020-05-29 13:36:36.5354 INFO connection successful
2020-05-29 13:36:37.5444 INFO connection successful
2020-05-29 13:36:38.5208 INFO connection successful
2020-05-29 13:36:39.5242 INFO connection successful
2020-05-29 13:36:40.5195 INFO connection successful
2020-05-29 13:36:41.5242 INFO connection successful
2020-05-29 13:36:42.5253 INFO connection successful
2020-05-29 13:36:43.5238 INFO connection successful
2020-05-29 13:36:44.5276 INFO connection successful
2020-05-29 13:36:45.5196 INFO connection successful
2020-05-29 13:36:46.5194 INFO connection successful
2020-05-29 13:36:47.5215 INFO connection successful
2020-05-29 13:36:48.5184 INFO connection successful
2020-05-29 13:36:49.5240 INFO connection successful
2020-05-29 13:36:50.5244 INFO connection successful
2020-05-29 13:36:51.5197 INFO connection successful
2020-05-29 13:36:52.5293 INFO connection successful
2020-05-29 13:36:53.5217 INFO connection successful
2020-05-29 13:36:54.5250 INFO connection successful
2020-05-29 13:36:55.5149 INFO connection successful
2020-05-29 13:36:56.5198 INFO connection successful
2020-05-29 13:36:57.5191 INFO connection successful
2020-05-29 13:36:58.5188 INFO connection successful
2020-05-29 13:36:59.5195 INFO connection successful
2020-05-29 13:37:00.5205 INFO connection successful
2020-05-29 13:37:01.5234 INFO connection successful
2020-05-29 13:37:02.5190 INFO connection successful
2020-05-29 13:37:03.5229 INFO connection successful
2020-05-29 13:37:04.5205 INFO connection successful
2020-05-29 13:37:05.5170 INFO connection successful
2020-05-29 13:37:06.5271 INFO connection successful
2020-05-29 13:37:07.5244 INFO connection successful
2020-05-29 13:37:08.5299 INFO connection successful
2020-05-29 13:37:09.5300 INFO connection successful
2020-05-29 13:37:11.0173 INFO connection successful
2020-05-29 13:37:11.5201 INFO connection successful
2020-05-29 13:37:12.5244 INFO connection successful
2020-05-29 13:37:13.6741 INFO connection successful
2020-05-29 13:37:14.5207 INFO connection successful
2020-05-29 13:37:15.5191 INFO connection successful
2020-05-29 13:37:16.5212 INFO connection successful
2020-05-29 13:37:17.5144 INFO connection successful
2020-05-29 13:37:18.5149 INFO connection successful
2020-05-29 13:37:19.5239 INFO connection successful
2020-05-29 13:37:20.5130 INFO connection successful
2020-05-29 13:37:21.5192 INFO connection successful
2020-05-29 13:37:22.5254 INFO connection successful
2020-05-29 13:37:23.5199 INFO connection successful
2020-05-29 13:37:24.5272 INFO connection successful
2020-05-29 13:37:25.5165 INFO connection successful
2020-05-29 13:37:26.5189 INFO connection successful
2020-05-29 13:37:27.5199 INFO connection successful
2020-05-29 13:37:28.5210 INFO connection successful
2020-05-29 13:37:29.5166 INFO connection successful
2020-05-29 13:37:30.5194 INFO connection successful
2020-05-29 13:37:31.5279 INFO connection successful
2020-05-29 13:37:32.5136 INFO connection successful
2020-05-29 13:37:33.5204 INFO connection successful
2020-05-29 13:37:34.5164 INFO connection successful
2020-05-29 13:37:35.5190 INFO connection successful
2020-05-29 13:37:36.5144 INFO connection successful
2020-05-29 13:37:37.5177 INFO connection successful
2020-05-29 13:37:38.5184 INFO connection successful
2020-05-29 13:37:39.5239 INFO connection successful
2020-05-29 13:37:40.5150 INFO connection successful
2020-05-29 13:37:41.5200 INFO connection successful
2020-05-29 13:37:42.5232 INFO connection successful
2020-05-29 13:37:43.5147 INFO connection successful
2020-05-29 13:37:44.5129 INFO connection successful
2020-05-29 13:37:45.5177 INFO connection successful
2020-05-29 13:37:46.5161 INFO connection successful
2020-05-29 13:37:47.5184 INFO connection successful
2020-05-29 13:37:48.5178 INFO connection successful
2020-05-29 13:37:49.5312 INFO connection successful
2020-05-29 13:37:50.5207 INFO connection successful
2020-05-29 13:37:51.5298 INFO connection successful
2020-05-29 13:37:52.5295 INFO connection successful
2020-05-29 13:37:53.5237 INFO connection successful
2020-05-29 13:37:54.5302 INFO connection successful
2020-05-29 13:37:55.5273 INFO connection successful
2020-05-29 13:37:56.5265 INFO connection successful
2020-05-29 13:37:57.5214 INFO connection successful
2020-05-29 13:37:58.5191 INFO connection successful
2020-05-29 13:37:59.5194 INFO connection successful
2020-05-29 13:38:00.5263 INFO connection successful
2020-05-29 13:38:01.5196 INFO connection successful
2020-05-29 13:38:02.5203 INFO connection successful
2020-05-29 13:38:03.5235 INFO connection successful
2020-05-29 13:38:04.5267 INFO connection successful
2020-05-29 13:38:05.5217 INFO connection successful
2020-05-29 13:38:06.5165 INFO connection successful
2020-05-29 13:38:07.5224 INFO connection successful
2020-05-29 13:38:08.5282 INFO connection successful
2020-05-29 13:38:09.5184 INFO connection successful
2020-05-29 13:38:10.5206 INFO connection successful
2020-05-29 13:38:11.5234 INFO connection successful
2020-05-29 13:38:12.5201 INFO connection successful
2020-05-29 13:49:12.8492 WARN System.InvalidOperationException: Connection must be valid and open.
   at MySql.Data.MySqlClient.MySqlCommand.Throw(Exception ex)
   at MySql.Data.MySqlClient.MySqlCommand.CheckState()
   at MySql.Data.MySqlClient.MySqlCommand.ExecuteReader(CommandBehavior behavior)
   at MySql.Data.MySqlClient.MySqlCommand.ExecuteReader()
   at NURESCADA.MainForm.cbDataSets_Click(Object sender, EventArgs e) in C:\Users\Vladymyr\Source\Repos\OMEGA\MySCADA\Forms\MainForm.cs:line 200
2020-05-29 13:49:13.1235 INFO connection successful
2020-05-29 13:49:13.6033 INFO connection successful
2020-05-29 13:49:14.6033 INFO connection successful
2020-05-29 13:49:15.5900 INFO connection successful
2020-05-29 13:49:16.5816 INFO connection successful
2020-05-29 13:49:17.5833 INFO connection successful
2020-05-29 13:49:18.5872 INFO connection successful
2020-05-29 13:49:19.5833 INFO connection successful
2020-05-29 13:49:20.5842 INFO connection successful
2020-05-29 13:49:21.5852 INFO connection successful
2020-05-29 13:49:22.5871 INFO connection successful
2020-05-29 13:49:23.5872 INFO connection successful
2020-05-29 13:49:24.5982 INFO connection successful
2020-05-29 13:49:25.5924 INFO connection successful
2020-05-29 13:49:26.5830 INFO connection successful
2020-05-29 13:49:27.5921 INFO connection successful
2020-05-29 13:49:28.5926 INFO connection successful
2020-05-29 13:49:29.6124 INFO connection successful
2020-05-29 13:49:30.8137 INFO connection successful
2020-05-29 13:49:31.5783 INFO connection successful
2020-05-29 13:49:32.5747 INFO connection successful
2020-05-29 13:49:33.5789 INFO connection successful
2020-05-29 13:49:34.5779 INFO connection successful
2020-05-29 13:49:35.5772 INFO connection successful
2020-05-29 13:49:36.5787 INFO connection successful
2020-05-29 13:49:37.5768 INFO connection successful
2020-05-29 13:49:38.5872 INFO connection successful
2020-05-29 13:49:39.5777 INFO connection successful
2020-05-29 13:49:40.5763 INFO connection successful
2020-05-29 13:49:41.5810 INFO connection successful
2020-05-29 13:49:42.5824 INFO connection successful
2020-05-29 13:49:43.5832 INFO connection successful
2020-05-29 13:49:44.5992 INFO connection successful
2020-05-29 13:49:45.5859 INFO connection successful
2020-05-29 13:49:46.5931 INFO connection successful
2020-05-29 13:49:47.5851 INFO connection successful
2020-05-29 13:49:48.5832 INFO connection successful
2020-05-29 13:49:49.5834 INFO connection successful
2020-05-29 13:49:50.5869 INFO connection successful
2020-05-29 13:49:51.5936 INFO connection successful
2020-05-29 13:49:52.5990 INFO connection successful
2020-05-29 13:49:53.5835 INFO connection successful
2020-05-29 13:49:54.5873 INFO connection successful
2020-05-29 13:49:55.5774 INFO connection successful
2020-05-29 13:49:56.5800 INFO connection successful
2020-05-29 13:49:57.5823 INFO connection successful
2020-05-29 13:49:58.5814 INFO connection successful
2020-05-29 13:49:59.5763 INFO connection successful
2020-05-29 13:50:00.5764 INFO connection successful
2020-05-29 13:50:01.5771 INFO connection successful
2020-05-29 13:50:02.5798 INFO connection successful
2020-05-29 13:50:03.5765 INFO connection successful
2020-05-29 13:50:04.5775 INFO connection successful
2020-05-29 13:50:05.5760 INFO connection successful
2020-05-29 13:50:06.5774 INFO connection successful
2020-05-29 13:50:07.5784 INFO connection successful
2020-05-29 13:50:18.3549 INFO connection successful
2020-05-29 13:50:19.1331 INFO connection successful
2020-05-29 13:50:20.1402 INFO connection successful
2020-05-29 13:50:21.1439 INFO connection successful
2020-05-29 13:50:22.5959 INFO connection successful
2020-05-29 13:50:23.1210 INFO connection successful
2020-05-29 13:50:24.1221 INFO connection successful
2020-05-29 13:50:25.1322 INFO connection successful
2020-05-29 13:50:26.1193 INFO connection successful
2020-05-29 13:50:27.1234 INFO connection successful
2020-05-29 13:50:28.1212 INFO connection successful
2020-05-29 13:50:29.1327 INFO connection successful
2020-05-29 13:50:30.1349 INFO connection successful
2020-05-29 13:50:31.1233 INFO connection successful
2020-05-29 13:50:32.1190 INFO connection successful
2020-05-29 13:50:33.1217 INFO connection successful
2020-05-29 13:50:34.1425 INFO connection successful
2020-05-29 13:50:35.1199 INFO connection successful
2020-05-29 13:50:36.1150 INFO connection successful
2020-05-29 13:50:37.1123 INFO connection successful
2020-05-29 13:50:38.1132 INFO connection successful
2020-05-29 13:50:39.1125 INFO connection successful
2020-05-29 13:50:40.1123 INFO connection successful
2020-05-29 13:50:41.1144 INFO connection successful
2020-05-29 13:50:42.1157 INFO connection successful
2020-05-29 13:50:43.1154 INFO connection successful
2020-05-29 13:50:44.1178 INFO connection successful
2020-05-29 13:50:45.1166 INFO connection successful
2020-05-29 13:50:46.1172 INFO connection successful
2020-05-29 13:50:47.1143 INFO connection successful
2020-05-29 13:50:48.1163 INFO connection successful
2020-05-29 13:50:49.1240 INFO connection successful
2020-05-29 13:50:50.1366 INFO connection successful
2020-05-29 13:50:51.1359 INFO connection successful
2020-05-29 13:50:52.1168 INFO connection successful
2020-05-29 13:50:53.1279 INFO connection successful
2020-05-29 13:50:54.1201 INFO connection successful
2020-05-29 13:50:55.1320 INFO connection successful
2020-05-29 13:50:56.1315 INFO connection successful
2020-05-29 13:50:57.1154 INFO connection successful
2020-05-29 13:50:58.1133 INFO connection successful
2020-05-29 13:50:59.1150 INFO connection successful
2020-05-29 13:51:00.1101 INFO connection successful
2020-05-29 13:51:01.1115 INFO connection successful
2020-05-29 13:51:02.1182 INFO connection successful
2020-05-29 13:51:03.1191 INFO connection successful
2020-05-29 13:51:04.1124 INFO connection successful
2020-05-29 13:51:05.1077 INFO connection successful
2020-05-29 13:51:06.1165 INFO connection successful
2020-05-29 13:51:07.1091 INFO connection successful
2020-05-29 13:51:08.1094 INFO connection successful
2020-05-29 13:51:09.1156 INFO connection successful
2020-05-29 13:51:10.1231 INFO connection successful
2020-05-29 13:51:11.1103 INFO connection successful
2020-05-29 13:51:12.1156 INFO connection successful
2020-05-29 13:51:13.1185 INFO connection successful
2020-05-29 13:51:14.1142 INFO connection successful
2020-05-29 13:51:15.1069 INFO connection successful
2020-05-29 13:51:16.1172 INFO connection successful
2020-05-29 13:51:17.1122 INFO connection successful
2020-05-29 13:51:18.1355 INFO connection successful
2020-05-29 13:51:19.1228 INFO connection successful
2020-05-29 13:51:20.1265 INFO connection successful
2020-05-29 13:51:21.1278 INFO connection successful
2020-05-29 13:51:22.1163 INFO connection successful
2020-05-29 13:51:23.1228 INFO connection successful
2020-05-29 13:51:24.1276 INFO connection successful
2020-05-29 13:51:25.1173 INFO connection successful
2020-05-29 13:51:26.1141 INFO connection successful
2020-05-29 13:51:27.1245 INFO connection successful
2020-05-29 13:51:28.1121 INFO connection successful
2020-05-29 13:51:29.1098 INFO connection successful
2020-05-29 13:51:30.1073 INFO connection successful
2020-05-29 13:51:31.1819 INFO connection successful
2020-05-29 13:51:32.1187 INFO connection successful
2020-05-29 13:51:33.1083 INFO connection successful
2020-05-29 13:51:34.1068 INFO connection successful
2020-05-29 13:51:35.1097 INFO connection successful
2020-05-29 13:51:36.1095 INFO connection successful
2020-05-29 13:51:37.1093 INFO connection successful
2020-05-29 13:51:38.1061 INFO connection successful
2020-05-29 13:51:39.1141 INFO connection successful
2020-05-29 13:51:40.1107 INFO connection successful
2020-05-29 13:51:41.1135 INFO connection successful
2020-05-29 13:51:42.1116 INFO connection successful
2020-05-29 13:51:43.1084 INFO connection successful
2020-05-29 13:51:44.1080 INFO connection successful
2020-05-29 13:51:45.1127 INFO connection successful
2020-05-29 13:51:46.1124 INFO connection successful
2020-05-29 13:51:47.1115 INFO connection successful
2020-05-29 13:51:48.1093 INFO connection successful
2020-05-29 13:51:49.1071 INFO connection successful
2020-05-29 13:51:50.1088 INFO connection successful
2020-05-29 13:51:51.1135 INFO connection successful
2020-05-29 13:51:52.1134 INFO connection successful
2020-05-29 13:51:53.1079 INFO connection successful
2020-05-29 13:51:54.1084 INFO connection successful
2020-05-29 13:51:55.1089 INFO connection successful
2020-05-29 13:51:56.1095 INFO connection successful
2020-05-29 13:51:57.1102 INFO connection successful
2020-05-29 13:51:58.1331 INFO connection successful
2020-05-29 13:51:59.1256 INFO connection successful
2020-05-29 13:52:00.1162 INFO connection successful
2020-05-29 13:52:01.1292 INFO connection successful
2020-05-29 13:52:38.4854 INFO connection successful
2020-05-29 13:52:39.2421 INFO connection successful
2020-05-29 13:52:40.2455 INFO connection successful
2020-05-29 13:52:41.2212 INFO connection successful
2020-05-29 13:52:42.9630 INFO connection successful
2020-05-29 13:52:43.2263 INFO connection successful
2020-05-29 13:52:44.2265 INFO connection successful
2020-05-29 13:55:27.3382 WARN System.InvalidOperationException: Connection must be valid and open.
   at MySql.Data.MySqlClient.MySqlCommand.Throw(Exception ex)
   at MySql.Data.MySqlClient.MySqlCommand.CheckState()
   at MySql.Data.MySqlClient.MySqlCommand.ExecuteReader(CommandBehavior behavior)
   at MySql.Data.MySqlClient.MySqlCommand.ExecuteReader()
   at NURESCADA.MainForm.cbDataSets_Click(Object sender, EventArgs e) in C:\Users\Vladymyr\Source\Repos\OMEGA\MySCADA\Forms\MainForm.cs:line 200
2020-05-29 13:55:27.6389 INFO connection successful
2020-05-29 13:55:28.2114 INFO connection successful
2020-05-29 13:55:29.2078 INFO connection successful
2020-05-29 13:55:30.2095 INFO connection successful
2020-05-29 13:55:31.2118 INFO connection successful
2020-05-29 13:55:32.2068 INFO connection successful
2020-05-29 13:55:33.2046 INFO connection successful
2020-05-29 13:55:34.2025 INFO connection successful
2020-05-29 13:55:35.2111 INFO connection successful
2020-05-29 13:55:36.2095 INFO connection successful
2020-05-29 13:55:37.2078 INFO connection successful
2020-05-29 13:55:38.2077 INFO connection successful
2020-05-29 13:55:39.2128 INFO connection successful
2020-05-29 13:55:40.2076 INFO connection successful
2020-05-29 13:55:41.2083 INFO connection successful
2020-05-29 13:55:42.3779 INFO connection successful
2020-05-29 13:55:43.2178 INFO connection successful
2020-05-29 13:55:44.2250 INFO connection successful
2020-05-29 13:55:45.2001 INFO connection successful
2020-05-29 13:55:46.2006 INFO connection successful
2020-05-29 13:55:47.2022 INFO connection successful
2020-05-29 13:55:57.1204 WARN System.InvalidOperationException: Connection must be valid and open.
   at MySql.Data.MySqlClient.MySqlCommand.Throw(Exception ex)
   at MySql.Data.MySqlClient.MySqlCommand.CheckState()
   at MySql.Data.MySqlClient.MySqlCommand.ExecuteReader(CommandBehavior behavior)
   at MySql.Data.MySqlClient.MySqlCommand.ExecuteReader()
   at NURESCADA.MainForm.cbDataSets_Click(Object sender, EventArgs e) in C:\Users\Vladymyr\Source\Repos\OMEGA\MySCADA\Forms\MainForm.cs:line 200
2020-05-29 13:56:05.0064 WARN System.InvalidOperationException: Connection must be valid and open.
   at MySql.Data.MySqlClient.MySqlCommand.Throw(Exception ex)
   at MySql.Data.MySqlClient.MySqlCommand.CheckState()
   at MySql.Data.MySqlClient.MySqlCommand.ExecuteReader(CommandBehavior behavior)
   at MySql.Data.MySqlClient.MySqlCommand.ExecuteReader()
   at NURESCADA.MainForm.cbDataSets_Click(Object sender, EventArgs e) in C:\Users\Vladymyr\Source\Repos\OMEGA\MySCADA\Forms\MainForm.cs:line 200
2020-05-29 13:56:05.2487 INFO connection successful
2020-05-29 13:56:06.0206 INFO connection successful
2020-05-29 13:56:07.0203 INFO connection successful
2020-05-29 13:56:08.0182 INFO connection successful
2020-05-29 13:56:09.0047 INFO connection successful
2020-05-29 13:56:10.7167 INFO connection successful
2020-05-29 13:56:11.0099 INFO connection successful
2020-05-29 13:56:12.0040 INFO connection successful
2020-05-29 13:57:27.2997 INFO connection successful
2020-05-29 13:57:28.0713 INFO connection successful
2020-05-29 13:57:29.0699 INFO connection successful
2020-05-29 13:57:30.0679 INFO connection successful
2020-05-29 13:57:31.0722 INFO connection successful
2020-05-29 13:57:32.6816 INFO connection successful
2020-05-29 13:57:33.0591 INFO connection successful
2020-05-29 13:57:34.0604 INFO connection successful
2020-05-29 13:57:35.0693 INFO connection successful
2020-05-29 13:57:36.0685 INFO connection successful
2020-05-29 13:57:37.0695 INFO connection successful
2020-05-29 13:57:38.0752 INFO connection successful
2020-05-29 13:57:39.0788 INFO connection successful
2020-05-29 13:57:40.0769 INFO connection successful
2020-05-29 13:57:41.0739 INFO connection successful
2020-05-29 13:57:42.0754 INFO connection successful
2020-05-29 13:57:43.0712 INFO connection successful
2020-05-29 13:57:44.0764 INFO connection successful
2020-05-29 13:57:45.0789 INFO connection successful
2020-05-29 13:57:46.0609 INFO connection successful
2020-05-29 13:57:47.0661 INFO connection successful
2020-05-29 13:57:48.0683 INFO connection successful
2020-05-29 13:57:49.0673 INFO connection successful
2020-05-29 13:57:50.0660 INFO connection successful
2020-05-29 13:57:51.0677 INFO connection successful
2020-05-29 13:57:52.0655 INFO connection successful
2020-05-29 13:57:53.0676 INFO connection successful
2020-05-29 13:57:54.0681 INFO connection successful
2020-05-29 13:57:55.0706 INFO connection successful
2020-05-29 13:57:56.0656 INFO connection successful
2020-05-29 13:57:57.0658 INFO connection successful
2020-05-29 13:57:58.0669 INFO connection successful
2020-05-29 13:57:59.0734 INFO connection successful
2020-05-29 13:58:00.0933 INFO connection successful
2020-05-29 13:58:01.0696 INFO connection successful
2020-05-29 13:58:02.0739 INFO connection successful
2020-05-29 13:58:03.0679 INFO connection successful
2020-05-29 13:58:04.0748 INFO connection successful
2020-05-29 13:58:05.0784 INFO connection successful
2020-05-29 13:58:06.0825 INFO connection successful
2020-05-29 13:58:07.0746 INFO connection successful
2020-05-29 13:58:08.0738 INFO connection successful
2020-05-29 13:58:09.0766 INFO connection successful
2020-05-29 13:58:10.0655 INFO connection successful
2020-05-29 13:58:11.0610 INFO connection successful
2020-05-29 13:58:12.0669 INFO connection successful
2020-05-29 13:58:13.0674 INFO connection successful
2020-05-29 13:58:14.0683 INFO connection successful
2020-05-29 13:58:15.0625 INFO connection successful
2020-05-29 13:58:16.0654 INFO connection successful
2020-05-29 13:58:17.0656 INFO connection successful
2020-05-29 13:58:18.0653 INFO connection successful
2020-05-29 13:58:19.0642 INFO connection successful
2020-05-29 13:58:20.0719 INFO connection successful
2020-05-29 13:58:21.0685 INFO connection successful
2020-05-29 13:58:22.0640 INFO connection successful
2020-05-29 13:58:23.0633 INFO connection successful
2020-05-29 13:58:24.0670 INFO connection successful
2020-05-29 13:58:25.0742 INFO connection successful
2020-05-29 13:58:26.0663 INFO connection successful
2020-05-29 13:58:27.0686 INFO connection successful
2020-05-29 13:58:28.0654 INFO connection successful
2020-05-29 13:58:29.0666 INFO connection successful
2020-05-29 13:58:30.0672 INFO connection successful
2020-05-29 13:58:31.0682 INFO connection successful
2020-05-29 13:58:32.0672 INFO connection successful
2020-05-29 13:58:33.0885 INFO connection successful
2020-05-29 13:58:34.0745 INFO connection successful
2020-05-29 14:39:09.6821 WARN System.InvalidOperationException: Connection must be valid and open.
   at MySql.Data.MySqlClient.MySqlCommand.Throw(Exception ex)
   at MySql.Data.MySqlClient.MySqlCommand.CheckState()
   at MySql.Data.MySqlClient.MySqlCommand.ExecuteReader(CommandBehavior behavior)
   at MySql.Data.MySqlClient.MySqlCommand.ExecuteReader()
   at NURESCADA.MainForm.cbDataSets_Click(Object sender, EventArgs e) in C:\Users\Vladymyr\Source\Repos\OMEGA\MySCADA\Forms\MainForm.cs:line 200
2020-05-29 14:39:10.0048 INFO connection successful
2020-05-29 14:39:10.8320 INFO connection successful
2020-05-29 14:39:11.8262 INFO connection successful
2020-05-29 14:39:12.8254 INFO connection successful
2020-05-29 14:39:14.1384 INFO connection successful
2020-05-29 14:39:14.8158 INFO connection successful
2020-05-29 14:39:15.8242 INFO connection successful
2020-05-29 14:39:16.8327 INFO connection successful
2020-05-29 14:39:17.9459 INFO connection successful
2020-05-29 14:39:18.8252 INFO connection successful
2020-05-29 14:39:19.8293 INFO connection successful
2020-05-29 14:39:20.8157 INFO connection successful
2020-05-29 14:39:21.8188 INFO connection successful
2020-05-29 14:39:22.8170 INFO connection successful
2020-05-29 14:39:23.8155 INFO connection successful
2020-05-29 14:39:24.8207 INFO connection successful
2020-05-29 14:39:25.8155 INFO connection successful
2020-05-29 14:39:26.8280 INFO connection successful
2020-05-29 14:39:27.8188 INFO connection successful
2020-05-29 14:39:28.8256 INFO connection successful
2020-05-29 14:39:29.8300 INFO connection successful
2020-05-29 14:39:30.8253 INFO connection successful
2020-05-29 14:39:31.8320 INFO connection successful
2020-05-29 14:39:32.8231 INFO connection successful
2020-05-29 14:39:33.8236 INFO connection successful
2020-05-29 14:39:34.8327 INFO connection successful
2020-05-29 14:39:35.8270 INFO connection successful
2020-05-29 14:39:36.8392 INFO connection successful
2020-05-29 14:39:37.8207 INFO connection successful
2020-05-29 14:39:38.8142 INFO connection successful
2020-05-29 14:39:39.8169 INFO connection successful
2020-05-29 14:39:40.8192 INFO connection successful
2020-05-29 14:39:41.8128 INFO connection successful
2020-05-29 14:39:42.8191 INFO connection successful
2020-05-29 14:39:43.8246 INFO connection successful
2020-05-29 14:39:44.8160 INFO connection successful
2020-05-29 14:39:45.8116 INFO connection successful
2020-05-29 14:39:46.8157 INFO connection successful
2020-05-29 14:39:47.8215 INFO connection successful
2020-05-29 14:39:48.8204 INFO connection successful
2020-05-29 14:39:49.8109 INFO connection successful
2020-05-29 14:39:50.8149 INFO connection successful
2020-05-29 14:39:51.8233 INFO connection successful
2020-05-29 14:39:52.8335 INFO connection successful
2020-05-29 14:39:53.8314 INFO connection successful
2020-05-29 14:39:54.8238 INFO connection successful
2020-05-29 14:39:55.8302 INFO connection successful
2020-05-29 14:39:56.8217 INFO connection successful
2020-05-29 14:39:57.8301 INFO connection successful
2020-05-29 14:39:58.8307 INFO connection successful
2020-05-29 14:39:59.8200 INFO connection successful
2020-05-29 14:40:00.8225 INFO connection successful
2020-05-29 14:40:01.8261 INFO connection successful
2020-05-29 14:41:16.8558 INFO connection successful
2020-05-29 14:41:17.8736 INFO connection successful
2020-05-29 14:41:18.6291 INFO connection successful
2020-05-29 14:41:19.6198 INFO connection successful
2020-05-29 14:41:20.6078 INFO connection successful
2020-05-29 14:41:21.6144 INFO connection successful
2020-05-29 14:41:22.6255 INFO connection successful
2020-05-29 14:41:23.6144 INFO connection successful
2020-05-29 14:41:24.6160 INFO connection successful
2020-05-29 14:41:25.6149 INFO connection successful
2020-05-29 14:41:26.6151 INFO connection successful
2020-05-29 14:41:27.6183 INFO connection successful
2020-05-29 14:41:28.6167 INFO connection successful
2020-05-29 14:41:29.6189 INFO connection successful
2020-05-29 14:41:30.6145 INFO connection successful
2020-05-29 14:41:31.6130 INFO connection successful
2020-05-29 14:41:32.6213 INFO connection successful
2020-05-29 14:41:33.6348 INFO connection successful
2020-05-29 14:41:34.6088 INFO connection successful
2020-05-29 15:08:43.3438 INFO connection successful
2020-05-29 15:08:44.1360 INFO connection successful
2020-05-29 15:08:45.1336 INFO connection successful
2020-05-29 15:08:46.1448 INFO connection successful
2020-05-29 15:08:47.1390 INFO connection successful
2020-05-29 15:08:48.1294 INFO connection successful
2020-05-29 15:08:49.1267 INFO connection successful
2020-05-29 15:08:50.7158 INFO connection successful
2020-05-29 15:08:51.1381 INFO connection successful
2020-05-29 15:08:52.1372 INFO connection successful
2020-05-29 15:08:53.1343 INFO connection successful
2020-05-29 15:08:54.1380 INFO connection successful
2020-05-29 15:08:55.1377 INFO connection successful
2020-05-29 15:08:56.1394 INFO connection successful
2020-05-29 15:08:57.1338 INFO connection successful
2020-05-29 15:08:58.1367 INFO connection successful
2020-05-29 15:08:59.1432 INFO connection successful
2020-05-29 15:09:00.1424 INFO connection successful
2020-05-29 15:09:01.1243 INFO connection successful
2020-05-29 15:09:02.1258 INFO connection successful
2020-05-29 15:09:03.1254 INFO connection successful
2020-05-29 15:09:04.1272 INFO connection successful
2020-05-29 15:09:05.1275 INFO connection successful
2020-05-29 15:09:06.1241 INFO connection successful
2020-05-29 15:09:07.1323 INFO connection successful
2020-05-29 15:09:08.1280 INFO connection successful
2020-05-29 15:09:09.1280 INFO connection successful
2020-05-29 15:09:10.1279 INFO connection successful
2020-05-29 15:09:11.1321 INFO connection successful
2020-05-29 15:09:12.1317 INFO connection successful
2020-05-29 15:09:13.1338 INFO connection successful
2020-05-29 15:09:14.1330 INFO connection successful
2020-05-29 15:09:15.1461 INFO connection successful
2020-05-29 15:09:16.1293 INFO connection successful
2020-05-29 15:09:17.1350 INFO connection successful
2020-05-29 15:09:18.1462 INFO connection successful
2020-05-29 15:09:19.1364 INFO connection successful
2020-05-29 15:09:20.1370 INFO connection successful
2020-05-29 15:09:21.1364 INFO connection successful
2020-05-29 15:09:22.1313 INFO connection successful
2020-05-29 15:09:23.1259 INFO connection successful
2020-05-29 15:09:24.1288 INFO connection successful
2020-05-29 15:09:25.1280 INFO connection successful
2020-05-29 15:09:26.1264 INFO connection successful
2020-05-29 15:09:27.1290 INFO connection successful
2020-05-29 15:09:28.1255 INFO connection successful
2020-05-29 15:09:29.1254 INFO connection successful
2020-05-29 15:09:30.1297 INFO connection successful
2020-05-29 15:09:31.1285 INFO connection successful
2020-05-29 16:10:44.2265 WARN System.InvalidOperationException: Connection must be valid and open.
   at MySql.Data.MySqlClient.MySqlCommand.Throw(Exception ex)
   at MySql.Data.MySqlClient.MySqlCommand.CheckState()
   at MySql.Data.MySqlClient.MySqlCommand.ExecuteReader(CommandBehavior behavior)
   at MySql.Data.MySqlClient.MySqlCommand.ExecuteReader()
   at NURESCADA.MainForm.cbDataSets_Click(Object sender, EventArgs e) in C:\Users\Vladymyr\Source\Repos\OMEGA\MySCADA\Forms\MainForm.cs:line 204
2020-05-29 16:10:47.6973 INFO connection successful
2020-05-29 16:10:48.5046 INFO connection successful
2020-05-29 16:10:49.5086 INFO connection successful
2020-05-29 16:10:50.5060 INFO connection successful
2020-05-29 16:10:51.5055 INFO connection successful
2020-05-29 16:10:52.5093 INFO connection successful
2020-05-29 16:10:53.5214 INFO connection successful
2020-05-29 16:10:54.5143 INFO connection successful
2020-05-29 16:10:55.5052 INFO connection successful
2020-05-29 16:10:56.5064 INFO connection successful
2020-05-29 16:10:57.5052 INFO connection successful
2020-05-29 16:10:58.5049 INFO connection successful
2020-05-29 16:10:59.5059 INFO connection successful
2020-05-29 16:11:00.5134 INFO connection successful
2020-05-29 16:11:01.5097 INFO connection successful
2020-05-29 16:11:02.5225 INFO connection successful
2020-05-29 16:11:03.4976 INFO connection successful
2020-05-29 16:11:04.5002 INFO connection successful
2020-05-29 16:11:05.4995 INFO connection successful
2020-05-29 16:11:06.5005 INFO connection successful
2020-05-29 16:11:07.5021 INFO connection successful
2020-05-29 16:11:08.4992 INFO connection successful
2020-05-29 16:11:09.4982 INFO connection successful
2020-05-29 16:11:10.4980 INFO connection successful
2020-05-29 16:11:11.5890 INFO connection successful
2020-05-29 16:11:12.4976 INFO connection successful
2020-05-29 16:11:13.5019 INFO connection successful
2020-05-29 16:11:14.4988 INFO connection successful
2020-05-29 16:11:15.4976 INFO connection successful
2020-05-29 16:11:16.5103 INFO connection successful
2020-05-29 16:11:17.5132 INFO connection successful
2020-05-29 16:11:18.5173 INFO connection successful
2020-05-29 16:11:19.5209 INFO connection successful
2020-05-29 16:11:20.5152 INFO connection successful
2020-05-29 16:11:21.5063 INFO connection successful
2020-05-29 16:11:22.5062 INFO connection successful
2020-05-29 16:11:23.5078 INFO connection successful
2020-05-29 16:11:24.5025 INFO connection successful
2020-05-29 16:11:25.4983 INFO connection successful
2020-05-29 16:11:26.5013 INFO connection successful
2020-05-29 16:11:27.4964 INFO connection successful
2020-05-29 16:11:28.4974 INFO connection successful
2020-05-29 16:11:29.5000 INFO connection successful
2020-05-29 16:11:30.5018 INFO connection successful
2020-05-29 16:11:31.5018 INFO connection successful
2020-05-29 16:11:32.4985 INFO connection successful
2020-05-29 16:11:33.4989 INFO connection successful
2020-05-29 16:11:34.5004 INFO connection successful
2020-05-29 16:11:35.4979 INFO connection successful
2020-05-29 16:11:36.5021 INFO connection successful
2020-05-29 16:11:37.5027 INFO connection successful
2020-05-29 16:11:38.5082 INFO connection successful
2020-05-29 16:11:39.5070 INFO connection successful
2020-05-29 16:11:40.5002 INFO connection successful
2020-05-29 16:33:52.2665 WARN System.InvalidOperationException: Connection must be valid and open.
   at MySql.Data.MySqlClient.MySqlCommand.Throw(Exception ex)
   at MySql.Data.MySqlClient.MySqlCommand.CheckState()
   at MySql.Data.MySqlClient.MySqlCommand.ExecuteReader(CommandBehavior behavior)
   at MySql.Data.MySqlClient.MySqlCommand.ExecuteReader()
   at NURESCADA.MainForm.cbDataSets_Click(Object sender, EventArgs e) in C:\Users\Vladymyr\Source\Repos\OMEGA\MySCADA\Forms\MainForm.cs:line 204
2020-05-29 16:33:58.1213 INFO connection successful
2020-05-29 16:33:58.8361 INFO connection successful
2020-05-29 16:33:59.8393 INFO connection successful
2020-05-29 16:34:00.8346 INFO connection successful
2020-05-29 16:34:01.8385 INFO connection successful
2020-05-29 16:34:02.8477 INFO connection successful
2020-05-29 16:34:03.8471 INFO connection successful
2020-05-29 16:34:04.8284 INFO connection successful
2020-05-29 16:34:06.4871 INFO connection successful
2020-05-29 16:34:06.8321 INFO connection successful
2020-05-29 16:34:07.8332 INFO connection successful
2020-05-29 16:34:08.8364 INFO connection successful
2020-05-29 16:34:09.8357 INFO connection successful
2020-05-29 16:34:10.8391 INFO connection successful
2020-05-29 16:34:11.8501 INFO connection successful
2020-05-29 16:34:12.8325 INFO connection successful
2020-05-29 16:34:13.8462 INFO connection successful
2020-05-29 16:34:14.8488 INFO connection successful
2020-05-29 16:34:15.8494 INFO connection successful
2020-05-29 16:34:16.8344 INFO connection successful
2020-05-29 16:34:17.8356 INFO connection successful
2020-05-29 16:34:18.8325 INFO connection successful
2020-05-29 16:34:19.8550 INFO connection successful
2020-05-29 16:34:20.8335 INFO connection successful
2020-05-29 16:34:21.8331 INFO connection successful
2020-05-29 16:34:22.8330 INFO connection successful
2020-05-29 16:34:23.8324 INFO connection successful
2020-05-29 16:34:24.8262 INFO connection successful
2020-05-29 16:34:25.8341 INFO connection successful
2020-05-29 16:34:26.8269 INFO connection successful
2020-05-29 16:34:27.8343 INFO connection successful
2020-05-29 16:34:28.8329 INFO connection successful
2020-05-29 16:34:29.8265 INFO connection successful
2020-05-29 16:35:23.4979 INFO connection successful
2020-05-29 16:35:24.3059 INFO connection successful
2020-05-29 16:35:25.3071 INFO connection successful
2020-05-29 16:35:26.2957 INFO connection successful
2020-05-29 16:35:27.2977 INFO connection successful
2020-05-29 16:35:28.2855 INFO connection successful
2020-05-29 16:35:29.2920 INFO connection successful
2020-05-29 16:35:30.2812 INFO connection successful
2020-05-29 16:35:31.2922 INFO connection successful
2020-05-29 16:35:32.3030 INFO connection successful
2020-05-29 16:35:33.2943 INFO connection successful
2020-05-29 16:35:34.3115 INFO connection successful
2020-05-29 16:35:35.2936 INFO connection successful
2020-05-29 16:35:36.2991 INFO connection successful
2020-05-29 16:35:37.3021 INFO connection successful
2020-05-29 16:35:38.3052 INFO connection successful
2020-05-29 16:35:39.2930 INFO connection successful
2020-05-29 16:35:40.2971 INFO connection successful
2020-05-29 16:35:41.2944 INFO connection successful
2020-05-29 16:35:42.3048 INFO connection successful
2020-05-29 16:35:43.3017 INFO connection successful
2020-05-29 16:35:44.3123 INFO connection successful
2020-05-29 16:35:45.2817 INFO connection successful
2020-05-29 16:58:46.8336 INFO connection successful
2020-05-29 16:58:47.7478 INFO connection successful
2020-05-29 16:58:48.5887 INFO connection successful
2020-05-29 16:58:49.5965 INFO connection successful
2020-05-29 16:58:50.5834 INFO connection successful
2020-05-29 16:58:51.6065 INFO connection successful
2020-05-29 16:58:52.6089 INFO connection successful
2020-05-29 17:02:35.7985 WARN System.InvalidOperationException: Connection must be valid and open.
   at MySql.Data.MySqlClient.MySqlCommand.Throw(Exception ex)
   at MySql.Data.MySqlClient.MySqlCommand.CheckState()
   at MySql.Data.MySqlClient.MySqlCommand.ExecuteReader(CommandBehavior behavior)
   at MySql.Data.MySqlClient.MySqlCommand.ExecuteReader()
   at NURESCADA.MainForm.cbDataSets_Click(Object sender, EventArgs e) in C:\Users\Vladymyr\Source\Repos\OMEGA\MySCADA\Forms\MainForm.cs:line 199
2020-05-29 17:02:36.3196 INFO connection successful
2020-05-29 17:02:37.1040 INFO connection successful
2020-05-29 17:02:38.1183 INFO connection successful
2020-05-29 17:02:39.0939 INFO connection successful
2020-05-29 17:02:40.1007 INFO connection successful
2020-05-29 17:02:41.1129 INFO connection successful
2020-05-29 17:02:42.1011 INFO connection successful
2020-05-29 17:02:43.1050 INFO connection successful
2020-05-29 17:02:44.1105 INFO connection successful
2020-05-29 17:02:45.1153 INFO connection successful
2020-05-29 17:02:46.1124 INFO connection successful
2020-05-29 17:02:47.2432 INFO connection successful
2020-05-29 17:02:48.1019 INFO connection successful
2020-05-29 17:02:49.1195 INFO connection successful
2020-05-29 17:02:50.0989 INFO connection successful
2020-05-29 17:02:51.0991 INFO connection successful
2020-05-29 17:02:52.0974 INFO connection successful
2020-05-29 17:02:53.0936 INFO connection successful
2020-05-29 17:02:54.0960 INFO connection successful
2020-05-29 17:02:55.0989 INFO connection successful
2020-05-29 17:02:56.0978 INFO connection successful
2020-05-29 17:02:57.0949 INFO connection successful
2020-05-29 17:02:58.1006 INFO connection successful
2020-05-29 17:02:59.1001 INFO connection successful
2020-05-29 17:03:00.1150 INFO connection successful
2020-05-29 17:03:01.0996 INFO connection successful
2020-05-29 17:03:02.1071 INFO connection successful
2020-05-29 17:03:03.1140 INFO connection successful
2020-05-29 17:03:04.1188 INFO connection successful
2020-05-29 17:03:05.1008 INFO connection successful
2020-05-29 17:03:06.1157 INFO connection successful
2020-05-29 17:03:07.1010 INFO connection successful
2020-05-29 17:03:08.1154 INFO connection successful
2020-05-29 17:03:09.1194 INFO connection successful
2020-05-29 17:03:10.0918 INFO connection successful
2020-05-29 17:03:11.0947 INFO connection successful
2020-05-29 17:03:12.0986 INFO connection successful
2020-05-29 17:03:13.0926 INFO connection successful
2020-05-29 17:03:14.0940 INFO connection successful
2020-05-29 17:03:15.0966 INFO connection successful
2020-05-29 17:03:16.0954 INFO connection successful
2020-05-29 17:03:17.0917 INFO connection successful
2020-05-29 17:12:55.1962 INFO connection successful
2020-05-29 17:12:56.0069 INFO connection successful
2020-05-29 17:17:07.3022 WARN System.InvalidOperationException: Connection must be valid and open.
   at MySql.Data.MySqlClient.MySqlCommand.Throw(Exception ex)
   at MySql.Data.MySqlClient.MySqlCommand.CheckState()
   at MySql.Data.MySqlClient.MySqlCommand.ExecuteReader(CommandBehavior behavior)
   at MySql.Data.MySqlClient.MySqlCommand.ExecuteReader()
   at NURESCADA.MainForm.cbDataSets_Click(Object sender, EventArgs e) in C:\Users\Vladymyr\Source\Repos\OMEGA\MySCADA\Forms\MainForm.cs:line 199
2020-05-29 17:17:10.4380 WARN System.InvalidOperationException: Connection must be valid and open.
   at MySql.Data.MySqlClient.MySqlCommand.Throw(Exception ex)
   at MySql.Data.MySqlClient.MySqlCommand.CheckState()
   at MySql.Data.MySqlClient.MySqlCommand.ExecuteReader(CommandBehavior behavior)
   at MySql.Data.MySqlClient.MySqlCommand.ExecuteReader()
   at NURESCADA.MainForm.cbDataSets_Click(Object sender, EventArgs e) in C:\Users\Vladymyr\Source\Repos\OMEGA\MySCADA\Forms\MainForm.cs:line 199
2020-05-29 17:17:10.6724 INFO connection successful
2020-05-29 17:17:11.5128 INFO connection successful
2020-05-29 17:17:12.5110 INFO connection successful
2020-05-29 17:17:13.5079 INFO connection successful
2020-05-29 17:17:14.4894 INFO connection successful
2020-05-29 17:17:15.4834 INFO connection successful
2020-05-29 17:17:16.4892 INFO connection successful
2020-05-29 17:17:17.5094 INFO connection successful
2020-05-29 17:17:18.5062 INFO connection successful
2020-05-29 17:17:19.6559 INFO connection successful
2020-05-29 17:17:20.4959 INFO connection successful
2020-05-29 17:17:21.4878 INFO connection successful
2020-05-29 17:17:22.4910 INFO connection successful
2020-05-29 17:17:23.5077 INFO connection successful
2020-05-29 17:17:24.4901 INFO connection successful
2020-05-29 17:17:25.4829 INFO connection successful
2020-05-29 17:17:26.4844 INFO connection successful
2020-05-29 17:17:27.4823 INFO connection successful
2020-05-29 17:17:28.4892 INFO connection successful
2020-05-29 17:17:29.4842 INFO connection successful
2020-05-29 17:17:30.4970 INFO connection successful
2020-05-29 17:17:31.5796 INFO connection successful
2020-05-29 17:17:32.4835 INFO connection successful
2020-05-29 17:17:33.4827 INFO connection successful
2020-05-29 17:17:34.4914 INFO connection successful
2020-05-29 17:17:35.4895 INFO connection successful
2020-05-29 17:17:36.4876 INFO connection successful
2020-05-29 17:17:37.5095 INFO connection successful
2020-05-29 17:17:38.4978 INFO connection successful
2020-05-29 17:17:39.4944 INFO connection successful
2020-05-29 17:17:40.5051 INFO connection successful
2020-05-29 17:17:41.4953 INFO connection successful
2020-05-29 17:17:42.4912 INFO connection successful
2020-05-29 17:17:44.0154 INFO connection successful
2020-05-29 17:17:44.4881 INFO connection successful
2020-05-29 17:17:45.4916 INFO connection successful
2020-05-29 17:17:46.5056 INFO connection successful
2020-05-29 17:17:47.8302 INFO connection successful
2020-05-29 17:17:48.5154 INFO connection successful
2020-05-29 17:17:49.4909 INFO connection successful
2020-05-29 17:17:50.4813 INFO connection successful
2020-05-29 17:17:51.4835 INFO connection successful
2020-05-29 17:17:52.4838 INFO connection successful
2020-05-29 17:17:53.4862 INFO connection successful
2020-05-29 17:17:54.4880 INFO connection successful
2020-05-29 17:17:55.4888 INFO connection successful
2020-05-29 17:17:56.4824 INFO connection successful
2020-05-29 17:17:57.4887 INFO connection successful
2020-05-29 17:17:58.4858 INFO connection successful
2020-05-29 17:17:59.4874 INFO connection successful
2020-05-29 17:18:00.4878 INFO connection successful
2020-05-29 17:18:01.6870 INFO connection successful
2020-05-29 17:18:02.4844 INFO connection successful
2020-05-29 17:18:03.4886 INFO connection successful
2020-05-29 17:18:04.4923 INFO connection successful
2020-05-29 17:18:05.5049 INFO connection successful
2020-05-29 17:18:06.5023 INFO connection successful
2020-05-29 17:18:07.4993 INFO connection successful
2020-05-29 17:18:08.4886 INFO connection successful
2020-05-29 17:18:09.4956 INFO connection successful
2020-05-29 17:18:10.6762 INFO connection successful
2020-05-29 17:18:11.4883 INFO connection successful
2020-05-29 17:18:12.4825 INFO connection successful
2020-05-29 17:18:13.4890 INFO connection successful
2020-05-29 17:18:14.4834 INFO connection successful
2020-05-29 17:18:15.4860 INFO connection successful
2020-05-29 17:18:16.4878 INFO connection successful
2020-05-29 17:18:17.4880 INFO connection successful
2020-05-29 17:18:18.4835 INFO connection successful
2020-05-29 17:18:19.4904 INFO connection successful
2020-05-29 17:18:20.4815 INFO connection successful
2020-05-29 17:18:21.4836 INFO connection successful
2020-05-29 17:18:22.4882 INFO connection successful
2020-05-29 17:18:23.7154 INFO connection successful
2020-05-29 17:18:24.4836 INFO connection successful
2020-05-29 17:18:25.4890 INFO connection successful
2020-05-29 17:18:26.4822 INFO connection successful
2020-05-29 17:18:27.4841 INFO connection successful
2020-05-29 17:18:28.4849 INFO connection successful
2020-05-29 17:18:29.4872 INFO connection successful
2020-05-29 17:18:30.4837 INFO connection successful
2020-05-29 17:18:31.4871 INFO connection successful
2020-05-29 17:18:32.4812 INFO connection successful
2020-05-29 17:18:33.4887 INFO connection successful
2020-05-29 17:18:34.4886 INFO connection successful
2020-05-29 17:18:35.4886 INFO connection successful
2020-05-29 17:18:36.4848 INFO connection successful
2020-05-29 17:18:37.4869 INFO connection successful
2020-05-29 17:18:38.4816 INFO connection successful
2020-05-29 17:18:39.4888 INFO connection successful
2020-05-29 17:18:40.4841 INFO connection successful
2020-05-29 17:18:41.4888 INFO connection successful
2020-05-29 17:18:42.4865 INFO connection successful
2020-05-29 17:18:43.4883 INFO connection successful
2020-05-29 17:18:44.4823 INFO connection successful
2020-05-29 17:18:45.4887 INFO connection successful
2020-05-29 17:18:46.4875 INFO connection successful
2020-05-29 17:18:47.4884 INFO connection successful
2020-05-29 17:18:48.5190 INFO connection successful
2020-05-29 17:18:49.5052 INFO connection successful
2020-05-29 17:18:50.4899 INFO connection successful
2020-05-29 17:18:51.4832 INFO connection successful
2020-05-29 17:18:52.4888 INFO connection successful
2020-05-29 17:18:53.4863 INFO connection successful
2020-05-29 17:18:54.4890 INFO connection successful
2020-05-29 17:18:55.4828 INFO connection successful
2020-05-29 17:18:56.4882 INFO connection successful
2020-05-29 17:18:57.4862 INFO connection successful
2020-05-29 17:18:58.4806 INFO connection successful
2020-05-29 17:18:59.4890 INFO connection successful
2020-05-29 17:19:00.4903 INFO connection successful
2020-05-29 17:19:01.4838 INFO connection successful
